[INFO] Scanning for projects...
[INFO]
[INFO] --------------------< edu.hm.hafner:analysis-model >--------------------
[INFO] Building Static Analysis Model and Parsers 5.0.0-SNAPSHOT
[INFO] --------------------------------[ jar ]---------------------------------
[INFO]
[INFO] --- maven-clean-plugin:3.1.0:clean (default-clean) @ analysis-model ---
[INFO] Deleting /home/platypus/Documents/testing_of_enterprise_applications/warnings-ng-plugin-devenv/analysis-model/target
[INFO]
[INFO] --- maven-resources-plugin:3.1.0:resources (default-resources) @ analysis-model ---
[INFO] Using 'UTF-8' encoding to copy filtered resources.
[INFO] Copying 6 resources
[INFO] skip non existing resourceDirectory /home/platypus/Documents/testing_of_enterprise_applications/warnings-ng-plugin-devenv/analysis-model/src/main/resources
[INFO]
[INFO] --- maven-compiler-plugin:3.8.0:compile (default-compile) @ analysis-model ---
[INFO] Changes detected - recompiling the module!
[INFO] Compiling 174 source files to /home/platypus/Documents/testing_of_enterprise_applications/warnings-ng-plugin-devenv/analysis-model/target/classes
[WARNING] /home/platypus/Documents/testing_of_enterprise_applications/warnings-ng-plugin-devenv/analysis-model/src/main/java/edu/hm/hafner/analysis/parser/YuiCompressorParser.java:[10,30] edu.hm.hafner.analysis.RegexpDocumentParser in edu.hm.hafner.analysis has been deprecated
[WARNING] /home/platypus/Documents/testing_of_enterprise_applications/warnings-ng-plugin-devenv/analysis-model/src/main/java/edu/hm/hafner/analysis/parser/DrMemoryParser.java:[12,30] edu.hm.hafner.analysis.RegexpDocumentParser in edu.hm.hafner.analysis has been deprecated
[WARNING] /home/platypus/Documents/testing_of_enterprise_applications/warnings-ng-plugin-devenv/analysis-model/src/main/java/edu/hm/hafner/analysis/parser/NagFortranParser.java:[11,30] edu.hm.hafner.analysis.RegexpDocumentParser in edu.hm.hafner.analysis has been deprecated
[WARNING] /home/platypus/Documents/testing_of_enterprise_applications/warnings-ng-plugin-devenv/analysis-model/src/main/java/edu/hm/hafner/analysis/parser/GhsMultiParser.java:[11,30] edu.hm.hafner.analysis.RegexpDocumentParser in edu.hm.hafner.analysis has been deprecated
[WARNING] /home/platypus/Documents/testing_of_enterprise_applications/warnings-ng-plugin-devenv/analysis-model/src/main/java/edu/hm/hafner/analysis/parser/GnuFortranParser.java:[10,30] edu.hm.hafner.analysis.RegexpDocumentParser in edu.hm.hafner.analysis has been deprecated
[WARNING] /home/platypus/Documents/testing_of_enterprise_applications/warnings-ng-plugin-devenv/analysis-model/src/main/java/edu/hm/hafner/analysis/Report.java:[83,44] [ConstructorLeaksThis] Constructors should not pass the 'this' reference out in method invocations, since the object may not be fully constructed.
    (see https://errorprone.info/bugpattern/ConstructorLeaksThis)
[WARNING] /home/platypus/Documents/testing_of_enterprise_applications/warnings-ng-plugin-devenv/analysis-model/src/main/java/edu/hm/hafner/analysis/Report.java:[101,44] [ConstructorLeaksThis] Constructors should not pass the 'this' reference out in method invocations, since the object may not be fully constructed.
    (see https://errorprone.info/bugpattern/ConstructorLeaksThis)
[WARNING] /home/platypus/Documents/testing_of_enterprise_applications/warnings-ng-plugin-devenv/analysis-model/src/main/java/edu/hm/hafner/analysis/Report.java:[1073,35] [UngroupedOverloads] Overloads of 'setExcludeMessageFilter' are not grouped together; found ungrouped overloads on line(s): 1091
    (see https://google.github.io/styleguide/javaguide.html#s3.4.2.1-overloads-never-split)
  Did you mean to remove this line?
[WARNING] /home/platypus/Documents/testing_of_enterprise_applications/warnings-ng-plugin-devenv/analysis-model/src/main/java/edu/hm/hafner/analysis/Report.java:[1091,35] [UngroupedOverloads] Overloads of 'setExcludeMessageFilter' are not grouped together; found ungrouped overloads on line(s): 1073
    (see https://google.github.io/styleguide/javaguide.html#s3.4.2.1-overloads-never-split)
  Did you mean to remove this line?
[WARNING] /home/platypus/Documents/testing_of_enterprise_applications/warnings-ng-plugin-devenv/analysis-model/src/main/java/edu/hm/hafner/analysis/Report.java:[768,33] [NoFunctionalReturnType] Instead of returning a functional type, return the actual type that the returned function would return and use lambdas at use site.
    (see https://errorprone.info/bugpattern/NoFunctionalReturnType)
[WARNING] /home/platypus/Documents/testing_of_enterprise_applications/warnings-ng-plugin-devenv/analysis-model/src/main/java/edu/hm/hafner/analysis/parser/YuiCompressorParser.java:[15,42] edu.hm.hafner.analysis.RegexpDocumentParser in edu.hm.hafner.analysis has been deprecated
[WARNING] /home/platypus/Documents/testing_of_enterprise_applications/warnings-ng-plugin-devenv/analysis-model/src/main/java/edu/hm/hafner/analysis/parser/YuiCompressorParser.java:[34,47] [BooleanParameter] Use parameter comments to document ambiguous literals
    (see https://errorprone.info/bugpattern/BooleanParameter)
  Did you mean 'super(YUI_COMPRESSOR_WARNING_PATTERN, /* useMultiLine= */true);'?
[WARNING] /home/platypus/Documents/testing_of_enterprise_applications/warnings-ng-plugin-devenv/analysis-model/src/main/java/edu/hm/hafner/analysis/IssueBuilder.java:[86,74] [NullAway] passing @Nullable parameter 'fileName' where @NonNull is required
    (see http://t.uber.com/nullaway )
[WARNING] /home/platypus/Documents/testing_of_enterprise_applications/warnings-ng-plugin-devenv/analysis-model/src/main/java/edu/hm/hafner/analysis/FileReaderFactory.java:[33,21] [FieldCanBeFinal] This field is only assigned during initialization; consider making it final
    (see https://errorprone.info/bugpattern/FieldCanBeFinal)
  Did you mean 'private final boolean charsetUndetected;'?
[WARNING] /home/platypus/Documents/testing_of_enterprise_applications/warnings-ng-plugin-devenv/analysis-model/src/main/java/edu/hm/hafner/analysis/FileReaderFactory.java:[43,12] [NullAway] initializer method does not guarantee @NonNull field charset is initialized along all control-flow paths (remember to check for exceptions or early returns).
    (see http://t.uber.com/nullaway )
[WARNING] /home/platypus/Documents/testing_of_enterprise_applications/warnings-ng-plugin-devenv/analysis-model/src/main/java/edu/hm/hafner/analysis/FileReaderFactory.java:[46,22] [FieldMissingNullable] May assign null to field
    (see https://errorprone.info/bugpattern/FieldMissingNullable)
  Did you mean '@Nullable private Charset charset;'?
[WARNING] /home/platypus/Documents/testing_of_enterprise_applications/warnings-ng-plugin-devenv/analysis-model/src/main/java/edu/hm/hafner/analysis/FileReaderFactory.java:[46,22] [NullAway] assigning @Nullable expression to @NonNull field
    (see http://t.uber.com/nullaway )
[WARNING] /home/platypus/Documents/testing_of_enterprise_applications/warnings-ng-plugin-devenv/analysis-model/src/main/java/edu/hm/hafner/analysis/FileReaderFactory.java:[83,30] [DefaultCharset] Implicit use of the platform default charset, which can result in differing behaviour between JVM executions or incorrect behavior if the encoding of the data source doesn't match expectations.
    (see https://errorprone.info/bugpattern/DefaultCharset)
  Did you mean 'try (Reader reader = new InputStreamReader(inputStream, UTF_8)) {' or 'try (Reader reader = new InputStreamReader(inputStream, Charset.defaultCharset())) {'?
[WARNING] /home/platypus/Documents/testing_of_enterprise_applications/warnings-ng-plugin-devenv/analysis-model/src/main/java/edu/hm/hafner/analysis/FileReaderFactory.java:[94,9] [ReturnMissingNullable] May return null
    (see https://errorprone.info/bugpattern/ReturnMissingNullable)
  Did you mean '@Nullable private Charset detectCharset(final InputStream inputStream) throws IOException {'?
[WARNING] /home/platypus/Documents/testing_of_enterprise_applications/warnings-ng-plugin-devenv/analysis-model/src/main/java/edu/hm/hafner/analysis/FileReaderFactory.java:[94,9] [NullAway] returning @Nullable expression from method with @NonNull return type
    (see http://t.uber.com/nullaway )
[WARNING] /home/platypus/Documents/testing_of_enterprise_applications/warnings-ng-plugin-devenv/analysis-model/src/main/java/edu/hm/hafner/analysis/FilteredLog.java:[112,107] [FormatStringAnnotation] Format strings must be compile time constants or parameters annotated @FormatString: s
    (see https://errorprone.info/bugpattern/FormatStringAnnotation)
[WARNING] /home/platypus/Documents/testing_of_enterprise_applications/warnings-ng-plugin-devenv/analysis-model/src/main/java/edu/hm/hafner/util/PathUtil.java:[94,36] [NullAway] passing @Nullable parameter 'directory' where @NonNull is required
    (see http://t.uber.com/nullaway )
[WARNING] /home/platypus/Documents/testing_of_enterprise_applications/warnings-ng-plugin-devenv/analysis-model/src/main/java/edu/hm/hafner/analysis/parser/DrMemoryParser.java:[22,37] edu.hm.hafner.analysis.RegexpDocumentParser in edu.hm.hafner.analysis has been deprecated
[WARNING] /home/platypus/Documents/testing_of_enterprise_applications/warnings-ng-plugin-devenv/analysis-model/src/main/java/edu/hm/hafner/analysis/parser/DrMemoryParser.java:[74,42] [BooleanParameter] Use parameter comments to document ambiguous literals
    (see https://errorprone.info/bugpattern/BooleanParameter)
  Did you mean 'super(DR_MEMORY_WARNING_PATTERN, /* useMultiLine= */false);'?
[WARNING] /home/platypus/Documents/testing_of_enterprise_applications/warnings-ng-plugin-devenv/analysis-model/src/main/java/edu/hm/hafner/analysis/parser/NagFortranParser.java:[18,39] edu.hm.hafner.analysis.RegexpDocumentParser in edu.hm.hafner.analysis has been deprecated
[WARNING] /home/platypus/Documents/testing_of_enterprise_applications/warnings-ng-plugin-devenv/analysis-model/src/main/java/edu/hm/hafner/analysis/parser/NagFortranParser.java:[29,35] [BooleanParameter] Use parameter comments to document ambiguous literals
    (see https://errorprone.info/bugpattern/BooleanParameter)
  Did you mean 'super(NAGFOR_MSG_PATTERN, /* useMultiLine= */true);'?
[WARNING] /home/platypus/Documents/testing_of_enterprise_applications/warnings-ng-plugin-devenv/analysis-model/src/main/java/edu/hm/hafner/analysis/parser/checkstyle/CheckStyleParser.java:[17,1] [RemoveUnusedImports] Unused imports
    (see https://errorprone.info/bugpattern/RemoveUnusedImports)
  Did you mean to remove this line?
[WARNING] /home/platypus/Documents/testing_of_enterprise_applications/warnings-ng-plugin-devenv/analysis-model/src/main/java/edu/hm/hafner/analysis/PackageNameResolver.java:[65,38] [NoFunctionalReturnType] Instead of returning a functional type, return the actual type that the returned function would return and use lambdas at use site.
    (see https://errorprone.info/bugpattern/NoFunctionalReturnType)
[WARNING] /home/platypus/Documents/testing_of_enterprise_applications/warnings-ng-plugin-devenv/analysis-model/src/main/java/edu/hm/hafner/analysis/parser/GhsMultiParser.java:[18,37] edu.hm.hafner.analysis.RegexpDocumentParser in edu.hm.hafner.analysis has been deprecated
[WARNING] /home/platypus/Documents/testing_of_enterprise_applications/warnings-ng-plugin-devenv/analysis-model/src/main/java/edu/hm/hafner/analysis/parser/GhsMultiParser.java:[28,42] [BooleanParameter] Use parameter comments to document ambiguous literals
    (see https://errorprone.info/bugpattern/BooleanParameter)
  Did you mean 'super(GHS_MULTI_WARNING_PATTERN, /* useMultiLine= */true);'?
[WARNING] /home/platypus/Documents/testing_of_enterprise_applications/warnings-ng-plugin-devenv/analysis-model/src/main/java/edu/hm/hafner/analysis/parser/GnuFortranParser.java:[17,39] edu.hm.hafner.analysis.RegexpDocumentParser in edu.hm.hafner.analysis has been deprecated
[WARNING] /home/platypus/Documents/testing_of_enterprise_applications/warnings-ng-plugin-devenv/analysis-model/src/main/java/edu/hm/hafner/analysis/parser/GnuFortranParser.java:[36,37] [BooleanParameter] Use parameter comments to document ambiguous literals
    (see https://errorprone.info/bugpattern/BooleanParameter)
  Did you mean 'super(GFORTRAN_MSG_PATTERN, /* useMultiLine= */true);'?
[INFO]
[INFO] --- maven-resources-plugin:3.1.0:testResources (default-testResources) @ analysis-model ---
[INFO] Using 'UTF-8' encoding to copy filtered resources.
[INFO] Copying 300 resources
[INFO]
[INFO] --- maven-compiler-plugin:3.8.0:testCompile (default-testCompile) @ analysis-model ---
[INFO] Changes detected - recompiling the module!
[INFO] Compiling 130 source files to /home/platypus/Documents/testing_of_enterprise_applications/warnings-ng-plugin-devenv/analysis-model/target/test-classes
[WARNING] /home/platypus/Documents/testing_of_enterprise_applications/warnings-ng-plugin-devenv/analysis-model/src/test/java/edu/hm/hafner/analysis/parser/MsBuildParserTest.java:[711,75] [UnescapedEntity] This HTML entity is invalid. Enclosing the code in this <pre>/<code> tag with a {@code } block will force Javadoc to interpret HTML literally.
    (see https://errorprone.info/bugpattern/UnescapedEntity)
  Did you mean '* Update regular expression to detect logging prefixes like <pre>{@code 17:4>}</pre>.'?
[WARNING] /home/platypus/Documents/testing_of_enterprise_applications/warnings-ng-plugin-devenv/analysis-model/src/test/java/edu/hm/hafner/analysis/parser/dry/dupfinder/DupFinderParserTest.java:[71,53] [NullAway] passing @Nullable parameter 'publisher.getAdditionalProperties()' where @NonNull is required
    (see http://t.uber.com/nullaway )
[WARNING] /home/platypus/Documents/testing_of_enterprise_applications/warnings-ng-plugin-devenv/analysis-model/src/test/java/edu/hm/hafner/util/TreeStringBuilderTest.java:[43,48] [NullAway] dereferenced expression otherMiddleChild.getParent() is @Nullable
    (see http://t.uber.com/nullaway )
[INFO]
[INFO] --- maven-surefire-plugin:3.0.0-M3:test (default-test) @ analysis-model ---
Downloading from central: https://repo.maven.apache.org/maven2/com/tngtech/archunit/archunit-junit5-engine/0.10.2/archunit-junit5-engine-0.10.2.jar
Downloading from central: https://repo.maven.apache.org/maven2/com/tngtech/archunit/archunit-junit5-api/0.10.2/archunit-junit5-api-0.10.2.jar
Downloading from central: https://repo.maven.apache.org/maven2/com/tngtech/archunit/archunit/0.10.2/archunit-0.10.2.jar
Downloading from central: https://repo.maven.apache.org/maven2/com/tngtech/archunit/archunit-junit5-engine-api/0.10.2/archunit-junit5-engine-api-0.10.2.jar
Downloaded from central: https://repo.maven.apache.org/maven2/com/tngtech/archunit/archunit-junit5-engine-api/0.10.2/archunit-junit5-engine-api-0.10.2.jar (0 B at 0 B/s)
Downloaded from central: https://repo.maven.apache.org/maven2/com/tngtech/archunit/archunit-junit5-engine/0.10.2/archunit-junit5-engine-0.10.2.jar (0 B at 0 B/s)
Downloaded from central: https://repo.maven.apache.org/maven2/com/tngtech/archunit/archunit-junit5-api/0.10.2/archunit-junit5-api-0.10.2.jar (0 B at 0 B/s)
Downloaded from central: https://repo.maven.apache.org/maven2/com/tngtech/archunit/archunit/0.10.2/archunit-0.10.2.jar (0 B at 0 B/s)
Downloading from central: https://repo.maven.apache.org/maven2/org/apache/maven/surefire/surefire-junit-platform/3.0.0-M3/surefire-junit-platform-3.0.0-M3.jar
Downloaded from central: https://repo.maven.apache.org/maven2/org/apache/maven/surefire/surefire-junit-platform/3.0.0-M3/surefire-junit-platform-3.0.0-M3.jar (0 B at 0 B/s)
Downloading from central: https://repo.maven.apache.org/maven2/org/apache/maven/surefire/surefire-junit-platform/3.0.0-M3/surefire-junit-platform-3.0.0-M3.pom
Downloaded from central: https://repo.maven.apache.org/maven2/org/apache/maven/surefire/surefire-junit-platform/3.0.0-M3/surefire-junit-platform-3.0.0-M3.pom (0 B at 0 B/s)
Downloading from central: https://repo.maven.apache.org/maven2/org/apache/maven/surefire/surefire-providers/3.0.0-M3/surefire-providers-3.0.0-M3.pom
Downloaded from central: https://repo.maven.apache.org/maven2/org/apache/maven/surefire/surefire-providers/3.0.0-M3/surefire-providers-3.0.0-M3.pom (0 B at 0 B/s)
Downloading from central: https://repo.maven.apache.org/maven2/org/apache/maven/surefire/common-java5/3.0.0-M3/common-java5-3.0.0-M3.pom
Downloaded from central: https://repo.maven.apache.org/maven2/org/apache/maven/surefire/common-java5/3.0.0-M3/common-java5-3.0.0-M3.pom (0 B at 0 B/s)
Downloading from central: https://repo.maven.apache.org/maven2/org/junit/platform/junit-platform-launcher/1.3.1/junit-platform-launcher-1.3.1.pom
Downloaded from central: https://repo.maven.apache.org/maven2/org/junit/platform/junit-platform-launcher/1.3.1/junit-platform-launcher-1.3.1.pom (0 B at 0 B/s)
Downloading from central: https://repo.maven.apache.org/maven2/org/junit/platform/junit-platform-engine/1.3.1/junit-platform-engine-1.3.1.pom
Downloaded from central: https://repo.maven.apache.org/maven2/org/junit/platform/junit-platform-engine/1.3.1/junit-platform-engine-1.3.1.pom (0 B at 0 B/s)
Downloading from central: https://repo.maven.apache.org/maven2/org/junit/platform/junit-platform-commons/1.3.1/junit-platform-commons-1.3.1.pom
Downloaded from central: https://repo.maven.apache.org/maven2/org/junit/platform/junit-platform-commons/1.3.1/junit-platform-commons-1.3.1.pom (0 B at 0 B/s)
Downloading from central: https://repo.maven.apache.org/maven2/org/apache/maven/surefire/common-java5/3.0.0-M3/common-java5-3.0.0-M3.jar
Downloading from central: https://repo.maven.apache.org/maven2/org/junit/platform/junit-platform-launcher/1.3.1/junit-platform-launcher-1.3.1.jar
Downloading from central: https://repo.maven.apache.org/maven2/org/junit/platform/junit-platform-commons/1.3.1/junit-platform-commons-1.3.1.jar
Downloading from central: https://repo.maven.apache.org/maven2/org/junit/platform/junit-platform-engine/1.3.1/junit-platform-engine-1.3.1.jar
Downloaded from central: https://repo.maven.apache.org/maven2/org/apache/maven/surefire/common-java5/3.0.0-M3/common-java5-3.0.0-M3.jar (0 B at 0 B/s)
Downloaded from central: https://repo.maven.apache.org/maven2/org/junit/platform/junit-platform-launcher/1.3.1/junit-platform-launcher-1.3.1.jar (0 B at 0 B/s)
Downloaded from central: https://repo.maven.apache.org/maven2/org/junit/platform/junit-platform-commons/1.3.1/junit-platform-commons-1.3.1.jar (0 B at 0 B/s)
Downloaded from central: https://repo.maven.apache.org/maven2/org/junit/platform/junit-platform-engine/1.3.1/junit-platform-engine-1.3.1.jar (0 B at 0 B/s)
[INFO]
[INFO] -------------------------------------------------------
[INFO]  T E S T S
[INFO] -------------------------------------------------------
SLF4J: Failed to load class "org.slf4j.impl.StaticLoggerBinder".
SLF4J: Defaulting to no-operation (NOP) logger implementation
SLF4J: See http://www.slf4j.org/codes.html#StaticLoggerBinder for further details.
[INFO] Running edu.hm.hafner.util.IntegerParserTest
[INFO] Tests run: 7, Failures: 0, Errors: 0, Skipped: 0, Time elapsed: 0.168 s - in edu.hm.hafner.util.IntegerParserTest
[INFO] Running edu.hm.hafner.util.LookaheadStreamTest
[INFO] Tests run: 5, Failures: 0, Errors: 0, Skipped: 0, Time elapsed: 1.386 s - in edu.hm.hafner.util.LookaheadStreamTest
[INFO] Running edu.hm.hafner.util.StringContainsUtilsTest
[INFO] Tests run: 2, Failures: 0, Errors: 0, Skipped: 0, Time elapsed: 0 s - in edu.hm.hafner.util.StringContainsUtilsTest
[INFO] Running edu.hm.hafner.util.EnsureTest
[INFO] Tests run: 5, Failures: 0, Errors: 0, Skipped: 0, Time elapsed: 0.438 s - in edu.hm.hafner.util.EnsureTest
[INFO] Running edu.hm.hafner.util.PathUtilTest
[WARNING] Tests run: 5, Failures: 0, Errors: 0, Skipped: 2, Time elapsed: 0.927 s - in edu.hm.hafner.util.PathUtilTest
[INFO] Running edu.hm.hafner.util.TreeStringBuilderTest
[INFO] Tests run: 3, Failures: 0, Errors: 0, Skipped: 0, Time elapsed: 0.042 s - in edu.hm.hafner.util.TreeStringBuilderTest
[INFO] Running edu.hm.hafner.analysis.CSharpNamespaceDetectorTest
[INFO] Tests run: 7, Failures: 0, Errors: 0, Skipped: 0, Time elapsed: 0.086 s - in edu.hm.hafner.analysis.CSharpNamespaceDetectorTest
[INFO] Running edu.hm.hafner.analysis.IssueBuilderTest
[INFO] Tests run: 35, Failures: 0, Errors: 0, Skipped: 0, Time elapsed: 0.162 s - in edu.hm.hafner.analysis.IssueBuilderTest
[INFO] Running edu.hm.hafner.analysis.FileReaderFactoryTest
[INFO] Tests run: 6, Failures: 0, Errors: 0, Skipped: 0, Time elapsed: 0.193 s - in edu.hm.hafner.analysis.FileReaderFactoryTest
[INFO] Running edu.hm.hafner.analysis.ModuleResolverTest
[INFO] Tests run: 1, Failures: 0, Errors: 0, Skipped: 0, Time elapsed: 0.07 s - in edu.hm.hafner.analysis.ModuleResolverTest
[INFO] Running edu.hm.hafner.analysis.SeverityTest
[INFO] Tests run: 6, Failures: 0, Errors: 0, Skipped: 0, Time elapsed: 0.009 s - in edu.hm.hafner.analysis.SeverityTest
[INFO] Running edu.hm.hafner.analysis.IssueTest
[INFO] Tests run: 13, Failures: 0, Errors: 0, Skipped: 0, Time elapsed: 0.932 s - in edu.hm.hafner.analysis.IssueTest
[INFO] Running edu.hm.hafner.analysis.FingerprintGeneratorTest
[INFO] Tests run: 8, Failures: 0, Errors: 0, Skipped: 0, Time elapsed: 0.059 s - in edu.hm.hafner.analysis.FingerprintGeneratorTest
[INFO] Running edu.hm.hafner.analysis.IssueFilterTest
[INFO] Tests run: 24, Failures: 0, Errors: 0, Skipped: 0, Time elapsed: 0.062 s - in edu.hm.hafner.analysis.IssueFilterTest
[INFO] Running edu.hm.hafner.analysis.FullTextFingerprintTest
[INFO] Tests run: 3, Failures: 0, Errors: 0, Skipped: 0, Time elapsed: 0.001 s - in edu.hm.hafner.analysis.FullTextFingerprintTest
[INFO] Running edu.hm.hafner.analysis.LineRangeListTest
[INFO] Tests run: 6, Failures: 0, Errors: 0, Skipped: 0, Time elapsed: 0.025 s - in edu.hm.hafner.analysis.LineRangeListTest
[INFO] Running edu.hm.hafner.analysis.ModuleDetectorTest
[INFO] Tests run: 10, Failures: 0, Errors: 0, Skipped: 0, Time elapsed: 0.42 s - in edu.hm.hafner.analysis.ModuleDetectorTest
[INFO] Running edu.hm.hafner.analysis.PackageNameResolverTest
[INFO] Tests run: 4, Failures: 0, Errors: 0, Skipped: 0, Time elapsed: 0.039 s - in edu.hm.hafner.analysis.PackageNameResolverTest
[INFO] Running edu.hm.hafner.analysis.FilteredLogTest
[INFO] Tests run: 4, Failures: 0, Errors: 0, Skipped: 0, Time elapsed: 0.025 s - in edu.hm.hafner.analysis.FilteredLogTest
[INFO] Running edu.hm.hafner.analysis.PackageDetectorsTest
[INFO] Tests run: 4, Failures: 0, Errors: 0, Skipped: 0, Time elapsed: 0.021 s - in edu.hm.hafner.analysis.PackageDetectorsTest
[INFO] Running edu.hm.hafner.analysis.JavaPackageDetectorTest
[INFO] Tests run: 5, Failures: 0, Errors: 0, Skipped: 0, Time elapsed: 0.005 s - in edu.hm.hafner.analysis.JavaPackageDetectorTest
[INFO] Running edu.hm.hafner.analysis.ReportTest
[INFO] Tests run: 31, Failures: 0, Errors: 0, Skipped: 0, Time elapsed: 0.724 s - in edu.hm.hafner.analysis.ReportTest
[INFO] Running edu.hm.hafner.analysis.parser.JcReportParserTest
[INFO] Tests run: 5, Failures: 0, Errors: 0, Skipped: 0, Time elapsed: 0.119 s - in edu.hm.hafner.analysis.parser.JcReportParserTest
[INFO] Running edu.hm.hafner.analysis.parser.SonarQubeDiffParserTest
[INFO] Tests run: 4, Failures: 0, Errors: 0, Skipped: 0, Time elapsed: 0.062 s - in edu.hm.hafner.analysis.parser.SonarQubeDiffParserTest
[INFO] Running edu.hm.hafner.analysis.parser.GnuFortranParserTest
[INFO] Tests run: 6, Failures: 0, Errors: 0, Skipped: 0, Time elapsed: 0.047 s - in edu.hm.hafner.analysis.parser.GnuFortranParserTest
[INFO] Running edu.hm.hafner.analysis.parser.JavaDocParserTest
[INFO] Tests run: 11, Failures: 0, Errors: 0, Skipped: 0, Time elapsed: 0.11 s - in edu.hm.hafner.analysis.parser.JavaDocParserTest
[INFO] Running edu.hm.hafner.analysis.parser.HpiCompileParserTest
[INFO] Tests run: 2, Failures: 0, Errors: 0, Skipped: 0, Time elapsed: 0.007 s - in edu.hm.hafner.analysis.parser.HpiCompileParserTest
[INFO] Running edu.hm.hafner.analysis.parser.RuboCopParserTest
[INFO] Tests run: 2, Failures: 0, Errors: 0, Skipped: 0, Time elapsed: 0.012 s - in edu.hm.hafner.analysis.parser.RuboCopParserTest
[INFO] Running edu.hm.hafner.analysis.parser.TaglistParserTest
[INFO] Tests run: 2, Failures: 0, Errors: 0, Skipped: 0, Time elapsed: 0.094 s - in edu.hm.hafner.analysis.parser.TaglistParserTest
[INFO] Running edu.hm.hafner.analysis.parser.PerlCriticParserTest
[INFO] Tests run: 4, Failures: 0, Errors: 0, Skipped: 0, Time elapsed: 0.069 s - in edu.hm.hafner.analysis.parser.PerlCriticParserTest
[INFO] Running edu.hm.hafner.analysis.parser.PylintParserTest
[INFO] Tests run: 3, Failures: 0, Errors: 0, Skipped: 0, Time elapsed: 0.111 s - in edu.hm.hafner.analysis.parser.PylintParserTest
[INFO] Running edu.hm.hafner.analysis.parser.AjcParserTest
[INFO] Tests run: 2, Failures: 0, Errors: 0, Skipped: 0, Time elapsed: 0.035 s - in edu.hm.hafner.analysis.parser.AjcParserTest
[INFO] Running edu.hm.hafner.analysis.parser.JavacParserTest
[INFO] Tests run: 11, Failures: 0, Errors: 0, Skipped: 0, Time elapsed: 0.104 s - in edu.hm.hafner.analysis.parser.JavacParserTest
[INFO] Running edu.hm.hafner.analysis.parser.TaskingVxCompilerParserTest
[INFO] Tests run: 2, Failures: 0, Errors: 0, Skipped: 0, Time elapsed: 0.018 s - in edu.hm.hafner.analysis.parser.TaskingVxCompilerParserTest
[INFO] Running edu.hm.hafner.analysis.parser.GccParserTest
[INFO] Tests run: 12, Failures: 0, Errors: 0, Skipped: 0, Time elapsed: 0.116 s - in edu.hm.hafner.analysis.parser.GccParserTest
[INFO] Running edu.hm.hafner.analysis.parser.TiCcsParserTest
[INFO] Tests run: 2, Failures: 0, Errors: 0, Skipped: 0, Time elapsed: 0.015 s - in edu.hm.hafner.analysis.parser.TiCcsParserTest
[INFO] Running edu.hm.hafner.analysis.parser.ErlcParserTest
[INFO] Tests run: 2, Failures: 0, Errors: 0, Skipped: 0, Time elapsed: 0.011 s - in edu.hm.hafner.analysis.parser.ErlcParserTest
[INFO] Running edu.hm.hafner.analysis.parser.GendarmeParserTest
[INFO] Tests run: 2, Failures: 0, Errors: 0, Skipped: 0, Time elapsed: 0.056 s - in edu.hm.hafner.analysis.parser.GendarmeParserTest
[INFO] Running edu.hm.hafner.analysis.parser.ScalacParserTest
[INFO] Tests run: 2, Failures: 0, Errors: 0, Skipped: 0, Time elapsed: 0.011 s - in edu.hm.hafner.analysis.parser.ScalacParserTest
[INFO] Running edu.hm.hafner.analysis.parser.RfLintParserTest
[INFO] Tests run: 2, Failures: 0, Errors: 0, Skipped: 0, Time elapsed: 0.075 s - in edu.hm.hafner.analysis.parser.RfLintParserTest
[INFO] Running edu.hm.hafner.analysis.parser.CargoCheckParserTest
[INFO] Tests run: 2, Failures: 0, Errors: 0, Skipped: 0, Time elapsed: 0.013 s - in edu.hm.hafner.analysis.parser.CargoCheckParserTest
[INFO] Running edu.hm.hafner.analysis.parser.violations.AndroidLintParserAdapterTest
[INFO] Tests run: 2, Failures: 0, Errors: 0, Skipped: 0, Time elapsed: 0.039 s - in edu.hm.hafner.analysis.parser.violations.AndroidLintParserAdapterTest
[INFO] Running edu.hm.hafner.analysis.parser.violations.ZptLintAdapterTest
[INFO] Tests run: 2, Failures: 0, Errors: 0, Skipped: 0, Time elapsed: 0.005 s - in edu.hm.hafner.analysis.parser.violations.ZptLintAdapterTest
[INFO] Running edu.hm.hafner.analysis.parser.violations.XmlLintAdapterTest
[INFO] Tests run: 2, Failures: 0, Errors: 0, Skipped: 0, Time elapsed: 0.007 s - in edu.hm.hafner.analysis.parser.violations.XmlLintAdapterTest
[INFO] Running edu.hm.hafner.analysis.parser.violations.MyPyAdapterTest
[INFO] Tests run: 2, Failures: 0, Errors: 0, Skipped: 0, Time elapsed: 0.007 s - in edu.hm.hafner.analysis.parser.violations.MyPyAdapterTest
[INFO] Running edu.hm.hafner.analysis.parser.violations.DocFxAdapterTest
[INFO] Tests run: 3, Failures: 0, Errors: 0, Skipped: 0, Time elapsed: 0.053 s - in edu.hm.hafner.analysis.parser.violations.DocFxAdapterTest
[INFO] Running edu.hm.hafner.analysis.parser.violations.YamlLintAdapterTest
[INFO] Tests run: 2, Failures: 0, Errors: 0, Skipped: 0, Time elapsed: 0.004 s - in edu.hm.hafner.analysis.parser.violations.YamlLintAdapterTest
[INFO] Running edu.hm.hafner.analysis.parser.violations.JsHintAdapterTest
[INFO] Tests run: 2, Failures: 0, Errors: 0, Skipped: 0, Time elapsed: 0.01 s - in edu.hm.hafner.analysis.parser.violations.JsHintAdapterTest
[INFO] Running edu.hm.hafner.analysis.parser.violations.Flake8AdapterTest
[INFO] Tests run: 4, Failures: 0, Errors: 0, Skipped: 0, Time elapsed: 0.011 s - in edu.hm.hafner.analysis.parser.violations.Flake8AdapterTest
[INFO] Running edu.hm.hafner.analysis.parser.violations.PyDocStyleAdapterTest
[INFO] Tests run: 2, Failures: 0, Errors: 0, Skipped: 0, Time elapsed: 0.012 s - in edu.hm.hafner.analysis.parser.violations.PyDocStyleAdapterTest
[INFO] Running edu.hm.hafner.analysis.parser.violations.CodeNarcAdapterTest
[INFO] Tests run: 2, Failures: 0, Errors: 0, Skipped: 0, Time elapsed: 0.03 s - in edu.hm.hafner.analysis.parser.violations.CodeNarcAdapterTest
[INFO] Running edu.hm.hafner.analysis.parser.violations.PitAdapterTest
[INFO] Tests run: 2, Failures: 0, Errors: 0, Skipped: 0, Time elapsed: 0.009 s - in edu.hm.hafner.analysis.parser.violations.PitAdapterTest
[INFO] Running edu.hm.hafner.analysis.parser.violations.KlocWorkAdapterTest
[INFO] Tests run: 2, Failures: 0, Errors: 0, Skipped: 0, Time elapsed: 0.009 s - in edu.hm.hafner.analysis.parser.violations.KlocWorkAdapterTest
[INFO] Running edu.hm.hafner.analysis.parser.violations.CppCheckAdapterTest
[INFO] Tests run: 4, Failures: 0, Errors: 0, Skipped: 0, Time elapsed: 0.019 s - in edu.hm.hafner.analysis.parser.violations.CppCheckAdapterTest
[INFO] Running edu.hm.hafner.analysis.parser.violations.ResharperInspectCodeAdapterTest
[INFO] Tests run: 2, Failures: 0, Errors: 0, Skipped: 0, Time elapsed: 0.012 s - in edu.hm.hafner.analysis.parser.violations.ResharperInspectCodeAdapterTest
[INFO] Running edu.hm.hafner.analysis.parser.PuppetLintParserTest
[INFO] Tests run: 2, Failures: 0, Errors: 0, Skipped: 0, Time elapsed: 0.011 s - in edu.hm.hafner.analysis.parser.PuppetLintParserTest
[INFO] Running edu.hm.hafner.analysis.parser.RobocopyParserTest
[INFO] Tests run: 2, Failures: 0, Errors: 0, Skipped: 0, Time elapsed: 0.013 s - in edu.hm.hafner.analysis.parser.RobocopyParserTest
[INFO] Running edu.hm.hafner.analysis.parser.CppLintParserTest
[INFO] Tests run: 4, Failures: 0, Errors: 0, Skipped: 0, Time elapsed: 0.066 s - in edu.hm.hafner.analysis.parser.CppLintParserTest
[INFO] Running edu.hm.hafner.analysis.parser.EclipseParserTest
[INFO] Tests run: 9, Failures: 0, Errors: 0, Skipped: 0, Time elapsed: 5.604 s - in edu.hm.hafner.analysis.parser.EclipseParserTest
[INFO] Running edu.hm.hafner.analysis.parser.ClangTidyParserTest
[INFO] Tests run: 2, Failures: 0, Errors: 0, Skipped: 0, Time elapsed: 0.012 s - in edu.hm.hafner.analysis.parser.ClangTidyParserTest
[INFO] Running edu.hm.hafner.analysis.parser.Armcc5CompilerParserTest
[INFO] Tests run: 2, Failures: 0, Errors: 0, Skipped: 0, Time elapsed: 0.006 s - in edu.hm.hafner.analysis.parser.Armcc5CompilerParserTest
[INFO] Running edu.hm.hafner.analysis.parser.AnsibleLintParserTest
[INFO] Tests run: 2, Failures: 0, Errors: 0, Skipped: 0, Time elapsed: 0.008 s - in edu.hm.hafner.analysis.parser.AnsibleLintParserTest
[INFO] Running edu.hm.hafner.analysis.parser.YuiCompressorParserTest
[INFO] Tests run: 2, Failures: 0, Errors: 0, Skipped: 0, Time elapsed: 0.009 s - in edu.hm.hafner.analysis.parser.YuiCompressorParserTest
[INFO] Running edu.hm.hafner.analysis.parser.ClangParserTest
[INFO] Tests run: 7, Failures: 0, Errors: 0, Skipped: 0, Time elapsed: 0.032 s - in edu.hm.hafner.analysis.parser.ClangParserTest
[INFO] Running edu.hm.hafner.analysis.parser.GoLintParserTest
[INFO] Tests run: 2, Failures: 0, Errors: 0, Skipped: 0, Time elapsed: 0.007 s - in edu.hm.hafner.analysis.parser.GoLintParserTest
[INFO] Running edu.hm.hafner.analysis.parser.GoVetParserTest
[INFO] Tests run: 2, Failures: 0, Errors: 0, Skipped: 0, Time elapsed: 0.005 s - in edu.hm.hafner.analysis.parser.GoVetParserTest
[INFO] Running edu.hm.hafner.analysis.parser.PreFastParserTest
[INFO] Tests run: 2, Failures: 0, Errors: 0, Skipped: 0, Time elapsed: 0.012 s - in edu.hm.hafner.analysis.parser.PreFastParserTest
[INFO] Running edu.hm.hafner.analysis.parser.SonarQubeIssuesParserTest
[INFO] Tests run: 4, Failures: 0, Errors: 0, Skipped: 0, Time elapsed: 0.043 s - in edu.hm.hafner.analysis.parser.SonarQubeIssuesParserTest
[INFO] Running edu.hm.hafner.analysis.parser.AntJavacParserTest
[INFO] Tests run: 12, Failures: 0, Errors: 0, Skipped: 0, Time elapsed: 0.05 s - in edu.hm.hafner.analysis.parser.AntJavacParserTest
[INFO] Running edu.hm.hafner.analysis.parser.GradleErrorProneParserTest
[INFO] Tests run: 3, Failures: 0, Errors: 0, Skipped: 0, Time elapsed: 0.028 s - in edu.hm.hafner.analysis.parser.GradleErrorProneParserTest
[INFO] Running edu.hm.hafner.analysis.parser.JSLintParserTest
[INFO] Tests run: 5, Failures: 0, Errors: 0, Skipped: 0, Time elapsed: 0.053 s - in edu.hm.hafner.analysis.parser.JSLintParserTest
[INFO] Running edu.hm.hafner.analysis.parser.CheckStyleParserTest
[INFO] Tests run: 8, Failures: 0, Errors: 0, Skipped: 0, Time elapsed: 0.058 s - in edu.hm.hafner.analysis.parser.CheckStyleParserTest
[INFO] Running edu.hm.hafner.analysis.parser.SbtScalacParserTest
[INFO] Tests run: 2, Failures: 0, Errors: 0, Skipped: 0, Time elapsed: 0.009 s - in edu.hm.hafner.analysis.parser.SbtScalacParserTest
[INFO] Running edu.hm.hafner.analysis.parser.MsBuildParserTest
[INFO] Tests run: 23, Failures: 0, Errors: 0, Skipped: 0, Time elapsed: 0.21 s - in edu.hm.hafner.analysis.parser.MsBuildParserTest
[INFO] Running edu.hm.hafner.analysis.parser.ErrorProneParserTest
[INFO] Tests run: 3, Failures: 0, Errors: 0, Skipped: 0, Time elapsed: 0.008 s - in edu.hm.hafner.analysis.parser.ErrorProneParserTest
[INFO] Running edu.hm.hafner.analysis.parser.PmdParserTest
[INFO] Tests run: 8, Failures: 0, Errors: 0, Skipped: 0, Time elapsed: 0.252 s - in edu.hm.hafner.analysis.parser.PmdParserTest
[INFO] Running edu.hm.hafner.analysis.parser.GnatParserTest
[INFO] Tests run: 2, Failures: 0, Errors: 0, Skipped: 0, Time elapsed: 0.017 s - in edu.hm.hafner.analysis.parser.GnatParserTest
[INFO] Running edu.hm.hafner.analysis.parser.CcmParserTest
[INFO] Tests run: 2, Failures: 0, Errors: 0, Skipped: 0, Time elapsed: 0.023 s - in edu.hm.hafner.analysis.parser.CcmParserTest
[INFO] Running edu.hm.hafner.analysis.parser.SunCParserTest
[INFO] Tests run: 2, Failures: 0, Errors: 0, Skipped: 0, Time elapsed: 0.022 s - in edu.hm.hafner.analysis.parser.SunCParserTest
[INFO] Running edu.hm.hafner.analysis.parser.QacSourceCodeAnalyserParserTest
[INFO] Tests run: 2, Failures: 0, Errors: 0, Skipped: 0, Time elapsed: 0.021 s - in edu.hm.hafner.analysis.parser.QacSourceCodeAnalyserParserTest
[INFO] Running edu.hm.hafner.analysis.parser.TnsdlParserTest
[INFO] Tests run: 2, Failures: 0, Errors: 0, Skipped: 0, Time elapsed: 0.011 s - in edu.hm.hafner.analysis.parser.TnsdlParserTest
[INFO] Running edu.hm.hafner.analysis.parser.XlcParserTest
[INFO] Tests run: 9, Failures: 0, Errors: 0, Skipped: 0, Time elapsed: 0.053 s - in edu.hm.hafner.analysis.parser.XlcParserTest
[INFO] Running edu.hm.hafner.analysis.parser.IarParserTest
[INFO] Tests run: 3, Failures: 0, Errors: 0, Skipped: 0, Time elapsed: 0.018 s - in edu.hm.hafner.analysis.parser.IarParserTest
[INFO] Running edu.hm.hafner.analysis.parser.Gcc4LinkerParserTest
[INFO] Tests run: 6, Failures: 0, Errors: 0, Skipped: 0, Time elapsed: 0.021 s - in edu.hm.hafner.analysis.parser.Gcc4LinkerParserTest
[INFO] Running edu.hm.hafner.analysis.parser.CssLintParserTest
[INFO] Tests run: 2, Failures: 0, Errors: 0, Skipped: 0, Time elapsed: 0.003 s - in edu.hm.hafner.analysis.parser.CssLintParserTest
[INFO] Running edu.hm.hafner.analysis.parser.Pep8ParserTest
[INFO] Tests run: 2, Failures: 0, Errors: 0, Skipped: 0, Time elapsed: 0.025 s - in edu.hm.hafner.analysis.parser.Pep8ParserTest
[INFO] Running edu.hm.hafner.analysis.parser.InvalidsParserTest
[INFO] Tests run: 2, Failures: 0, Errors: 0, Skipped: 0, Time elapsed: 0.005 s - in edu.hm.hafner.analysis.parser.InvalidsParserTest
[INFO] Running edu.hm.hafner.analysis.parser.FindBugsParserTest
java.lang.IllegalArgumentException: Problem processing Eq: {0} doesn't override {1.givenClass} format 1 for SourceLineAnnotation
	at edu.umd.cs.findbugs.FindBugsMessageFormat.format(FindBugsMessageFormat.java:118)
	at edu.umd.cs.findbugs.FindBugsMessageFormat.format(FindBugsMessageFormat.java:57)
	at edu.umd.cs.findbugs.BugInstance.getMessage(BugInstance.java:2097)
	at edu.hm.hafner.analysis.parser.FindBugsParser.parse(FindBugsParser.java:160)
	at edu.hm.hafner.analysis.parser.FindBugsParser.parse(FindBugsParser.java:119)
	at edu.hm.hafner.analysis.parser.FindBugsParserTest.parseFile(FindBugsParserTest.java:41)
	at edu.hm.hafner.analysis.parser.FindBugsParserTest.shouldAssignCorrectSeverity(FindBugsParserTest.java:56)
	at sun.reflect.NativeMethodAccessorImpl.invoke0(Native Method)
	at sun.reflect.NativeMethodAccessorImpl.invoke(NativeMethodAccessorImpl.java:62)
	at sun.reflect.DelegatingMethodAccessorImpl.invoke(DelegatingMethodAccessorImpl.java:43)
	at java.lang.reflect.Method.invoke(Method.java:498)
	at org.junit.platform.commons.util.ReflectionUtils.invokeMethod(ReflectionUtils.java:628)
	at org.junit.jupiter.engine.execution.ExecutableInvoker.invoke(ExecutableInvoker.java:117)
	at org.junit.jupiter.engine.descriptor.TestMethodTestDescriptor.lambda$invokeTestMethod$7(TestMethodTestDescriptor.java:184)
	at org.junit.platform.engine.support.hierarchical.ThrowableCollector.execute(ThrowableCollector.java:73)
	at org.junit.jupiter.engine.descriptor.TestMethodTestDescriptor.invokeTestMethod(TestMethodTestDescriptor.java:180)
	at org.junit.jupiter.engine.descriptor.TestMethodTestDescriptor.execute(TestMethodTestDescriptor.java:127)
	at org.junit.jupiter.engine.descriptor.TestMethodTestDescriptor.execute(TestMethodTestDescriptor.java:68)
	at org.junit.platform.engine.support.hierarchical.NodeTestTask.lambda$executeRecursively$5(NodeTestTask.java:135)
	at org.junit.platform.engine.support.hierarchical.ThrowableCollector.execute(ThrowableCollector.java:73)
	at org.junit.platform.engine.support.hierarchical.NodeTestTask.lambda$executeRecursively$7(NodeTestTask.java:125)
	at org.junit.platform.engine.support.hierarchical.Node.around(Node.java:135)
	at org.junit.platform.engine.support.hierarchical.NodeTestTask.lambda$executeRecursively$8(NodeTestTask.java:123)
	at org.junit.platform.engine.support.hierarchical.ThrowableCollector.execute(ThrowableCollector.java:73)
	at org.junit.platform.engine.support.hierarchical.NodeTestTask.executeRecursively(NodeTestTask.java:122)
	at org.junit.platform.engine.support.hierarchical.NodeTestTask.execute(NodeTestTask.java:80)
	at java.util.ArrayList.forEach(ArrayList.java:1257)
	at org.junit.platform.engine.support.hierarchical.SameThreadHierarchicalTestExecutorService.invokeAll(SameThreadHierarchicalTestExecutorService.java:38)
	at org.junit.platform.engine.support.hierarchical.NodeTestTask.lambda$executeRecursively$5(NodeTestTask.java:139)
	at org.junit.platform.engine.support.hierarchical.ThrowableCollector.execute(ThrowableCollector.java:73)
	at org.junit.platform.engine.support.hierarchical.NodeTestTask.lambda$executeRecursively$7(NodeTestTask.java:125)
	at org.junit.platform.engine.support.hierarchical.Node.around(Node.java:135)
	at org.junit.platform.engine.support.hierarchical.NodeTestTask.lambda$executeRecursively$8(NodeTestTask.java:123)
	at org.junit.platform.engine.support.hierarchical.ThrowableCollector.execute(ThrowableCollector.java:73)
	at org.junit.platform.engine.support.hierarchical.NodeTestTask.executeRecursively(NodeTestTask.java:122)
	at org.junit.platform.engine.support.hierarchical.NodeTestTask.execute(NodeTestTask.java:80)
	at java.util.ArrayList.forEach(ArrayList.java:1257)
	at org.junit.platform.engine.support.hierarchical.SameThreadHierarchicalTestExecutorService.invokeAll(SameThreadHierarchicalTestExecutorService.java:38)
	at org.junit.platform.engine.support.hierarchical.NodeTestTask.lambda$executeRecursively$5(NodeTestTask.java:139)
	at org.junit.platform.engine.support.hierarchical.ThrowableCollector.execute(ThrowableCollector.java:73)
	at org.junit.platform.engine.support.hierarchical.NodeTestTask.lambda$executeRecursively$7(NodeTestTask.java:125)
	at org.junit.platform.engine.support.hierarchical.Node.around(Node.java:135)
	at org.junit.platform.engine.support.hierarchical.NodeTestTask.lambda$executeRecursively$8(NodeTestTask.java:123)
	at org.junit.platform.engine.support.hierarchical.ThrowableCollector.execute(ThrowableCollector.java:73)
	at org.junit.platform.engine.support.hierarchical.NodeTestTask.executeRecursively(NodeTestTask.java:122)
	at org.junit.platform.engine.support.hierarchical.NodeTestTask.execute(NodeTestTask.java:80)
	at org.junit.platform.engine.support.hierarchical.SameThreadHierarchicalTestExecutorService.submit(SameThreadHierarchicalTestExecutorService.java:32)
	at org.junit.platform.engine.support.hierarchical.HierarchicalTestExecutor.execute(HierarchicalTestExecutor.java:57)
	at org.junit.platform.engine.support.hierarchical.HierarchicalTestEngine.execute(HierarchicalTestEngine.java:51)
	at org.junit.platform.launcher.core.DefaultLauncher.execute(DefaultLauncher.java:229)
	at org.junit.platform.launcher.core.DefaultLauncher.lambda$execute$6(DefaultLauncher.java:197)
	at org.junit.platform.launcher.core.DefaultLauncher.withInterceptedStreams(DefaultLauncher.java:211)
	at org.junit.platform.launcher.core.DefaultLauncher.execute(DefaultLauncher.java:191)
	at org.junit.platform.launcher.core.DefaultLauncher.execute(DefaultLauncher.java:128)
	at org.apache.maven.surefire.junitplatform.JUnitPlatformProvider.invokeAllTests(JUnitPlatformProvider.java:150)
	at org.apache.maven.surefire.junitplatform.JUnitPlatformProvider.invoke(JUnitPlatformProvider.java:124)
	at org.apache.maven.surefire.booter.ForkedBooter.invokeProviderInSameClassLoader(ForkedBooter.java:384)
	at org.apache.maven.surefire.booter.ForkedBooter.runSuitesInProcess(ForkedBooter.java:345)
	at org.apache.maven.surefire.booter.ForkedBooter.execute(ForkedBooter.java:126)
	at org.apache.maven.surefire.booter.ForkedBooter.main(ForkedBooter.java:418)
Caused by: java.lang.IllegalArgumentException: Unknown format key givenClass
	at edu.umd.cs.findbugs.SourceLineAnnotation.format(SourceLineAnnotation.java:722)
	at edu.umd.cs.findbugs.FindBugsMessageFormat.format(FindBugsMessageFormat.java:114)
	... 59 more
java.lang.IllegalArgumentException: Problem processing Eq: {0} doesn't override {1.givenClass} format 1 for SourceLineAnnotation
	at edu.umd.cs.findbugs.FindBugsMessageFormat.format(FindBugsMessageFormat.java:118)
	at edu.umd.cs.findbugs.FindBugsMessageFormat.format(FindBugsMessageFormat.java:57)
	at edu.umd.cs.findbugs.BugInstance.getMessage(BugInstance.java:2097)
	at edu.hm.hafner.analysis.parser.FindBugsParser.parse(FindBugsParser.java:160)
	at edu.hm.hafner.analysis.parser.FindBugsParser.parse(FindBugsParser.java:119)
	at edu.hm.hafner.analysis.parser.FindBugsParserTest.parseFile(FindBugsParserTest.java:41)
	at edu.hm.hafner.analysis.parser.FindBugsParserTest.shouldAssignCorrectSeverity(FindBugsParserTest.java:56)
	at sun.reflect.NativeMethodAccessorImpl.invoke0(Native Method)
	at sun.reflect.NativeMethodAccessorImpl.invoke(NativeMethodAccessorImpl.java:62)
	at sun.reflect.DelegatingMethodAccessorImpl.invoke(DelegatingMethodAccessorImpl.java:43)
	at java.lang.reflect.Method.invoke(Method.java:498)
	at org.junit.platform.commons.util.ReflectionUtils.invokeMethod(ReflectionUtils.java:628)
	at org.junit.jupiter.engine.execution.ExecutableInvoker.invoke(ExecutableInvoker.java:117)
	at org.junit.jupiter.engine.descriptor.TestMethodTestDescriptor.lambda$invokeTestMethod$7(TestMethodTestDescriptor.java:184)
	at org.junit.platform.engine.support.hierarchical.ThrowableCollector.execute(ThrowableCollector.java:73)
	at org.junit.jupiter.engine.descriptor.TestMethodTestDescriptor.invokeTestMethod(TestMethodTestDescriptor.java:180)
	at org.junit.jupiter.engine.descriptor.TestMethodTestDescriptor.execute(TestMethodTestDescriptor.java:127)
	at org.junit.jupiter.engine.descriptor.TestMethodTestDescriptor.execute(TestMethodTestDescriptor.java:68)
	at org.junit.platform.engine.support.hierarchical.NodeTestTask.lambda$executeRecursively$5(NodeTestTask.java:135)
	at org.junit.platform.engine.support.hierarchical.ThrowableCollector.execute(ThrowableCollector.java:73)
	at org.junit.platform.engine.support.hierarchical.NodeTestTask.lambda$executeRecursively$7(NodeTestTask.java:125)
	at org.junit.platform.engine.support.hierarchical.Node.around(Node.java:135)
	at org.junit.platform.engine.support.hierarchical.NodeTestTask.lambda$executeRecursively$8(NodeTestTask.java:123)
	at org.junit.platform.engine.support.hierarchical.ThrowableCollector.execute(ThrowableCollector.java:73)
	at org.junit.platform.engine.support.hierarchical.NodeTestTask.executeRecursively(NodeTestTask.java:122)
	at org.junit.platform.engine.support.hierarchical.NodeTestTask.execute(NodeTestTask.java:80)
	at java.util.ArrayList.forEach(ArrayList.java:1257)
	at org.junit.platform.engine.support.hierarchical.SameThreadHierarchicalTestExecutorService.invokeAll(SameThreadHierarchicalTestExecutorService.java:38)
	at org.junit.platform.engine.support.hierarchical.NodeTestTask.lambda$executeRecursively$5(NodeTestTask.java:139)
	at org.junit.platform.engine.support.hierarchical.ThrowableCollector.execute(ThrowableCollector.java:73)
	at org.junit.platform.engine.support.hierarchical.NodeTestTask.lambda$executeRecursively$7(NodeTestTask.java:125)
	at org.junit.platform.engine.support.hierarchical.Node.around(Node.java:135)
	at org.junit.platform.engine.support.hierarchical.NodeTestTask.lambda$executeRecursively$8(NodeTestTask.java:123)
	at org.junit.platform.engine.support.hierarchical.ThrowableCollector.execute(ThrowableCollector.java:73)
	at org.junit.platform.engine.support.hierarchical.NodeTestTask.executeRecursively(NodeTestTask.java:122)
	at org.junit.platform.engine.support.hierarchical.NodeTestTask.execute(NodeTestTask.java:80)
	at java.util.ArrayList.forEach(ArrayList.java:1257)
	at org.junit.platform.engine.support.hierarchical.SameThreadHierarchicalTestExecutorService.invokeAll(SameThreadHierarchicalTestExecutorService.java:38)
	at org.junit.platform.engine.support.hierarchical.NodeTestTask.lambda$executeRecursively$5(NodeTestTask.java:139)
	at org.junit.platform.engine.support.hierarchical.ThrowableCollector.execute(ThrowableCollector.java:73)
	at org.junit.platform.engine.support.hierarchical.NodeTestTask.lambda$executeRecursively$7(NodeTestTask.java:125)
	at org.junit.platform.engine.support.hierarchical.Node.around(Node.java:135)
	at org.junit.platform.engine.support.hierarchical.NodeTestTask.lambda$executeRecursively$8(NodeTestTask.java:123)
	at org.junit.platform.engine.support.hierarchical.ThrowableCollector.execute(ThrowableCollector.java:73)
	at org.junit.platform.engine.support.hierarchical.NodeTestTask.executeRecursively(NodeTestTask.java:122)
	at org.junit.platform.engine.support.hierarchical.NodeTestTask.execute(NodeTestTask.java:80)
	at org.junit.platform.engine.support.hierarchical.SameThreadHierarchicalTestExecutorService.submit(SameThreadHierarchicalTestExecutorService.java:32)
	at org.junit.platform.engine.support.hierarchical.HierarchicalTestExecutor.execute(HierarchicalTestExecutor.java:57)
	at org.junit.platform.engine.support.hierarchical.HierarchicalTestEngine.execute(HierarchicalTestEngine.java:51)
	at org.junit.platform.launcher.core.DefaultLauncher.execute(DefaultLauncher.java:229)
	at org.junit.platform.launcher.core.DefaultLauncher.lambda$execute$6(DefaultLauncher.java:197)
	at org.junit.platform.launcher.core.DefaultLauncher.withInterceptedStreams(DefaultLauncher.java:211)
	at org.junit.platform.launcher.core.DefaultLauncher.execute(DefaultLauncher.java:191)
	at org.junit.platform.launcher.core.DefaultLauncher.execute(DefaultLauncher.java:128)
	at org.apache.maven.surefire.junitplatform.JUnitPlatformProvider.invokeAllTests(JUnitPlatformProvider.java:150)
	at org.apache.maven.surefire.junitplatform.JUnitPlatformProvider.invoke(JUnitPlatformProvider.java:124)
	at org.apache.maven.surefire.booter.ForkedBooter.invokeProviderInSameClassLoader(ForkedBooter.java:384)
	at org.apache.maven.surefire.booter.ForkedBooter.runSuitesInProcess(ForkedBooter.java:345)
	at org.apache.maven.surefire.booter.ForkedBooter.execute(ForkedBooter.java:126)
	at org.apache.maven.surefire.booter.ForkedBooter.main(ForkedBooter.java:418)
Caused by: java.lang.IllegalArgumentException: Unknown format key givenClass
	at edu.umd.cs.findbugs.SourceLineAnnotation.format(SourceLineAnnotation.java:722)
	at edu.umd.cs.findbugs.FindBugsMessageFormat.format(FindBugsMessageFormat.java:114)
	... 59 more
java.lang.IllegalArgumentException: Problem processing Eq: {0} doesn't override {1.givenClass} format 1 for SourceLineAnnotation
	at edu.umd.cs.findbugs.FindBugsMessageFormat.format(FindBugsMessageFormat.java:118)
	at edu.umd.cs.findbugs.FindBugsMessageFormat.format(FindBugsMessageFormat.java:57)
	at edu.umd.cs.findbugs.BugInstance.getMessage(BugInstance.java:2097)
	at edu.hm.hafner.analysis.parser.FindBugsParser.parse(FindBugsParser.java:160)
	at edu.hm.hafner.analysis.parser.FindBugsParser.parse(FindBugsParser.java:119)
	at edu.hm.hafner.analysis.parser.FindBugsParserTest.parseFile(FindBugsParserTest.java:41)
	at edu.hm.hafner.analysis.parser.FindBugsParserTest.shouldAssignCorrectSeverity(FindBugsParserTest.java:60)
	at sun.reflect.NativeMethodAccessorImpl.invoke0(Native Method)
	at sun.reflect.NativeMethodAccessorImpl.invoke(NativeMethodAccessorImpl.java:62)
	at sun.reflect.DelegatingMethodAccessorImpl.invoke(DelegatingMethodAccessorImpl.java:43)
	at java.lang.reflect.Method.invoke(Method.java:498)
	at org.junit.platform.commons.util.ReflectionUtils.invokeMethod(ReflectionUtils.java:628)
	at org.junit.jupiter.engine.execution.ExecutableInvoker.invoke(ExecutableInvoker.java:117)
	at org.junit.jupiter.engine.descriptor.TestMethodTestDescriptor.lambda$invokeTestMethod$7(TestMethodTestDescriptor.java:184)
	at org.junit.platform.engine.support.hierarchical.ThrowableCollector.execute(ThrowableCollector.java:73)
	at org.junit.jupiter.engine.descriptor.TestMethodTestDescriptor.invokeTestMethod(TestMethodTestDescriptor.java:180)
	at org.junit.jupiter.engine.descriptor.TestMethodTestDescriptor.execute(TestMethodTestDescriptor.java:127)
	at org.junit.jupiter.engine.descriptor.TestMethodTestDescriptor.execute(TestMethodTestDescriptor.java:68)
	at org.junit.platform.engine.support.hierarchical.NodeTestTask.lambda$executeRecursively$5(NodeTestTask.java:135)
	at org.junit.platform.engine.support.hierarchical.ThrowableCollector.execute(ThrowableCollector.java:73)
	at org.junit.platform.engine.support.hierarchical.NodeTestTask.lambda$executeRecursively$7(NodeTestTask.java:125)
	at org.junit.platform.engine.support.hierarchical.Node.around(Node.java:135)
	at org.junit.platform.engine.support.hierarchical.NodeTestTask.lambda$executeRecursively$8(NodeTestTask.java:123)
	at org.junit.platform.engine.support.hierarchical.ThrowableCollector.execute(ThrowableCollector.java:73)
	at org.junit.platform.engine.support.hierarchical.NodeTestTask.executeRecursively(NodeTestTask.java:122)
	at org.junit.platform.engine.support.hierarchical.NodeTestTask.execute(NodeTestTask.java:80)
	at java.util.ArrayList.forEach(ArrayList.java:1257)
	at org.junit.platform.engine.support.hierarchical.SameThreadHierarchicalTestExecutorService.invokeAll(SameThreadHierarchicalTestExecutorService.java:38)
	at org.junit.platform.engine.support.hierarchical.NodeTestTask.lambda$executeRecursively$5(NodeTestTask.java:139)
	at org.junit.platform.engine.support.hierarchical.ThrowableCollector.execute(ThrowableCollector.java:73)
	at org.junit.platform.engine.support.hierarchical.NodeTestTask.lambda$executeRecursively$7(NodeTestTask.java:125)
	at org.junit.platform.engine.support.hierarchical.Node.around(Node.java:135)
	at org.junit.platform.engine.support.hierarchical.NodeTestTask.lambda$executeRecursively$8(NodeTestTask.java:123)
	at org.junit.platform.engine.support.hierarchical.ThrowableCollector.execute(ThrowableCollector.java:73)
	at org.junit.platform.engine.support.hierarchical.NodeTestTask.executeRecursively(NodeTestTask.java:122)
	at org.junit.platform.engine.support.hierarchical.NodeTestTask.execute(NodeTestTask.java:80)
	at java.util.ArrayList.forEach(ArrayList.java:1257)
	at org.junit.platform.engine.support.hierarchical.SameThreadHierarchicalTestExecutorService.invokeAll(SameThreadHierarchicalTestExecutorService.java:38)
	at org.junit.platform.engine.support.hierarchical.NodeTestTask.lambda$executeRecursively$5(NodeTestTask.java:139)
	at org.junit.platform.engine.support.hierarchical.ThrowableCollector.execute(ThrowableCollector.java:73)
	at org.junit.platform.engine.support.hierarchical.NodeTestTask.lambda$executeRecursively$7(NodeTestTask.java:125)
	at org.junit.platform.engine.support.hierarchical.Node.around(Node.java:135)
	at org.junit.platform.engine.support.hierarchical.NodeTestTask.lambda$executeRecursively$8(NodeTestTask.java:123)
	at org.junit.platform.engine.support.hierarchical.ThrowableCollector.execute(ThrowableCollector.java:73)
	at org.junit.platform.engine.support.hierarchical.NodeTestTask.executeRecursively(NodeTestTask.java:122)
	at org.junit.platform.engine.support.hierarchical.NodeTestTask.execute(NodeTestTask.java:80)
	at org.junit.platform.engine.support.hierarchical.SameThreadHierarchicalTestExecutorService.submit(SameThreadHierarchicalTestExecutorService.java:32)
	at org.junit.platform.engine.support.hierarchical.HierarchicalTestExecutor.execute(HierarchicalTestExecutor.java:57)
	at org.junit.platform.engine.support.hierarchical.HierarchicalTestEngine.execute(HierarchicalTestEngine.java:51)
	at org.junit.platform.launcher.core.DefaultLauncher.execute(DefaultLauncher.java:229)
	at org.junit.platform.launcher.core.DefaultLauncher.lambda$execute$6(DefaultLauncher.java:197)
	at org.junit.platform.launcher.core.DefaultLauncher.withInterceptedStreams(DefaultLauncher.java:211)
	at org.junit.platform.launcher.core.DefaultLauncher.execute(DefaultLauncher.java:191)
	at org.junit.platform.launcher.core.DefaultLauncher.execute(DefaultLauncher.java:128)
	at org.apache.maven.surefire.junitplatform.JUnitPlatformProvider.invokeAllTests(JUnitPlatformProvider.java:150)
	at org.apache.maven.surefire.junitplatform.JUnitPlatformProvider.invoke(JUnitPlatformProvider.java:124)
	at org.apache.maven.surefire.booter.ForkedBooter.invokeProviderInSameClassLoader(ForkedBooter.java:384)
	at org.apache.maven.surefire.booter.ForkedBooter.runSuitesInProcess(ForkedBooter.java:345)
	at org.apache.maven.surefire.booter.ForkedBooter.execute(ForkedBooter.java:126)
	at org.apache.maven.surefire.booter.ForkedBooter.main(ForkedBooter.java:418)
Caused by: java.lang.IllegalArgumentException: Unknown format key givenClass
	at edu.umd.cs.findbugs.SourceLineAnnotation.format(SourceLineAnnotation.java:722)
	at edu.umd.cs.findbugs.FindBugsMessageFormat.format(FindBugsMessageFormat.java:114)
	... 59 more
java.lang.IllegalArgumentException: Problem processing Eq: {0} doesn't override {1.givenClass} format 1 for SourceLineAnnotation
	at edu.umd.cs.findbugs.FindBugsMessageFormat.format(FindBugsMessageFormat.java:118)
	at edu.umd.cs.findbugs.FindBugsMessageFormat.format(FindBugsMessageFormat.java:57)
	at edu.umd.cs.findbugs.BugInstance.getMessage(BugInstance.java:2097)
	at edu.hm.hafner.analysis.parser.FindBugsParser.parse(FindBugsParser.java:160)
	at edu.hm.hafner.analysis.parser.FindBugsParser.parse(FindBugsParser.java:119)
	at edu.hm.hafner.analysis.parser.FindBugsParserTest.parseFile(FindBugsParserTest.java:41)
	at edu.hm.hafner.analysis.parser.FindBugsParserTest.shouldAssignCorrectSeverity(FindBugsParserTest.java:60)
	at sun.reflect.NativeMethodAccessorImpl.invoke0(Native Method)
	at sun.reflect.NativeMethodAccessorImpl.invoke(NativeMethodAccessorImpl.java:62)
	at sun.reflect.DelegatingMethodAccessorImpl.invoke(DelegatingMethodAccessorImpl.java:43)
	at java.lang.reflect.Method.invoke(Method.java:498)
	at org.junit.platform.commons.util.ReflectionUtils.invokeMethod(ReflectionUtils.java:628)
	at org.junit.jupiter.engine.execution.ExecutableInvoker.invoke(ExecutableInvoker.java:117)
	at org.junit.jupiter.engine.descriptor.TestMethodTestDescriptor.lambda$invokeTestMethod$7(TestMethodTestDescriptor.java:184)
	at org.junit.platform.engine.support.hierarchical.ThrowableCollector.execute(ThrowableCollector.java:73)
	at org.junit.jupiter.engine.descriptor.TestMethodTestDescriptor.invokeTestMethod(TestMethodTestDescriptor.java:180)
	at org.junit.jupiter.engine.descriptor.TestMethodTestDescriptor.execute(TestMethodTestDescriptor.java:127)
	at org.junit.jupiter.engine.descriptor.TestMethodTestDescriptor.execute(TestMethodTestDescriptor.java:68)
	at org.junit.platform.engine.support.hierarchical.NodeTestTask.lambda$executeRecursively$5(NodeTestTask.java:135)
	at org.junit.platform.engine.support.hierarchical.ThrowableCollector.execute(ThrowableCollector.java:73)
	at org.junit.platform.engine.support.hierarchical.NodeTestTask.lambda$executeRecursively$7(NodeTestTask.java:125)
	at org.junit.platform.engine.support.hierarchical.Node.around(Node.java:135)
	at org.junit.platform.engine.support.hierarchical.NodeTestTask.lambda$executeRecursively$8(NodeTestTask.java:123)
	at org.junit.platform.engine.support.hierarchical.ThrowableCollector.execute(ThrowableCollector.java:73)
	at org.junit.platform.engine.support.hierarchical.NodeTestTask.executeRecursively(NodeTestTask.java:122)
	at org.junit.platform.engine.support.hierarchical.NodeTestTask.execute(NodeTestTask.java:80)
	at java.util.ArrayList.forEach(ArrayList.java:1257)
	at org.junit.platform.engine.support.hierarchical.SameThreadHierarchicalTestExecutorService.invokeAll(SameThreadHierarchicalTestExecutorService.java:38)
	at org.junit.platform.engine.support.hierarchical.NodeTestTask.lambda$executeRecursively$5(NodeTestTask.java:139)
	at org.junit.platform.engine.support.hierarchical.ThrowableCollector.execute(ThrowableCollector.java:73)
	at org.junit.platform.engine.support.hierarchical.NodeTestTask.lambda$executeRecursively$7(NodeTestTask.java:125)
	at org.junit.platform.engine.support.hierarchical.Node.around(Node.java:135)
	at org.junit.platform.engine.support.hierarchical.NodeTestTask.lambda$executeRecursively$8(NodeTestTask.java:123)
	at org.junit.platform.engine.support.hierarchical.ThrowableCollector.execute(ThrowableCollector.java:73)
	at org.junit.platform.engine.support.hierarchical.NodeTestTask.executeRecursively(NodeTestTask.java:122)
	at org.junit.platform.engine.support.hierarchical.NodeTestTask.execute(NodeTestTask.java:80)
	at java.util.ArrayList.forEach(ArrayList.java:1257)
	at org.junit.platform.engine.support.hierarchical.SameThreadHierarchicalTestExecutorService.invokeAll(SameThreadHierarchicalTestExecutorService.java:38)
	at org.junit.platform.engine.support.hierarchical.NodeTestTask.lambda$executeRecursively$5(NodeTestTask.java:139)
	at org.junit.platform.engine.support.hierarchical.ThrowableCollector.execute(ThrowableCollector.java:73)
	at org.junit.platform.engine.support.hierarchical.NodeTestTask.lambda$executeRecursively$7(NodeTestTask.java:125)
	at org.junit.platform.engine.support.hierarchical.Node.around(Node.java:135)
	at org.junit.platform.engine.support.hierarchical.NodeTestTask.lambda$executeRecursively$8(NodeTestTask.java:123)
	at org.junit.platform.engine.support.hierarchical.ThrowableCollector.execute(ThrowableCollector.java:73)
	at org.junit.platform.engine.support.hierarchical.NodeTestTask.executeRecursively(NodeTestTask.java:122)
	at org.junit.platform.engine.support.hierarchical.NodeTestTask.execute(NodeTestTask.java:80)
	at org.junit.platform.engine.support.hierarchical.SameThreadHierarchicalTestExecutorService.submit(SameThreadHierarchicalTestExecutorService.java:32)
	at org.junit.platform.engine.support.hierarchical.HierarchicalTestExecutor.execute(HierarchicalTestExecutor.java:57)
	at org.junit.platform.engine.support.hierarchical.HierarchicalTestEngine.execute(HierarchicalTestEngine.java:51)
	at org.junit.platform.launcher.core.DefaultLauncher.execute(DefaultLauncher.java:229)
	at org.junit.platform.launcher.core.DefaultLauncher.lambda$execute$6(DefaultLauncher.java:197)
	at org.junit.platform.launcher.core.DefaultLauncher.withInterceptedStreams(DefaultLauncher.java:211)
	at org.junit.platform.launcher.core.DefaultLauncher.execute(DefaultLauncher.java:191)
	at org.junit.platform.launcher.core.DefaultLauncher.execute(DefaultLauncher.java:128)
	at org.apache.maven.surefire.junitplatform.JUnitPlatformProvider.invokeAllTests(JUnitPlatformProvider.java:150)
	at org.apache.maven.surefire.junitplatform.JUnitPlatformProvider.invoke(JUnitPlatformProvider.java:124)
	at org.apache.maven.surefire.booter.ForkedBooter.invokeProviderInSameClassLoader(ForkedBooter.java:384)
	at org.apache.maven.surefire.booter.ForkedBooter.runSuitesInProcess(ForkedBooter.java:345)
	at org.apache.maven.surefire.booter.ForkedBooter.execute(ForkedBooter.java:126)
	at org.apache.maven.surefire.booter.ForkedBooter.main(ForkedBooter.java:418)
Caused by: java.lang.IllegalArgumentException: Unknown format key givenClass
	at edu.umd.cs.findbugs.SourceLineAnnotation.format(SourceLineAnnotation.java:722)
	at edu.umd.cs.findbugs.FindBugsMessageFormat.format(FindBugsMessageFormat.java:114)
	... 59 more
[INFO] Tests run: 10, Failures: 0, Errors: 0, Skipped: 0, Time elapsed: 3.208 s - in edu.hm.hafner.analysis.parser.FindBugsParserTest
[INFO] Running edu.hm.hafner.analysis.parser.SphinxBuildParserTest
[INFO] Tests run: 2, Failures: 0, Errors: 0, Skipped: 0, Time elapsed: 0.013 s - in edu.hm.hafner.analysis.parser.SphinxBuildParserTest
[INFO] Running edu.hm.hafner.analysis.parser.NagFortranParserTest
[INFO] Tests run: 12, Failures: 0, Errors: 0, Skipped: 0, Time elapsed: 0.076 s - in edu.hm.hafner.analysis.parser.NagFortranParserTest
[INFO] Running edu.hm.hafner.analysis.parser.AcuCobolParserTest
[INFO] Tests run: 2, Failures: 0, Errors: 0, Skipped: 0, Time elapsed: 0.005 s - in edu.hm.hafner.analysis.parser.AcuCobolParserTest
[INFO] Running edu.hm.hafner.analysis.parser.FlexSdkParserTest
[INFO] Tests run: 2, Failures: 0, Errors: 0, Skipped: 0, Time elapsed: 0.013 s - in edu.hm.hafner.analysis.parser.FlexSdkParserTest
[INFO] Running edu.hm.hafner.analysis.parser.DiabCParserTest
[INFO] Tests run: 2, Failures: 0, Errors: 0, Skipped: 0, Time elapsed: 0.024 s - in edu.hm.hafner.analysis.parser.DiabCParserTest
[INFO] Running edu.hm.hafner.analysis.parser.DrMemoryParserTest
[INFO] Tests run: 2, Failures: 0, Errors: 0, Skipped: 0, Time elapsed: 0.022 s - in edu.hm.hafner.analysis.parser.DrMemoryParserTest
[INFO] Running edu.hm.hafner.analysis.parser.FxcopParserTest
[INFO] Tests run: 3, Failures: 0, Errors: 0, Skipped: 0, Time elapsed: 0.041 s - in edu.hm.hafner.analysis.parser.FxcopParserTest
[INFO] Running edu.hm.hafner.analysis.parser.dry.cpd.CpdParserTest
[INFO] Tests run: 8, Failures: 0, Errors: 0, Skipped: 0, Time elapsed: 0.161 s - in edu.hm.hafner.analysis.parser.dry.cpd.CpdParserTest
[INFO] Running edu.hm.hafner.analysis.parser.dry.simian.SimianParserTest
[INFO] Tests run: 8, Failures: 0, Errors: 0, Skipped: 0, Time elapsed: 0.054 s - in edu.hm.hafner.analysis.parser.dry.simian.SimianParserTest
[INFO] Running edu.hm.hafner.analysis.parser.dry.DuplicationGroupTest
[INFO] Tests run: 5, Failures: 0, Errors: 0, Skipped: 0, Time elapsed: 0.006 s - in edu.hm.hafner.analysis.parser.dry.DuplicationGroupTest
[INFO] Running edu.hm.hafner.analysis.parser.dry.dupfinder.DupFinderParserTest
[INFO] Tests run: 5, Failures: 0, Errors: 0, Skipped: 0, Time elapsed: 0.042 s - in edu.hm.hafner.analysis.parser.dry.dupfinder.DupFinderParserTest
[INFO] Running edu.hm.hafner.analysis.parser.BuckminsterParserTest
[INFO] Tests run: 2, Failures: 0, Errors: 0, Skipped: 0, Time elapsed: 0.011 s - in edu.hm.hafner.analysis.parser.BuckminsterParserTest
[INFO] Running edu.hm.hafner.analysis.parser.IarCstatParserTest
[INFO] Tests run: 2, Failures: 0, Errors: 0, Skipped: 0, Time elapsed: 0.016 s - in edu.hm.hafner.analysis.parser.IarCstatParserTest
[INFO] Running edu.hm.hafner.analysis.parser.StyleCopParserTest
[INFO] Tests run: 4, Failures: 0, Errors: 0, Skipped: 0, Time elapsed: 0.034 s - in edu.hm.hafner.analysis.parser.StyleCopParserTest
[INFO] Running edu.hm.hafner.analysis.parser.GhsMultiParserTest
[INFO] Tests run: 2, Failures: 0, Errors: 0, Skipped: 0, Time elapsed: 0.016 s - in edu.hm.hafner.analysis.parser.GhsMultiParserTest
[INFO] Running edu.hm.hafner.analysis.parser.PhpParserTest
[INFO] Tests run: 3, Failures: 0, Errors: 0, Skipped: 0, Time elapsed: 0.012 s - in edu.hm.hafner.analysis.parser.PhpParserTest
[INFO] Running edu.hm.hafner.analysis.parser.CMakeParserTest
[INFO] Tests run: 2, Failures: 0, Errors: 0, Skipped: 0, Time elapsed: 0.015 s - in edu.hm.hafner.analysis.parser.CMakeParserTest
[INFO] Running edu.hm.hafner.analysis.parser.MetrowerksCwLinkerParserTest
[INFO] Tests run: 2, Failures: 0, Errors: 0, Skipped: 0, Time elapsed: 0.007 s - in edu.hm.hafner.analysis.parser.MetrowerksCwLinkerParserTest
[INFO] Running edu.hm.hafner.analysis.parser.CoolfluxChessccParserTest
[INFO] Tests run: 2, Failures: 0, Errors: 0, Skipped: 0, Time elapsed: 0.006 s - in edu.hm.hafner.analysis.parser.CoolfluxChessccParserTest
[INFO] Running edu.hm.hafner.analysis.parser.EclipseMavenParserTest
[INFO] Tests run: 6, Failures: 0, Errors: 0, Skipped: 0, Time elapsed: 0.028 s - in edu.hm.hafner.analysis.parser.EclipseMavenParserTest
[INFO] Running edu.hm.hafner.analysis.parser.MavenConsoleParserTest
[INFO] Tests run: 7, Failures: 0, Errors: 0, Skipped: 0, Time elapsed: 0.019 s - in edu.hm.hafner.analysis.parser.MavenConsoleParserTest
[INFO] Running edu.hm.hafner.analysis.parser.ArmccCompilerParserTest
[INFO] Tests run: 2, Failures: 0, Errors: 0, Skipped: 0, Time elapsed: 0.005 s - in edu.hm.hafner.analysis.parser.ArmccCompilerParserTest
[INFO] Running edu.hm.hafner.analysis.parser.CadenceIncisiveParserTest
[INFO] Tests run: 2, Failures: 0, Errors: 0, Skipped: 0, Time elapsed: 0.008 s - in edu.hm.hafner.analysis.parser.CadenceIncisiveParserTest
[INFO] Running edu.hm.hafner.analysis.parser.CodeAnalysisParserTest
[INFO] Tests run: 2, Failures: 0, Errors: 0, Skipped: 0, Time elapsed: 0.009 s - in edu.hm.hafner.analysis.parser.CodeAnalysisParserTest
[INFO] Running edu.hm.hafner.analysis.parser.XlcLinkerParserTest
[INFO] Tests run: 7, Failures: 0, Errors: 0, Skipped: 0, Time elapsed: 0.019 s - in edu.hm.hafner.analysis.parser.XlcLinkerParserTest
[INFO] Running edu.hm.hafner.analysis.parser.P4ParserTest
[INFO] Tests run: 2, Failures: 0, Errors: 0, Skipped: 0, Time elapsed: 0.011 s - in edu.hm.hafner.analysis.parser.P4ParserTest
[INFO] Running edu.hm.hafner.analysis.parser.IdeaInspectionParserTest
[INFO] Tests run: 3, Failures: 0, Errors: 0, Skipped: 0, Time elapsed: 0.024 s - in edu.hm.hafner.analysis.parser.IdeaInspectionParserTest
[INFO] Running edu.hm.hafner.analysis.parser.Gcc4CompilerParserTest
[INFO] Tests run: 16, Failures: 0, Errors: 0, Skipped: 0, Time elapsed: 0.112 s - in edu.hm.hafner.analysis.parser.Gcc4CompilerParserTest
[INFO] Running edu.hm.hafner.analysis.parser.DoxygenParserTest
[INFO] Tests run: 5, Failures: 0, Errors: 0, Skipped: 0, Time elapsed: 0.033 s - in edu.hm.hafner.analysis.parser.DoxygenParserTest
[INFO] Running edu.hm.hafner.analysis.parser.MetrowerksCwCompilerParserTest
[INFO] Tests run: 2, Failures: 0, Errors: 0, Skipped: 0, Time elapsed: 0.007 s - in edu.hm.hafner.analysis.parser.MetrowerksCwCompilerParserTest
[INFO] Running edu.hm.hafner.analysis.parser.EclipseXMLParserTest
[INFO] Tests run: 3, Failures: 0, Errors: 0, Skipped: 0, Time elapsed: 0.07 s - in edu.hm.hafner.analysis.parser.EclipseXMLParserTest
[INFO] Running edu.hm.hafner.analysis.parser.IntelParserTest
[INFO] Tests run: 3, Failures: 0, Errors: 0, Skipped: 0, Time elapsed: 0.034 s - in edu.hm.hafner.analysis.parser.IntelParserTest
[INFO] Running ArchitectureTest
[INFO] Tests run: 5, Failures: 0, Errors: 0, Skipped: 0, Time elapsed: 2.101 s - in ArchitectureTest
[INFO] Running PackageArchitectureTest
[INFO] Tests run: 1, Failures: 0, Errors: 0, Skipped: 0, Time elapsed: 0.91 s - in PackageArchitectureTest
[INFO]
[INFO] Results:
[INFO]
[WARNING] Tests run: 591, Failures: 0, Errors: 0, Skipped: 2
[INFO]
[INFO]
[INFO] --- maven-jar-plugin:3.1.1:jar (default-jar) @ analysis-model ---
[INFO] Building jar: /home/platypus/Documents/testing_of_enterprise_applications/warnings-ng-plugin-devenv/analysis-model/target/analysis-model-5.0.0-SNAPSHOT.jar
[INFO]
[INFO] --- maven-javadoc-plugin:3.1.0:jar (attach-javadocs) @ analysis-model ---
[INFO]
Loading source files for package edu.hm.hafner.util...
Loading source files for package edu.hm.hafner.analysis...
Loading source files for package edu.hm.hafner.analysis.parser.fxcop...
Loading source files for package edu.hm.hafner.analysis.parser.pmd...
Loading source files for package edu.hm.hafner.analysis.parser...
Loading source files for package edu.hm.hafner.analysis.parser.ccm...
Loading source files for package edu.hm.hafner.analysis.parser.violations...
Loading source files for package edu.hm.hafner.analysis.parser.checkstyle...
Loading source files for package edu.hm.hafner.analysis.parser.dry...
Loading source files for package edu.hm.hafner.analysis.parser.dry.cpd...
Loading source files for package edu.hm.hafner.analysis.parser.dry.simian...
Loading source files for package edu.hm.hafner.analysis.parser.dry.dupfinder...
Loading source files for package edu.hm.hafner.analysis.parser.jcreport...
Loading source files for package edu.hm.hafner.analysis.parser.gendarme...
Constructing Javadoc information...
Standard Doclet version 1.8.0_201
Building tree for all the packages and classes...
Generating /home/platypus/Documents/testing_of_enterprise_applications/warnings-ng-plugin-devenv/analysis-model/target/apidocs/edu/hm/hafner/util/Ensure.html...
Generating /home/platypus/Documents/testing_of_enterprise_applications/warnings-ng-plugin-devenv/analysis-model/target/apidocs/edu/hm/hafner/util/Ensure.ArrayCondition.html...
Generating /home/platypus/Documents/testing_of_enterprise_applications/warnings-ng-plugin-devenv/analysis-model/target/apidocs/edu/hm/hafner/util/Ensure.BooleanCondition.html...
Generating /home/platypus/Documents/testing_of_enterprise_applications/warnings-ng-plugin-devenv/analysis-model/target/apidocs/edu/hm/hafner/util/Ensure.CollectionCondition.html...
Generating /home/platypus/Documents/testing_of_enterprise_applications/warnings-ng-plugin-devenv/analysis-model/target/apidocs/edu/hm/hafner/util/Ensure.ExceptionCondition.html...
Generating /home/platypus/Documents/testing_of_enterprise_applications/warnings-ng-plugin-devenv/analysis-model/target/apidocs/edu/hm/hafner/util/Ensure.IterableCondition.html...
Generating /home/platypus/Documents/testing_of_enterprise_applications/warnings-ng-plugin-devenv/analysis-model/target/apidocs/edu/hm/hafner/util/Ensure.ObjectCondition.html...
Generating /home/platypus/Documents/testing_of_enterprise_applications/warnings-ng-plugin-devenv/analysis-model/target/apidocs/edu/hm/hafner/util/Ensure.StringCondition.html...
Generating /home/platypus/Documents/testing_of_enterprise_applications/warnings-ng-plugin-devenv/analysis-model/target/apidocs/edu/hm/hafner/util/IntegerParser.html...
Generating /home/platypus/Documents/testing_of_enterprise_applications/warnings-ng-plugin-devenv/analysis-model/target/apidocs/edu/hm/hafner/util/LookaheadStream.html...
Generating /home/platypus/Documents/testing_of_enterprise_applications/warnings-ng-plugin-devenv/analysis-model/target/apidocs/edu/hm/hafner/util/NoSuchElementException.html...
Generating /home/platypus/Documents/testing_of_enterprise_applications/warnings-ng-plugin-devenv/analysis-model/target/apidocs/edu/hm/hafner/util/PathUtil.html...
Generating /home/platypus/Documents/testing_of_enterprise_applications/warnings-ng-plugin-devenv/analysis-model/target/apidocs/edu/hm/hafner/util/StringContainsUtils.html...
Generating /home/platypus/Documents/testing_of_enterprise_applications/warnings-ng-plugin-devenv/analysis-model/target/apidocs/edu/hm/hafner/util/TreeString.html...
Generating /home/platypus/Documents/testing_of_enterprise_applications/warnings-ng-plugin-devenv/analysis-model/target/apidocs/edu/hm/hafner/util/TreeStringBuilder.html...
Generating /home/platypus/Documents/testing_of_enterprise_applications/warnings-ng-plugin-devenv/analysis-model/target/apidocs/edu/hm/hafner/util/VisibleForTesting.html...
Generating /home/platypus/Documents/testing_of_enterprise_applications/warnings-ng-plugin-devenv/analysis-model/target/apidocs/edu/hm/hafner/util/XmlElementUtil.html...
Generating /home/platypus/Documents/testing_of_enterprise_applications/warnings-ng-plugin-devenv/analysis-model/target/apidocs/edu/hm/hafner/analysis/Categories.html...
Generating /home/platypus/Documents/testing_of_enterprise_applications/warnings-ng-plugin-devenv/analysis-model/target/apidocs/edu/hm/hafner/analysis/FastRegexpLineParser.html...
Generating /home/platypus/Documents/testing_of_enterprise_applications/warnings-ng-plugin-devenv/analysis-model/target/apidocs/edu/hm/hafner/analysis/FileReaderFactory.html...
Generating /home/platypus/Documents/testing_of_enterprise_applications/warnings-ng-plugin-devenv/analysis-model/target/apidocs/edu/hm/hafner/analysis/FilteredLog.html...
Generating /home/platypus/Documents/testing_of_enterprise_applications/warnings-ng-plugin-devenv/analysis-model/target/apidocs/edu/hm/hafner/analysis/FingerprintGenerator.html...
Generating /home/platypus/Documents/testing_of_enterprise_applications/warnings-ng-plugin-devenv/analysis-model/target/apidocs/edu/hm/hafner/analysis/FullTextFingerprint.html...
Generating /home/platypus/Documents/testing_of_enterprise_applications/warnings-ng-plugin-devenv/analysis-model/target/apidocs/edu/hm/hafner/analysis/Issue.html...
Generating /home/platypus/Documents/testing_of_enterprise_applications/warnings-ng-plugin-devenv/analysis-model/target/apidocs/edu/hm/hafner/analysis/IssueBuilder.html...
Generating /home/platypus/Documents/testing_of_enterprise_applications/warnings-ng-plugin-devenv/analysis-model/target/apidocs/edu/hm/hafner/analysis/IssueParser.html...
Generating /home/platypus/Documents/testing_of_enterprise_applications/warnings-ng-plugin-devenv/analysis-model/target/apidocs/edu/hm/hafner/analysis/LineRange.html...
Generating /home/platypus/Documents/testing_of_enterprise_applications/warnings-ng-plugin-devenv/analysis-model/target/apidocs/edu/hm/hafner/analysis/LineRangeList.html...
Generating /home/platypus/Documents/testing_of_enterprise_applications/warnings-ng-plugin-devenv/analysis-model/target/apidocs/edu/hm/hafner/analysis/LookaheadParser.html...
Generating /home/platypus/Documents/testing_of_enterprise_applications/warnings-ng-plugin-devenv/analysis-model/target/apidocs/edu/hm/hafner/analysis/ModuleDetector.html...
Generating /home/platypus/Documents/testing_of_enterprise_applications/warnings-ng-plugin-devenv/analysis-model/target/apidocs/edu/hm/hafner/analysis/ModuleDetector.FileSystem.html...
Generating /home/platypus/Documents/testing_of_enterprise_applications/warnings-ng-plugin-devenv/analysis-model/target/apidocs/edu/hm/hafner/analysis/ModuleResolver.html...
Generating /home/platypus/Documents/testing_of_enterprise_applications/warnings-ng-plugin-devenv/analysis-model/target/apidocs/edu/hm/hafner/analysis/PackageNameResolver.html...
Generating /home/platypus/Documents/testing_of_enterprise_applications/warnings-ng-plugin-devenv/analysis-model/target/apidocs/edu/hm/hafner/analysis/ParsingCanceledException.html...
Generating /home/platypus/Documents/testing_of_enterprise_applications/warnings-ng-plugin-devenv/analysis-model/target/apidocs/edu/hm/hafner/analysis/ParsingException.html...
Generating /home/platypus/Documents/testing_of_enterprise_applications/warnings-ng-plugin-devenv/analysis-model/target/apidocs/edu/hm/hafner/analysis/ReaderFactory.html...
Generating /home/platypus/Documents/testing_of_enterprise_applications/warnings-ng-plugin-devenv/analysis-model/target/apidocs/edu/hm/hafner/analysis/RegexpDocumentParser.html...
Generating /home/platypus/Documents/testing_of_enterprise_applications/warnings-ng-plugin-devenv/analysis-model/target/apidocs/edu/hm/hafner/analysis/RegexpLineParser.html...
Generating /home/platypus/Documents/testing_of_enterprise_applications/warnings-ng-plugin-devenv/analysis-model/target/apidocs/edu/hm/hafner/analysis/RegexpParser.html...
Generating /home/platypus/Documents/testing_of_enterprise_applications/warnings-ng-plugin-devenv/analysis-model/target/apidocs/edu/hm/hafner/analysis/Report.html...
Generating /home/platypus/Documents/testing_of_enterprise_applications/warnings-ng-plugin-devenv/analysis-model/target/apidocs/edu/hm/hafner/analysis/Report.IssueFilterBuilder.html...
Generating /home/platypus/Documents/testing_of_enterprise_applications/warnings-ng-plugin-devenv/analysis-model/target/apidocs/edu/hm/hafner/analysis/SecureDigester.html...
Generating /home/platypus/Documents/testing_of_enterprise_applications/warnings-ng-plugin-devenv/analysis-model/target/apidocs/edu/hm/hafner/analysis/Severity.html...
Generating /home/platypus/Documents/testing_of_enterprise_applications/warnings-ng-plugin-devenv/analysis-model/target/apidocs/edu/hm/hafner/analysis/parser/fxcop/FxCopParser.html...
Generating /home/platypus/Documents/testing_of_enterprise_applications/warnings-ng-plugin-devenv/analysis-model/target/apidocs/edu/hm/hafner/analysis/parser/fxcop/FxCopRule.html...
Generating /home/platypus/Documents/testing_of_enterprise_applications/warnings-ng-plugin-devenv/analysis-model/target/apidocs/edu/hm/hafner/analysis/parser/fxcop/FxCopRuleSet.html...
Generating /home/platypus/Documents/testing_of_enterprise_applications/warnings-ng-plugin-devenv/analysis-model/target/apidocs/edu/hm/hafner/analysis/parser/pmd/File.html...
Generating /home/platypus/Documents/testing_of_enterprise_applications/warnings-ng-plugin-devenv/analysis-model/target/apidocs/edu/hm/hafner/analysis/parser/pmd/Pmd.html...
Generating /home/platypus/Documents/testing_of_enterprise_applications/warnings-ng-plugin-devenv/analysis-model/target/apidocs/edu/hm/hafner/analysis/parser/pmd/PmdParser.html...
Generating /home/platypus/Documents/testing_of_enterprise_applications/warnings-ng-plugin-devenv/analysis-model/target/apidocs/edu/hm/hafner/analysis/parser/pmd/Violation.html...
Generating /home/platypus/Documents/testing_of_enterprise_applications/warnings-ng-plugin-devenv/analysis-model/target/apidocs/edu/hm/hafner/analysis/parser/AcuCobolParser.html...
Generating /home/platypus/Documents/testing_of_enterprise_applications/warnings-ng-plugin-devenv/analysis-model/target/apidocs/edu/hm/hafner/analysis/parser/AjcParser.html...
Generating /home/platypus/Documents/testing_of_enterprise_applications/warnings-ng-plugin-devenv/analysis-model/target/apidocs/edu/hm/hafner/analysis/parser/AnsibleLintParser.html...
Generating /home/platypus/Documents/testing_of_enterprise_applications/warnings-ng-plugin-devenv/analysis-model/target/apidocs/edu/hm/hafner/analysis/parser/AntJavacParser.html...
Generating /home/platypus/Documents/testing_of_enterprise_applications/warnings-ng-plugin-devenv/analysis-model/target/apidocs/edu/hm/hafner/analysis/parser/Armcc5CompilerParser.html...
Generating /home/platypus/Documents/testing_of_enterprise_applications/warnings-ng-plugin-devenv/analysis-model/target/apidocs/edu/hm/hafner/analysis/parser/ArmccCompilerParser.html...
Generating /home/platypus/Documents/testing_of_enterprise_applications/warnings-ng-plugin-devenv/analysis-model/target/apidocs/edu/hm/hafner/analysis/parser/BuckminsterParser.html...
Generating /home/platypus/Documents/testing_of_enterprise_applications/warnings-ng-plugin-devenv/analysis-model/target/apidocs/edu/hm/hafner/analysis/parser/CadenceIncisiveParser.html...
Generating /home/platypus/Documents/testing_of_enterprise_applications/warnings-ng-plugin-devenv/analysis-model/target/apidocs/edu/hm/hafner/analysis/parser/CargoCheckParser.html...
Generating /home/platypus/Documents/testing_of_enterprise_applications/warnings-ng-plugin-devenv/analysis-model/target/apidocs/edu/hm/hafner/analysis/parser/ClangParser.html...
Generating /home/platypus/Documents/testing_of_enterprise_applications/warnings-ng-plugin-devenv/analysis-model/target/apidocs/edu/hm/hafner/analysis/parser/ClangTidyParser.html...
Generating /home/platypus/Documents/testing_of_enterprise_applications/warnings-ng-plugin-devenv/analysis-model/target/apidocs/edu/hm/hafner/analysis/parser/CMakeParser.html...
Generating /home/platypus/Documents/testing_of_enterprise_applications/warnings-ng-plugin-devenv/analysis-model/target/apidocs/edu/hm/hafner/analysis/parser/CodeAnalysisParser.html...
Generating /home/platypus/Documents/testing_of_enterprise_applications/warnings-ng-plugin-devenv/analysis-model/target/apidocs/edu/hm/hafner/analysis/parser/CoolfluxChessccParser.html...
Generating /home/platypus/Documents/testing_of_enterprise_applications/warnings-ng-plugin-devenv/analysis-model/target/apidocs/edu/hm/hafner/analysis/parser/CppLintParser.html...
Generating /home/platypus/Documents/testing_of_enterprise_applications/warnings-ng-plugin-devenv/analysis-model/target/apidocs/edu/hm/hafner/analysis/parser/DiabCParser.html...
Generating /home/platypus/Documents/testing_of_enterprise_applications/warnings-ng-plugin-devenv/analysis-model/target/apidocs/edu/hm/hafner/analysis/parser/DrMemoryParser.html...
Generating /home/platypus/Documents/testing_of_enterprise_applications/warnings-ng-plugin-devenv/analysis-model/target/apidocs/edu/hm/hafner/analysis/parser/EclipseMavenParser.html...
Generating /home/platypus/Documents/testing_of_enterprise_applications/warnings-ng-plugin-devenv/analysis-model/target/apidocs/edu/hm/hafner/analysis/parser/EclipseParser.html...
Generating /home/platypus/Documents/testing_of_enterprise_applications/warnings-ng-plugin-devenv/analysis-model/target/apidocs/edu/hm/hafner/analysis/parser/EclipseXMLParser.html...
Generating /home/platypus/Documents/testing_of_enterprise_applications/warnings-ng-plugin-devenv/analysis-model/target/apidocs/edu/hm/hafner/analysis/parser/ErlcParser.html...
Generating /home/platypus/Documents/testing_of_enterprise_applications/warnings-ng-plugin-devenv/analysis-model/target/apidocs/edu/hm/hafner/analysis/parser/ErrorProneParser.html...
Generating /home/platypus/Documents/testing_of_enterprise_applications/warnings-ng-plugin-devenv/analysis-model/target/apidocs/edu/hm/hafner/analysis/parser/FindBugsParser.html...
Generating /home/platypus/Documents/testing_of_enterprise_applications/warnings-ng-plugin-devenv/analysis-model/target/apidocs/edu/hm/hafner/analysis/parser/FindBugsParser.PriorityProperty.html...
Generating /home/platypus/Documents/testing_of_enterprise_applications/warnings-ng-plugin-devenv/analysis-model/target/apidocs/edu/hm/hafner/analysis/parser/FindBugsParser.XmlBugInstance.html...
Generating /home/platypus/Documents/testing_of_enterprise_applications/warnings-ng-plugin-devenv/analysis-model/target/apidocs/edu/hm/hafner/analysis/parser/FlexSdkParser.html...
Generating /home/platypus/Documents/testing_of_enterprise_applications/warnings-ng-plugin-devenv/analysis-model/target/apidocs/edu/hm/hafner/analysis/parser/Gcc4CompilerParser.html...
Generating /home/platypus/Documents/testing_of_enterprise_applications/warnings-ng-plugin-devenv/analysis-model/target/apidocs/edu/hm/hafner/analysis/parser/Gcc4LinkerParser.html...
Generating /home/platypus/Documents/testing_of_enterprise_applications/warnings-ng-plugin-devenv/analysis-model/target/apidocs/edu/hm/hafner/analysis/parser/GccParser.html...
Generating /home/platypus/Documents/testing_of_enterprise_applications/warnings-ng-plugin-devenv/analysis-model/target/apidocs/edu/hm/hafner/analysis/parser/GhsMultiParser.html...
Generating /home/platypus/Documents/testing_of_enterprise_applications/warnings-ng-plugin-devenv/analysis-model/target/apidocs/edu/hm/hafner/analysis/parser/GnatParser.html...
Generating /home/platypus/Documents/testing_of_enterprise_applications/warnings-ng-plugin-devenv/analysis-model/target/apidocs/edu/hm/hafner/analysis/parser/GnuFortranParser.html...
Generating /home/platypus/Documents/testing_of_enterprise_applications/warnings-ng-plugin-devenv/analysis-model/target/apidocs/edu/hm/hafner/analysis/parser/GoLintParser.html...
Generating /home/platypus/Documents/testing_of_enterprise_applications/warnings-ng-plugin-devenv/analysis-model/target/apidocs/edu/hm/hafner/analysis/parser/GoVetParser.html...
Generating /home/platypus/Documents/testing_of_enterprise_applications/warnings-ng-plugin-devenv/analysis-model/target/apidocs/edu/hm/hafner/analysis/parser/GradleErrorProneParser.html...
Generating /home/platypus/Documents/testing_of_enterprise_applications/warnings-ng-plugin-devenv/analysis-model/target/apidocs/edu/hm/hafner/analysis/parser/IarCstatParser.html...
Generating /home/platypus/Documents/testing_of_enterprise_applications/warnings-ng-plugin-devenv/analysis-model/target/apidocs/edu/hm/hafner/analysis/parser/IarParser.html...
Generating /home/platypus/Documents/testing_of_enterprise_applications/warnings-ng-plugin-devenv/analysis-model/target/apidocs/edu/hm/hafner/analysis/parser/IdeaInspectionParser.html...
Generating /home/platypus/Documents/testing_of_enterprise_applications/warnings-ng-plugin-devenv/analysis-model/target/apidocs/edu/hm/hafner/analysis/parser/IntelParser.html...
Generating /home/platypus/Documents/testing_of_enterprise_applications/warnings-ng-plugin-devenv/analysis-model/target/apidocs/edu/hm/hafner/analysis/parser/InvalidsParser.html...
Generating /home/platypus/Documents/testing_of_enterprise_applications/warnings-ng-plugin-devenv/analysis-model/target/apidocs/edu/hm/hafner/analysis/parser/JavacParser.html...
Generating /home/platypus/Documents/testing_of_enterprise_applications/warnings-ng-plugin-devenv/analysis-model/target/apidocs/edu/hm/hafner/analysis/parser/JavaDocParser.html...
Generating /home/platypus/Documents/testing_of_enterprise_applications/warnings-ng-plugin-devenv/analysis-model/target/apidocs/edu/hm/hafner/analysis/parser/JSLintXmlSaxParser.html...
Generating /home/platypus/Documents/testing_of_enterprise_applications/warnings-ng-plugin-devenv/analysis-model/target/apidocs/edu/hm/hafner/analysis/parser/LintParser.html...
Generating /home/platypus/Documents/testing_of_enterprise_applications/warnings-ng-plugin-devenv/analysis-model/target/apidocs/edu/hm/hafner/analysis/parser/MavenConsoleParser.html...
Generating /home/platypus/Documents/testing_of_enterprise_applications/warnings-ng-plugin-devenv/analysis-model/target/apidocs/edu/hm/hafner/analysis/parser/MetrowerksCwCompilerParser.html...
Generating /home/platypus/Documents/testing_of_enterprise_applications/warnings-ng-plugin-devenv/analysis-model/target/apidocs/edu/hm/hafner/analysis/parser/MetrowerksCwLinkerParser.html...
Generating /home/platypus/Documents/testing_of_enterprise_applications/warnings-ng-plugin-devenv/analysis-model/target/apidocs/edu/hm/hafner/analysis/parser/MsBuildParser.html...
Generating /home/platypus/Documents/testing_of_enterprise_applications/warnings-ng-plugin-devenv/analysis-model/target/apidocs/edu/hm/hafner/analysis/parser/NagFortranParser.html...
Generating /home/platypus/Documents/testing_of_enterprise_applications/warnings-ng-plugin-devenv/analysis-model/target/apidocs/edu/hm/hafner/analysis/parser/P4Parser.html...
Generating /home/platypus/Documents/testing_of_enterprise_applications/warnings-ng-plugin-devenv/analysis-model/target/apidocs/edu/hm/hafner/analysis/parser/Pep8Parser.html...
Generating /home/platypus/Documents/testing_of_enterprise_applications/warnings-ng-plugin-devenv/analysis-model/target/apidocs/edu/hm/hafner/analysis/parser/PerlCriticParser.html...
Generating /home/platypus/Documents/testing_of_enterprise_applications/warnings-ng-plugin-devenv/analysis-model/target/apidocs/edu/hm/hafner/analysis/parser/PhpParser.html...
Generating /home/platypus/Documents/testing_of_enterprise_applications/warnings-ng-plugin-devenv/analysis-model/target/apidocs/edu/hm/hafner/analysis/parser/PreFastParser.html...
Generating /home/platypus/Documents/testing_of_enterprise_applications/warnings-ng-plugin-devenv/analysis-model/target/apidocs/edu/hm/hafner/analysis/parser/PuppetLintParser.html...
Generating /home/platypus/Documents/testing_of_enterprise_applications/warnings-ng-plugin-devenv/analysis-model/target/apidocs/edu/hm/hafner/analysis/parser/PyLintParser.html...
Generating /home/platypus/Documents/testing_of_enterprise_applications/warnings-ng-plugin-devenv/analysis-model/target/apidocs/edu/hm/hafner/analysis/parser/QacSourceCodeAnalyserParser.html...
Generating /home/platypus/Documents/testing_of_enterprise_applications/warnings-ng-plugin-devenv/analysis-model/target/apidocs/edu/hm/hafner/analysis/parser/RfLintParser.html...
Generating /home/platypus/Documents/testing_of_enterprise_applications/warnings-ng-plugin-devenv/analysis-model/target/apidocs/edu/hm/hafner/analysis/parser/RobocopyParser.html...
Generating /home/platypus/Documents/testing_of_enterprise_applications/warnings-ng-plugin-devenv/analysis-model/target/apidocs/edu/hm/hafner/analysis/parser/RuboCopParser.html...
Generating /home/platypus/Documents/testing_of_enterprise_applications/warnings-ng-plugin-devenv/analysis-model/target/apidocs/edu/hm/hafner/analysis/parser/SbtScalacParser.html...
Generating /home/platypus/Documents/testing_of_enterprise_applications/warnings-ng-plugin-devenv/analysis-model/target/apidocs/edu/hm/hafner/analysis/parser/ScalacParser.html...
Generating /home/platypus/Documents/testing_of_enterprise_applications/warnings-ng-plugin-devenv/analysis-model/target/apidocs/edu/hm/hafner/analysis/parser/SonarQubeDiffParser.html...
Generating /home/platypus/Documents/testing_of_enterprise_applications/warnings-ng-plugin-devenv/analysis-model/target/apidocs/edu/hm/hafner/analysis/parser/SonarQubeIssuesParser.html...
Generating /home/platypus/Documents/testing_of_enterprise_applications/warnings-ng-plugin-devenv/analysis-model/target/apidocs/edu/hm/hafner/analysis/parser/SonarQubeParser.html...
Generating /home/platypus/Documents/testing_of_enterprise_applications/warnings-ng-plugin-devenv/analysis-model/target/apidocs/edu/hm/hafner/analysis/parser/SphinxBuildParser.html...
Generating /home/platypus/Documents/testing_of_enterprise_applications/warnings-ng-plugin-devenv/analysis-model/target/apidocs/edu/hm/hafner/analysis/parser/StyleCopParser.html...
Generating /home/platypus/Documents/testing_of_enterprise_applications/warnings-ng-plugin-devenv/analysis-model/target/apidocs/edu/hm/hafner/analysis/parser/SunCParser.html...
Generating /home/platypus/Documents/testing_of_enterprise_applications/warnings-ng-plugin-devenv/analysis-model/target/apidocs/edu/hm/hafner/analysis/parser/TaglistParser.html...
Generating /home/platypus/Documents/testing_of_enterprise_applications/warnings-ng-plugin-devenv/analysis-model/target/apidocs/edu/hm/hafner/analysis/parser/TaskingVxCompilerParser.html...
Generating /home/platypus/Documents/testing_of_enterprise_applications/warnings-ng-plugin-devenv/analysis-model/target/apidocs/edu/hm/hafner/analysis/parser/TiCcsParser.html...
Generating /home/platypus/Documents/testing_of_enterprise_applications/warnings-ng-plugin-devenv/analysis-model/target/apidocs/edu/hm/hafner/analysis/parser/TnsdlParser.html...
Generating /home/platypus/Documents/testing_of_enterprise_applications/warnings-ng-plugin-devenv/analysis-model/target/apidocs/edu/hm/hafner/analysis/parser/XlcCompilerParser.html...
Generating /home/platypus/Documents/testing_of_enterprise_applications/warnings-ng-plugin-devenv/analysis-model/target/apidocs/edu/hm/hafner/analysis/parser/XlcLinkerParser.html...
Generating /home/platypus/Documents/testing_of_enterprise_applications/warnings-ng-plugin-devenv/analysis-model/target/apidocs/edu/hm/hafner/analysis/parser/YuiCompressorParser.html...
Generating /home/platypus/Documents/testing_of_enterprise_applications/warnings-ng-plugin-devenv/analysis-model/target/apidocs/edu/hm/hafner/analysis/parser/ccm/Ccm.html...
Generating /home/platypus/Documents/testing_of_enterprise_applications/warnings-ng-plugin-devenv/analysis-model/target/apidocs/edu/hm/hafner/analysis/parser/ccm/CcmParser.html...
Generating /home/platypus/Documents/testing_of_enterprise_applications/warnings-ng-plugin-devenv/analysis-model/target/apidocs/edu/hm/hafner/analysis/parser/ccm/Metric.html...
Generating /home/platypus/Documents/testing_of_enterprise_applications/warnings-ng-plugin-devenv/analysis-model/target/apidocs/edu/hm/hafner/analysis/parser/violations/AbstractViolationAdapter.html...
Generating /home/platypus/Documents/testing_of_enterprise_applications/warnings-ng-plugin-devenv/analysis-model/target/apidocs/edu/hm/hafner/analysis/parser/violations/AndroidLintParserAdapter.html...
Generating /home/platypus/Documents/testing_of_enterprise_applications/warnings-ng-plugin-devenv/analysis-model/target/apidocs/edu/hm/hafner/analysis/parser/violations/CodeNarcAdapter.html...
Generating /home/platypus/Documents/testing_of_enterprise_applications/warnings-ng-plugin-devenv/analysis-model/target/apidocs/edu/hm/hafner/analysis/parser/violations/CppCheckAdapter.html...
Generating /home/platypus/Documents/testing_of_enterprise_applications/warnings-ng-plugin-devenv/analysis-model/target/apidocs/edu/hm/hafner/analysis/parser/violations/DocFxAdapter.html...
Generating /home/platypus/Documents/testing_of_enterprise_applications/warnings-ng-plugin-devenv/analysis-model/target/apidocs/edu/hm/hafner/analysis/parser/violations/ErrorProneAdapter.html...
Generating /home/platypus/Documents/testing_of_enterprise_applications/warnings-ng-plugin-devenv/analysis-model/target/apidocs/edu/hm/hafner/analysis/parser/violations/Flake8Adapter.html...
Generating /home/platypus/Documents/testing_of_enterprise_applications/warnings-ng-plugin-devenv/analysis-model/target/apidocs/edu/hm/hafner/analysis/parser/violations/JsHintAdapter.html...
Generating /home/platypus/Documents/testing_of_enterprise_applications/warnings-ng-plugin-devenv/analysis-model/target/apidocs/edu/hm/hafner/analysis/parser/violations/KlocWorkAdapter.html...
Generating /home/platypus/Documents/testing_of_enterprise_applications/warnings-ng-plugin-devenv/analysis-model/target/apidocs/edu/hm/hafner/analysis/parser/violations/MyPyAdapter.html...
Generating /home/platypus/Documents/testing_of_enterprise_applications/warnings-ng-plugin-devenv/analysis-model/target/apidocs/edu/hm/hafner/analysis/parser/violations/PitAdapter.html...
Generating /home/platypus/Documents/testing_of_enterprise_applications/warnings-ng-plugin-devenv/analysis-model/target/apidocs/edu/hm/hafner/analysis/parser/violations/PyDocStyleAdapter.html...
Generating /home/platypus/Documents/testing_of_enterprise_applications/warnings-ng-plugin-devenv/analysis-model/target/apidocs/edu/hm/hafner/analysis/parser/violations/ResharperInspectCodeAdapter.html...
Generating /home/platypus/Documents/testing_of_enterprise_applications/warnings-ng-plugin-devenv/analysis-model/target/apidocs/edu/hm/hafner/analysis/parser/violations/XmlLintAdapter.html...
Generating /home/platypus/Documents/testing_of_enterprise_applications/warnings-ng-plugin-devenv/analysis-model/target/apidocs/edu/hm/hafner/analysis/parser/violations/YamlLintAdapter.html...
Generating /home/platypus/Documents/testing_of_enterprise_applications/warnings-ng-plugin-devenv/analysis-model/target/apidocs/edu/hm/hafner/analysis/parser/violations/ZptLintAdapter.html...
Generating /home/platypus/Documents/testing_of_enterprise_applications/warnings-ng-plugin-devenv/analysis-model/target/apidocs/edu/hm/hafner/analysis/parser/checkstyle/CheckStyle.html...
Generating /home/platypus/Documents/testing_of_enterprise_applications/warnings-ng-plugin-devenv/analysis-model/target/apidocs/edu/hm/hafner/analysis/parser/checkstyle/CheckStyleParser.html...
Generating /home/platypus/Documents/testing_of_enterprise_applications/warnings-ng-plugin-devenv/analysis-model/target/apidocs/edu/hm/hafner/analysis/parser/checkstyle/Error.html...
Generating /home/platypus/Documents/testing_of_enterprise_applications/warnings-ng-plugin-devenv/analysis-model/target/apidocs/edu/hm/hafner/analysis/parser/checkstyle/File.html...
Generating /home/platypus/Documents/testing_of_enterprise_applications/warnings-ng-plugin-devenv/analysis-model/target/apidocs/edu/hm/hafner/analysis/parser/dry/AbstractDryParser.html...
Generating /home/platypus/Documents/testing_of_enterprise_applications/warnings-ng-plugin-devenv/analysis-model/target/apidocs/edu/hm/hafner/analysis/parser/dry/DuplicationGroup.html...
Generating /home/platypus/Documents/testing_of_enterprise_applications/warnings-ng-plugin-devenv/analysis-model/target/apidocs/edu/hm/hafner/analysis/parser/dry/cpd/CpdParser.html...
Generating /home/platypus/Documents/testing_of_enterprise_applications/warnings-ng-plugin-devenv/analysis-model/target/apidocs/edu/hm/hafner/analysis/parser/dry/cpd/Duplication.html...
Generating /home/platypus/Documents/testing_of_enterprise_applications/warnings-ng-plugin-devenv/analysis-model/target/apidocs/edu/hm/hafner/analysis/parser/dry/cpd/SourceFile.html...
Generating /home/platypus/Documents/testing_of_enterprise_applications/warnings-ng-plugin-devenv/analysis-model/target/apidocs/edu/hm/hafner/analysis/parser/dry/simian/Block.html...
Generating /home/platypus/Documents/testing_of_enterprise_applications/warnings-ng-plugin-devenv/analysis-model/target/apidocs/edu/hm/hafner/analysis/parser/dry/simian/Set.html...
Generating /home/platypus/Documents/testing_of_enterprise_applications/warnings-ng-plugin-devenv/analysis-model/target/apidocs/edu/hm/hafner/analysis/parser/dry/simian/SimianParser.html...
Generating /home/platypus/Documents/testing_of_enterprise_applications/warnings-ng-plugin-devenv/analysis-model/target/apidocs/edu/hm/hafner/analysis/parser/dry/dupfinder/DupFinderParser.html...
Generating /home/platypus/Documents/testing_of_enterprise_applications/warnings-ng-plugin-devenv/analysis-model/target/apidocs/edu/hm/hafner/analysis/parser/dry/dupfinder/Duplicate.html...
Generating /home/platypus/Documents/testing_of_enterprise_applications/warnings-ng-plugin-devenv/analysis-model/target/apidocs/edu/hm/hafner/analysis/parser/dry/dupfinder/Fragment.html...
Generating /home/platypus/Documents/testing_of_enterprise_applications/warnings-ng-plugin-devenv/analysis-model/target/apidocs/edu/hm/hafner/analysis/parser/dry/dupfinder/Range.html...
Generating /home/platypus/Documents/testing_of_enterprise_applications/warnings-ng-plugin-devenv/analysis-model/target/apidocs/edu/hm/hafner/analysis/parser/jcreport/File.html...
Generating /home/platypus/Documents/testing_of_enterprise_applications/warnings-ng-plugin-devenv/analysis-model/target/apidocs/edu/hm/hafner/analysis/parser/jcreport/Item.html...
Generating /home/platypus/Documents/testing_of_enterprise_applications/warnings-ng-plugin-devenv/analysis-model/target/apidocs/edu/hm/hafner/analysis/parser/jcreport/JcReportParser.html...
Generating /home/platypus/Documents/testing_of_enterprise_applications/warnings-ng-plugin-devenv/analysis-model/target/apidocs/edu/hm/hafner/analysis/parser/jcreport/Report.html...
Generating /home/platypus/Documents/testing_of_enterprise_applications/warnings-ng-plugin-devenv/analysis-model/target/apidocs/edu/hm/hafner/analysis/parser/gendarme/GendarmeParser.html...
Generating /home/platypus/Documents/testing_of_enterprise_applications/warnings-ng-plugin-devenv/analysis-model/target/apidocs/edu/hm/hafner/analysis/parser/gendarme/GendarmeRule.html...
Generating /home/platypus/Documents/testing_of_enterprise_applications/warnings-ng-plugin-devenv/analysis-model/target/apidocs/edu/hm/hafner/analysis/parser/gendarme/GendarmeRuleType.html...
Generating /home/platypus/Documents/testing_of_enterprise_applications/warnings-ng-plugin-devenv/analysis-model/target/apidocs/overview-frame.html...
Generating /home/platypus/Documents/testing_of_enterprise_applications/warnings-ng-plugin-devenv/analysis-model/target/apidocs/edu/hm/hafner/analysis/package-frame.html...
Generating /home/platypus/Documents/testing_of_enterprise_applications/warnings-ng-plugin-devenv/analysis-model/target/apidocs/edu/hm/hafner/analysis/package-summary.html...
Generating /home/platypus/Documents/testing_of_enterprise_applications/warnings-ng-plugin-devenv/analysis-model/target/apidocs/edu/hm/hafner/analysis/package-tree.html...
Generating /home/platypus/Documents/testing_of_enterprise_applications/warnings-ng-plugin-devenv/analysis-model/target/apidocs/edu/hm/hafner/analysis/parser/package-frame.html...
Generating /home/platypus/Documents/testing_of_enterprise_applications/warnings-ng-plugin-devenv/analysis-model/target/apidocs/edu/hm/hafner/analysis/parser/package-summary.html...
Generating /home/platypus/Documents/testing_of_enterprise_applications/warnings-ng-plugin-devenv/analysis-model/target/apidocs/edu/hm/hafner/analysis/parser/package-tree.html...
Generating /home/platypus/Documents/testing_of_enterprise_applications/warnings-ng-plugin-devenv/analysis-model/target/apidocs/edu/hm/hafner/analysis/parser/ccm/package-frame.html...
Generating /home/platypus/Documents/testing_of_enterprise_applications/warnings-ng-plugin-devenv/analysis-model/target/apidocs/edu/hm/hafner/analysis/parser/ccm/package-summary.html...
Generating /home/platypus/Documents/testing_of_enterprise_applications/warnings-ng-plugin-devenv/analysis-model/target/apidocs/edu/hm/hafner/analysis/parser/ccm/package-tree.html...
Generating /home/platypus/Documents/testing_of_enterprise_applications/warnings-ng-plugin-devenv/analysis-model/target/apidocs/edu/hm/hafner/analysis/parser/checkstyle/package-frame.html...
Generating /home/platypus/Documents/testing_of_enterprise_applications/warnings-ng-plugin-devenv/analysis-model/target/apidocs/edu/hm/hafner/analysis/parser/checkstyle/package-summary.html...
Generating /home/platypus/Documents/testing_of_enterprise_applications/warnings-ng-plugin-devenv/analysis-model/target/apidocs/edu/hm/hafner/analysis/parser/checkstyle/package-tree.html...
Generating /home/platypus/Documents/testing_of_enterprise_applications/warnings-ng-plugin-devenv/analysis-model/target/apidocs/edu/hm/hafner/analysis/parser/dry/package-frame.html...
Generating /home/platypus/Documents/testing_of_enterprise_applications/warnings-ng-plugin-devenv/analysis-model/target/apidocs/edu/hm/hafner/analysis/parser/dry/package-summary.html...
Generating /home/platypus/Documents/testing_of_enterprise_applications/warnings-ng-plugin-devenv/analysis-model/target/apidocs/edu/hm/hafner/analysis/parser/dry/package-tree.html...
Generating /home/platypus/Documents/testing_of_enterprise_applications/warnings-ng-plugin-devenv/analysis-model/target/apidocs/edu/hm/hafner/analysis/parser/dry/cpd/package-frame.html...
Generating /home/platypus/Documents/testing_of_enterprise_applications/warnings-ng-plugin-devenv/analysis-model/target/apidocs/edu/hm/hafner/analysis/parser/dry/cpd/package-summary.html...
Generating /home/platypus/Documents/testing_of_enterprise_applications/warnings-ng-plugin-devenv/analysis-model/target/apidocs/edu/hm/hafner/analysis/parser/dry/cpd/package-tree.html...
Generating /home/platypus/Documents/testing_of_enterprise_applications/warnings-ng-plugin-devenv/analysis-model/target/apidocs/edu/hm/hafner/analysis/parser/dry/dupfinder/package-frame.html...
Generating /home/platypus/Documents/testing_of_enterprise_applications/warnings-ng-plugin-devenv/analysis-model/target/apidocs/edu/hm/hafner/analysis/parser/dry/dupfinder/package-summary.html...
Generating /home/platypus/Documents/testing_of_enterprise_applications/warnings-ng-plugin-devenv/analysis-model/target/apidocs/edu/hm/hafner/analysis/parser/dry/dupfinder/package-tree.html...
Generating /home/platypus/Documents/testing_of_enterprise_applications/warnings-ng-plugin-devenv/analysis-model/target/apidocs/edu/hm/hafner/analysis/parser/dry/simian/package-frame.html...
Generating /home/platypus/Documents/testing_of_enterprise_applications/warnings-ng-plugin-devenv/analysis-model/target/apidocs/edu/hm/hafner/analysis/parser/dry/simian/package-summary.html...
Generating /home/platypus/Documents/testing_of_enterprise_applications/warnings-ng-plugin-devenv/analysis-model/target/apidocs/edu/hm/hafner/analysis/parser/dry/simian/package-tree.html...
Generating /home/platypus/Documents/testing_of_enterprise_applications/warnings-ng-plugin-devenv/analysis-model/target/apidocs/edu/hm/hafner/analysis/parser/fxcop/package-frame.html...
Generating /home/platypus/Documents/testing_of_enterprise_applications/warnings-ng-plugin-devenv/analysis-model/target/apidocs/edu/hm/hafner/analysis/parser/fxcop/package-summary.html...
Generating /home/platypus/Documents/testing_of_enterprise_applications/warnings-ng-plugin-devenv/analysis-model/target/apidocs/edu/hm/hafner/analysis/parser/fxcop/package-tree.html...
Generating /home/platypus/Documents/testing_of_enterprise_applications/warnings-ng-plugin-devenv/analysis-model/target/apidocs/edu/hm/hafner/analysis/parser/gendarme/package-frame.html...
Generating /home/platypus/Documents/testing_of_enterprise_applications/warnings-ng-plugin-devenv/analysis-model/target/apidocs/edu/hm/hafner/analysis/parser/gendarme/package-summary.html...
Generating /home/platypus/Documents/testing_of_enterprise_applications/warnings-ng-plugin-devenv/analysis-model/target/apidocs/edu/hm/hafner/analysis/parser/gendarme/package-tree.html...
Generating /home/platypus/Documents/testing_of_enterprise_applications/warnings-ng-plugin-devenv/analysis-model/target/apidocs/edu/hm/hafner/analysis/parser/jcreport/package-frame.html...
Generating /home/platypus/Documents/testing_of_enterprise_applications/warnings-ng-plugin-devenv/analysis-model/target/apidocs/edu/hm/hafner/analysis/parser/jcreport/package-summary.html...
Generating /home/platypus/Documents/testing_of_enterprise_applications/warnings-ng-plugin-devenv/analysis-model/target/apidocs/edu/hm/hafner/analysis/parser/jcreport/package-tree.html...
Generating /home/platypus/Documents/testing_of_enterprise_applications/warnings-ng-plugin-devenv/analysis-model/target/apidocs/edu/hm/hafner/analysis/parser/pmd/package-frame.html...
Generating /home/platypus/Documents/testing_of_enterprise_applications/warnings-ng-plugin-devenv/analysis-model/target/apidocs/edu/hm/hafner/analysis/parser/pmd/package-summary.html...
Generating /home/platypus/Documents/testing_of_enterprise_applications/warnings-ng-plugin-devenv/analysis-model/target/apidocs/edu/hm/hafner/analysis/parser/pmd/package-tree.html...
Generating /home/platypus/Documents/testing_of_enterprise_applications/warnings-ng-plugin-devenv/analysis-model/target/apidocs/edu/hm/hafner/analysis/parser/violations/package-frame.html...
Generating /home/platypus/Documents/testing_of_enterprise_applications/warnings-ng-plugin-devenv/analysis-model/target/apidocs/edu/hm/hafner/analysis/parser/violations/package-summary.html...
Generating /home/platypus/Documents/testing_of_enterprise_applications/warnings-ng-plugin-devenv/analysis-model/target/apidocs/edu/hm/hafner/analysis/parser/violations/package-tree.html...
Generating /home/platypus/Documents/testing_of_enterprise_applications/warnings-ng-plugin-devenv/analysis-model/target/apidocs/edu/hm/hafner/util/package-frame.html...
Generating /home/platypus/Documents/testing_of_enterprise_applications/warnings-ng-plugin-devenv/analysis-model/target/apidocs/edu/hm/hafner/util/package-summary.html...
Generating /home/platypus/Documents/testing_of_enterprise_applications/warnings-ng-plugin-devenv/analysis-model/target/apidocs/edu/hm/hafner/util/package-tree.html...
Generating /home/platypus/Documents/testing_of_enterprise_applications/warnings-ng-plugin-devenv/analysis-model/target/apidocs/constant-values.html...
Generating /home/platypus/Documents/testing_of_enterprise_applications/warnings-ng-plugin-devenv/analysis-model/target/apidocs/serialized-form.html...
Generating /home/platypus/Documents/testing_of_enterprise_applications/warnings-ng-plugin-devenv/analysis-model/target/apidocs/edu/hm/hafner/util/class-use/VisibleForTesting.html...
Generating /home/platypus/Documents/testing_of_enterprise_applications/warnings-ng-plugin-devenv/analysis-model/target/apidocs/edu/hm/hafner/util/class-use/IntegerParser.html...
Generating /home/platypus/Documents/testing_of_enterprise_applications/warnings-ng-plugin-devenv/analysis-model/target/apidocs/edu/hm/hafner/util/class-use/TreeString.html...
Generating /home/platypus/Documents/testing_of_enterprise_applications/warnings-ng-plugin-devenv/analysis-model/target/apidocs/edu/hm/hafner/util/class-use/NoSuchElementException.html...
Generating /home/platypus/Documents/testing_of_enterprise_applications/warnings-ng-plugin-devenv/analysis-model/target/apidocs/edu/hm/hafner/util/class-use/Ensure.html...
Generating /home/platypus/Documents/testing_of_enterprise_applications/warnings-ng-plugin-devenv/analysis-model/target/apidocs/edu/hm/hafner/util/class-use/Ensure.IterableCondition.html...
Generating /home/platypus/Documents/testing_of_enterprise_applications/warnings-ng-plugin-devenv/analysis-model/target/apidocs/edu/hm/hafner/util/class-use/Ensure.CollectionCondition.html...
Generating /home/platypus/Documents/testing_of_enterprise_applications/warnings-ng-plugin-devenv/analysis-model/target/apidocs/edu/hm/hafner/util/class-use/Ensure.ArrayCondition.html...
Generating /home/platypus/Documents/testing_of_enterprise_applications/warnings-ng-plugin-devenv/analysis-model/target/apidocs/edu/hm/hafner/util/class-use/Ensure.StringCondition.html...
Generating /home/platypus/Documents/testing_of_enterprise_applications/warnings-ng-plugin-devenv/analysis-model/target/apidocs/edu/hm/hafner/util/class-use/Ensure.ObjectCondition.html...
Generating /home/platypus/Documents/testing_of_enterprise_applications/warnings-ng-plugin-devenv/analysis-model/target/apidocs/edu/hm/hafner/util/class-use/Ensure.BooleanCondition.html...
Generating /home/platypus/Documents/testing_of_enterprise_applications/warnings-ng-plugin-devenv/analysis-model/target/apidocs/edu/hm/hafner/util/class-use/Ensure.ExceptionCondition.html...
Generating /home/platypus/Documents/testing_of_enterprise_applications/warnings-ng-plugin-devenv/analysis-model/target/apidocs/edu/hm/hafner/util/class-use/LookaheadStream.html...
Generating /home/platypus/Documents/testing_of_enterprise_applications/warnings-ng-plugin-devenv/analysis-model/target/apidocs/edu/hm/hafner/util/class-use/XmlElementUtil.html...
Generating /home/platypus/Documents/testing_of_enterprise_applications/warnings-ng-plugin-devenv/analysis-model/target/apidocs/edu/hm/hafner/util/class-use/PathUtil.html...
Generating /home/platypus/Documents/testing_of_enterprise_applications/warnings-ng-plugin-devenv/analysis-model/target/apidocs/edu/hm/hafner/util/class-use/TreeStringBuilder.html...
Generating /home/platypus/Documents/testing_of_enterprise_applications/warnings-ng-plugin-devenv/analysis-model/target/apidocs/edu/hm/hafner/util/class-use/StringContainsUtils.html...
Generating /home/platypus/Documents/testing_of_enterprise_applications/warnings-ng-plugin-devenv/analysis-model/target/apidocs/edu/hm/hafner/analysis/class-use/RegexpLineParser.html...
Generating /home/platypus/Documents/testing_of_enterprise_applications/warnings-ng-plugin-devenv/analysis-model/target/apidocs/edu/hm/hafner/analysis/class-use/LookaheadParser.html...
Generating /home/platypus/Documents/testing_of_enterprise_applications/warnings-ng-plugin-devenv/analysis-model/target/apidocs/edu/hm/hafner/analysis/class-use/FilteredLog.html...
Generating /home/platypus/Documents/testing_of_enterprise_applications/warnings-ng-plugin-devenv/analysis-model/target/apidocs/edu/hm/hafner/analysis/class-use/IssueParser.html...
Generating /home/platypus/Documents/testing_of_enterprise_applications/warnings-ng-plugin-devenv/analysis-model/target/apidocs/edu/hm/hafner/analysis/class-use/Categories.html...
Generating /home/platypus/Documents/testing_of_enterprise_applications/warnings-ng-plugin-devenv/analysis-model/target/apidocs/edu/hm/hafner/analysis/class-use/FastRegexpLineParser.html...
Generating /home/platypus/Documents/testing_of_enterprise_applications/warnings-ng-plugin-devenv/analysis-model/target/apidocs/edu/hm/hafner/analysis/class-use/LineRangeList.html...
Generating /home/platypus/Documents/testing_of_enterprise_applications/warnings-ng-plugin-devenv/analysis-model/target/apidocs/edu/hm/hafner/analysis/class-use/Severity.html...
Generating /home/platypus/Documents/testing_of_enterprise_applications/warnings-ng-plugin-devenv/analysis-model/target/apidocs/edu/hm/hafner/analysis/class-use/Issue.html...
Generating /home/platypus/Documents/testing_of_enterprise_applications/warnings-ng-plugin-devenv/analysis-model/target/apidocs/edu/hm/hafner/analysis/class-use/ParsingException.html...
Generating /home/platypus/Documents/testing_of_enterprise_applications/warnings-ng-plugin-devenv/analysis-model/target/apidocs/edu/hm/hafner/analysis/class-use/PackageNameResolver.html...
Generating /home/platypus/Documents/testing_of_enterprise_applications/warnings-ng-plugin-devenv/analysis-model/target/apidocs/edu/hm/hafner/analysis/class-use/FullTextFingerprint.html...
Generating /home/platypus/Documents/testing_of_enterprise_applications/warnings-ng-plugin-devenv/analysis-model/target/apidocs/edu/hm/hafner/analysis/class-use/RegexpParser.html...
Generating /home/platypus/Documents/testing_of_enterprise_applications/warnings-ng-plugin-devenv/analysis-model/target/apidocs/edu/hm/hafner/analysis/class-use/SecureDigester.html...
Generating /home/platypus/Documents/testing_of_enterprise_applications/warnings-ng-plugin-devenv/analysis-model/target/apidocs/edu/hm/hafner/analysis/class-use/LineRange.html...
Generating /home/platypus/Documents/testing_of_enterprise_applications/warnings-ng-plugin-devenv/analysis-model/target/apidocs/edu/hm/hafner/analysis/class-use/FingerprintGenerator.html...
Generating /home/platypus/Documents/testing_of_enterprise_applications/warnings-ng-plugin-devenv/analysis-model/target/apidocs/edu/hm/hafner/analysis/class-use/ReaderFactory.html...
Generating /home/platypus/Documents/testing_of_enterprise_applications/warnings-ng-plugin-devenv/analysis-model/target/apidocs/edu/hm/hafner/analysis/class-use/RegexpDocumentParser.html...
Generating /home/platypus/Documents/testing_of_enterprise_applications/warnings-ng-plugin-devenv/analysis-model/target/apidocs/edu/hm/hafner/analysis/class-use/IssueBuilder.html...
Generating /home/platypus/Documents/testing_of_enterprise_applications/warnings-ng-plugin-devenv/analysis-model/target/apidocs/edu/hm/hafner/analysis/class-use/ParsingCanceledException.html...
Generating /home/platypus/Documents/testing_of_enterprise_applications/warnings-ng-plugin-devenv/analysis-model/target/apidocs/edu/hm/hafner/analysis/class-use/FileReaderFactory.html...
Generating /home/platypus/Documents/testing_of_enterprise_applications/warnings-ng-plugin-devenv/analysis-model/target/apidocs/edu/hm/hafner/analysis/class-use/ModuleDetector.html...
Generating /home/platypus/Documents/testing_of_enterprise_applications/warnings-ng-plugin-devenv/analysis-model/target/apidocs/edu/hm/hafner/analysis/class-use/ModuleDetector.FileSystem.html...
Generating /home/platypus/Documents/testing_of_enterprise_applications/warnings-ng-plugin-devenv/analysis-model/target/apidocs/edu/hm/hafner/analysis/class-use/ModuleResolver.html...
Generating /home/platypus/Documents/testing_of_enterprise_applications/warnings-ng-plugin-devenv/analysis-model/target/apidocs/edu/hm/hafner/analysis/class-use/Report.html...
Generating /home/platypus/Documents/testing_of_enterprise_applications/warnings-ng-plugin-devenv/analysis-model/target/apidocs/edu/hm/hafner/analysis/class-use/Report.IssueFilterBuilder.html...
Generating /home/platypus/Documents/testing_of_enterprise_applications/warnings-ng-plugin-devenv/analysis-model/target/apidocs/edu/hm/hafner/analysis/parser/fxcop/class-use/FxCopParser.html...
Generating /home/platypus/Documents/testing_of_enterprise_applications/warnings-ng-plugin-devenv/analysis-model/target/apidocs/edu/hm/hafner/analysis/parser/fxcop/class-use/FxCopRule.html...
Generating /home/platypus/Documents/testing_of_enterprise_applications/warnings-ng-plugin-devenv/analysis-model/target/apidocs/edu/hm/hafner/analysis/parser/fxcop/class-use/FxCopRuleSet.html...
Generating /home/platypus/Documents/testing_of_enterprise_applications/warnings-ng-plugin-devenv/analysis-model/target/apidocs/edu/hm/hafner/analysis/parser/pmd/class-use/Pmd.html...
Generating /home/platypus/Documents/testing_of_enterprise_applications/warnings-ng-plugin-devenv/analysis-model/target/apidocs/edu/hm/hafner/analysis/parser/pmd/class-use/File.html...
Generating /home/platypus/Documents/testing_of_enterprise_applications/warnings-ng-plugin-devenv/analysis-model/target/apidocs/edu/hm/hafner/analysis/parser/pmd/class-use/PmdParser.html...
Generating /home/platypus/Documents/testing_of_enterprise_applications/warnings-ng-plugin-devenv/analysis-model/target/apidocs/edu/hm/hafner/analysis/parser/pmd/class-use/Violation.html...
Generating /home/platypus/Documents/testing_of_enterprise_applications/warnings-ng-plugin-devenv/analysis-model/target/apidocs/edu/hm/hafner/analysis/parser/class-use/DiabCParser.html...
Generating /home/platypus/Documents/testing_of_enterprise_applications/warnings-ng-plugin-devenv/analysis-model/target/apidocs/edu/hm/hafner/analysis/parser/class-use/ArmccCompilerParser.html...
Generating /home/platypus/Documents/testing_of_enterprise_applications/warnings-ng-plugin-devenv/analysis-model/target/apidocs/edu/hm/hafner/analysis/parser/class-use/JavacParser.html...
Generating /home/platypus/Documents/testing_of_enterprise_applications/warnings-ng-plugin-devenv/analysis-model/target/apidocs/edu/hm/hafner/analysis/parser/class-use/Gcc4LinkerParser.html...
Generating /home/platypus/Documents/testing_of_enterprise_applications/warnings-ng-plugin-devenv/analysis-model/target/apidocs/edu/hm/hafner/analysis/parser/class-use/Armcc5CompilerParser.html...
Generating /home/platypus/Documents/testing_of_enterprise_applications/warnings-ng-plugin-devenv/analysis-model/target/apidocs/edu/hm/hafner/analysis/parser/class-use/EclipseParser.html...
Generating /home/platypus/Documents/testing_of_enterprise_applications/warnings-ng-plugin-devenv/analysis-model/target/apidocs/edu/hm/hafner/analysis/parser/class-use/CppLintParser.html...
Generating /home/platypus/Documents/testing_of_enterprise_applications/warnings-ng-plugin-devenv/analysis-model/target/apidocs/edu/hm/hafner/analysis/parser/class-use/MetrowerksCwLinkerParser.html...
Generating /home/platypus/Documents/testing_of_enterprise_applications/warnings-ng-plugin-devenv/analysis-model/target/apidocs/edu/hm/hafner/analysis/parser/class-use/SonarQubeIssuesParser.html...
Generating /home/platypus/Documents/testing_of_enterprise_applications/warnings-ng-plugin-devenv/analysis-model/target/apidocs/edu/hm/hafner/analysis/parser/class-use/SbtScalacParser.html...
Generating /home/platypus/Documents/testing_of_enterprise_applications/warnings-ng-plugin-devenv/analysis-model/target/apidocs/edu/hm/hafner/analysis/parser/class-use/GccParser.html...
Generating /home/platypus/Documents/testing_of_enterprise_applications/warnings-ng-plugin-devenv/analysis-model/target/apidocs/edu/hm/hafner/analysis/parser/class-use/P4Parser.html...
Generating /home/platypus/Documents/testing_of_enterprise_applications/warnings-ng-plugin-devenv/analysis-model/target/apidocs/edu/hm/hafner/analysis/parser/class-use/PuppetLintParser.html...
Generating /home/platypus/Documents/testing_of_enterprise_applications/warnings-ng-plugin-devenv/analysis-model/target/apidocs/edu/hm/hafner/analysis/parser/class-use/RobocopyParser.html...
Generating /home/platypus/Documents/testing_of_enterprise_applications/warnings-ng-plugin-devenv/analysis-model/target/apidocs/edu/hm/hafner/analysis/parser/class-use/IdeaInspectionParser.html...
Generating /home/platypus/Documents/testing_of_enterprise_applications/warnings-ng-plugin-devenv/analysis-model/target/apidocs/edu/hm/hafner/analysis/parser/class-use/YuiCompressorParser.html...
Generating /home/platypus/Documents/testing_of_enterprise_applications/warnings-ng-plugin-devenv/analysis-model/target/apidocs/edu/hm/hafner/analysis/parser/class-use/SonarQubeDiffParser.html...
Generating /home/platypus/Documents/testing_of_enterprise_applications/warnings-ng-plugin-devenv/analysis-model/target/apidocs/edu/hm/hafner/analysis/parser/class-use/FindBugsParser.html...
Generating /home/platypus/Documents/testing_of_enterprise_applications/warnings-ng-plugin-devenv/analysis-model/target/apidocs/edu/hm/hafner/analysis/parser/class-use/FindBugsParser.PriorityProperty.html...
Generating /home/platypus/Documents/testing_of_enterprise_applications/warnings-ng-plugin-devenv/analysis-model/target/apidocs/edu/hm/hafner/analysis/parser/class-use/FindBugsParser.XmlBugInstance.html...
Generating /home/platypus/Documents/testing_of_enterprise_applications/warnings-ng-plugin-devenv/analysis-model/target/apidocs/edu/hm/hafner/analysis/parser/class-use/PhpParser.html...
Generating /home/platypus/Documents/testing_of_enterprise_applications/warnings-ng-plugin-devenv/analysis-model/target/apidocs/edu/hm/hafner/analysis/parser/class-use/FlexSdkParser.html...
Generating /home/platypus/Documents/testing_of_enterprise_applications/warnings-ng-plugin-devenv/analysis-model/target/apidocs/edu/hm/hafner/analysis/parser/class-use/GhsMultiParser.html...
Generating /home/platypus/Documents/testing_of_enterprise_applications/warnings-ng-plugin-devenv/analysis-model/target/apidocs/edu/hm/hafner/analysis/parser/class-use/DrMemoryParser.html...
Generating /home/platypus/Documents/testing_of_enterprise_applications/warnings-ng-plugin-devenv/analysis-model/target/apidocs/edu/hm/hafner/analysis/parser/class-use/TiCcsParser.html...
Generating /home/platypus/Documents/testing_of_enterprise_applications/warnings-ng-plugin-devenv/analysis-model/target/apidocs/edu/hm/hafner/analysis/parser/class-use/RfLintParser.html...
Generating /home/platypus/Documents/testing_of_enterprise_applications/warnings-ng-plugin-devenv/analysis-model/target/apidocs/edu/hm/hafner/analysis/parser/class-use/GradleErrorProneParser.html...
Generating /home/platypus/Documents/testing_of_enterprise_applications/warnings-ng-plugin-devenv/analysis-model/target/apidocs/edu/hm/hafner/analysis/parser/class-use/IarParser.html...
Generating /home/platypus/Documents/testing_of_enterprise_applications/warnings-ng-plugin-devenv/analysis-model/target/apidocs/edu/hm/hafner/analysis/parser/class-use/ErrorProneParser.html...
Generating /home/platypus/Documents/testing_of_enterprise_applications/warnings-ng-plugin-devenv/analysis-model/target/apidocs/edu/hm/hafner/analysis/parser/class-use/TaskingVxCompilerParser.html...
Generating /home/platypus/Documents/testing_of_enterprise_applications/warnings-ng-plugin-devenv/analysis-model/target/apidocs/edu/hm/hafner/analysis/parser/class-use/EclipseMavenParser.html...
Generating /home/platypus/Documents/testing_of_enterprise_applications/warnings-ng-plugin-devenv/analysis-model/target/apidocs/edu/hm/hafner/analysis/parser/class-use/ClangTidyParser.html...
Generating /home/platypus/Documents/testing_of_enterprise_applications/warnings-ng-plugin-devenv/analysis-model/target/apidocs/edu/hm/hafner/analysis/parser/class-use/AcuCobolParser.html...
Generating /home/platypus/Documents/testing_of_enterprise_applications/warnings-ng-plugin-devenv/analysis-model/target/apidocs/edu/hm/hafner/analysis/parser/class-use/PerlCriticParser.html...
Generating /home/platypus/Documents/testing_of_enterprise_applications/warnings-ng-plugin-devenv/analysis-model/target/apidocs/edu/hm/hafner/analysis/parser/class-use/BuckminsterParser.html...
Generating /home/platypus/Documents/testing_of_enterprise_applications/warnings-ng-plugin-devenv/analysis-model/target/apidocs/edu/hm/hafner/analysis/parser/class-use/ErlcParser.html...
Generating /home/platypus/Documents/testing_of_enterprise_applications/warnings-ng-plugin-devenv/analysis-model/target/apidocs/edu/hm/hafner/analysis/parser/class-use/IarCstatParser.html...
Generating /home/platypus/Documents/testing_of_enterprise_applications/warnings-ng-plugin-devenv/analysis-model/target/apidocs/edu/hm/hafner/analysis/parser/class-use/EclipseXMLParser.html...
Generating /home/platypus/Documents/testing_of_enterprise_applications/warnings-ng-plugin-devenv/analysis-model/target/apidocs/edu/hm/hafner/analysis/parser/class-use/AnsibleLintParser.html...
Generating /home/platypus/Documents/testing_of_enterprise_applications/warnings-ng-plugin-devenv/analysis-model/target/apidocs/edu/hm/hafner/analysis/parser/class-use/AntJavacParser.html...
Generating /home/platypus/Documents/testing_of_enterprise_applications/warnings-ng-plugin-devenv/analysis-model/target/apidocs/edu/hm/hafner/analysis/parser/class-use/Pep8Parser.html...
Generating /home/platypus/Documents/testing_of_enterprise_applications/warnings-ng-plugin-devenv/analysis-model/target/apidocs/edu/hm/hafner/analysis/parser/class-use/QacSourceCodeAnalyserParser.html...
Generating /home/platypus/Documents/testing_of_enterprise_applications/warnings-ng-plugin-devenv/analysis-model/target/apidocs/edu/hm/hafner/analysis/parser/class-use/JavaDocParser.html...
Generating /home/platypus/Documents/testing_of_enterprise_applications/warnings-ng-plugin-devenv/analysis-model/target/apidocs/edu/hm/hafner/analysis/parser/class-use/GnuFortranParser.html...
Generating /home/platypus/Documents/testing_of_enterprise_applications/warnings-ng-plugin-devenv/analysis-model/target/apidocs/edu/hm/hafner/analysis/parser/class-use/GnatParser.html...
Generating /home/platypus/Documents/testing_of_enterprise_applications/warnings-ng-plugin-devenv/analysis-model/target/apidocs/edu/hm/hafner/analysis/parser/class-use/XlcCompilerParser.html...
Generating /home/platypus/Documents/testing_of_enterprise_applications/warnings-ng-plugin-devenv/analysis-model/target/apidocs/edu/hm/hafner/analysis/parser/class-use/IntelParser.html...
Generating /home/platypus/Documents/testing_of_enterprise_applications/warnings-ng-plugin-devenv/analysis-model/target/apidocs/edu/hm/hafner/analysis/parser/class-use/PyLintParser.html...
Generating /home/platypus/Documents/testing_of_enterprise_applications/warnings-ng-plugin-devenv/analysis-model/target/apidocs/edu/hm/hafner/analysis/parser/class-use/CoolfluxChessccParser.html...
Generating /home/platypus/Documents/testing_of_enterprise_applications/warnings-ng-plugin-devenv/analysis-model/target/apidocs/edu/hm/hafner/analysis/parser/class-use/MetrowerksCwCompilerParser.html...
Generating /home/platypus/Documents/testing_of_enterprise_applications/warnings-ng-plugin-devenv/analysis-model/target/apidocs/edu/hm/hafner/analysis/parser/class-use/JSLintXmlSaxParser.html...
Generating /home/platypus/Documents/testing_of_enterprise_applications/warnings-ng-plugin-devenv/analysis-model/target/apidocs/edu/hm/hafner/analysis/parser/class-use/ClangParser.html...
Generating /home/platypus/Documents/testing_of_enterprise_applications/warnings-ng-plugin-devenv/analysis-model/target/apidocs/edu/hm/hafner/analysis/parser/class-use/CMakeParser.html...
Generating /home/platypus/Documents/testing_of_enterprise_applications/warnings-ng-plugin-devenv/analysis-model/target/apidocs/edu/hm/hafner/analysis/parser/class-use/StyleCopParser.html...
Generating /home/platypus/Documents/testing_of_enterprise_applications/warnings-ng-plugin-devenv/analysis-model/target/apidocs/edu/hm/hafner/analysis/parser/class-use/SonarQubeParser.html...
Generating /home/platypus/Documents/testing_of_enterprise_applications/warnings-ng-plugin-devenv/analysis-model/target/apidocs/edu/hm/hafner/analysis/parser/class-use/GoLintParser.html...
Generating /home/platypus/Documents/testing_of_enterprise_applications/warnings-ng-plugin-devenv/analysis-model/target/apidocs/edu/hm/hafner/analysis/parser/class-use/XlcLinkerParser.html...
Generating /home/platypus/Documents/testing_of_enterprise_applications/warnings-ng-plugin-devenv/analysis-model/target/apidocs/edu/hm/hafner/analysis/parser/class-use/CadenceIncisiveParser.html...
Generating /home/platypus/Documents/testing_of_enterprise_applications/warnings-ng-plugin-devenv/analysis-model/target/apidocs/edu/hm/hafner/analysis/parser/class-use/TaglistParser.html...
Generating /home/platypus/Documents/testing_of_enterprise_applications/warnings-ng-plugin-devenv/analysis-model/target/apidocs/edu/hm/hafner/analysis/parser/class-use/MsBuildParser.html...
Generating /home/platypus/Documents/testing_of_enterprise_applications/warnings-ng-plugin-devenv/analysis-model/target/apidocs/edu/hm/hafner/analysis/parser/class-use/SphinxBuildParser.html...
Generating /home/platypus/Documents/testing_of_enterprise_applications/warnings-ng-plugin-devenv/analysis-model/target/apidocs/edu/hm/hafner/analysis/parser/class-use/CodeAnalysisParser.html...
Generating /home/platypus/Documents/testing_of_enterprise_applications/warnings-ng-plugin-devenv/analysis-model/target/apidocs/edu/hm/hafner/analysis/parser/class-use/RuboCopParser.html...
Generating /home/platypus/Documents/testing_of_enterprise_applications/warnings-ng-plugin-devenv/analysis-model/target/apidocs/edu/hm/hafner/analysis/parser/class-use/CargoCheckParser.html...
Generating /home/platypus/Documents/testing_of_enterprise_applications/warnings-ng-plugin-devenv/analysis-model/target/apidocs/edu/hm/hafner/analysis/parser/class-use/AjcParser.html...
Generating /home/platypus/Documents/testing_of_enterprise_applications/warnings-ng-plugin-devenv/analysis-model/target/apidocs/edu/hm/hafner/analysis/parser/class-use/ScalacParser.html...
Generating /home/platypus/Documents/testing_of_enterprise_applications/warnings-ng-plugin-devenv/analysis-model/target/apidocs/edu/hm/hafner/analysis/parser/class-use/TnsdlParser.html...
Generating /home/platypus/Documents/testing_of_enterprise_applications/warnings-ng-plugin-devenv/analysis-model/target/apidocs/edu/hm/hafner/analysis/parser/class-use/NagFortranParser.html...
Generating /home/platypus/Documents/testing_of_enterprise_applications/warnings-ng-plugin-devenv/analysis-model/target/apidocs/edu/hm/hafner/analysis/parser/class-use/PreFastParser.html...
Generating /home/platypus/Documents/testing_of_enterprise_applications/warnings-ng-plugin-devenv/analysis-model/target/apidocs/edu/hm/hafner/analysis/parser/class-use/InvalidsParser.html...
Generating /home/platypus/Documents/testing_of_enterprise_applications/warnings-ng-plugin-devenv/analysis-model/target/apidocs/edu/hm/hafner/analysis/parser/class-use/GoVetParser.html...
Generating /home/platypus/Documents/testing_of_enterprise_applications/warnings-ng-plugin-devenv/analysis-model/target/apidocs/edu/hm/hafner/analysis/parser/class-use/MavenConsoleParser.html...
Generating /home/platypus/Documents/testing_of_enterprise_applications/warnings-ng-plugin-devenv/analysis-model/target/apidocs/edu/hm/hafner/analysis/parser/class-use/SunCParser.html...
Generating /home/platypus/Documents/testing_of_enterprise_applications/warnings-ng-plugin-devenv/analysis-model/target/apidocs/edu/hm/hafner/analysis/parser/class-use/Gcc4CompilerParser.html...
Generating /home/platypus/Documents/testing_of_enterprise_applications/warnings-ng-plugin-devenv/analysis-model/target/apidocs/edu/hm/hafner/analysis/parser/class-use/LintParser.html...
Generating /home/platypus/Documents/testing_of_enterprise_applications/warnings-ng-plugin-devenv/analysis-model/target/apidocs/edu/hm/hafner/analysis/parser/ccm/class-use/CcmParser.html...
Generating /home/platypus/Documents/testing_of_enterprise_applications/warnings-ng-plugin-devenv/analysis-model/target/apidocs/edu/hm/hafner/analysis/parser/ccm/class-use/Ccm.html...
Generating /home/platypus/Documents/testing_of_enterprise_applications/warnings-ng-plugin-devenv/analysis-model/target/apidocs/edu/hm/hafner/analysis/parser/ccm/class-use/Metric.html...
Generating /home/platypus/Documents/testing_of_enterprise_applications/warnings-ng-plugin-devenv/analysis-model/target/apidocs/edu/hm/hafner/analysis/parser/violations/class-use/JsHintAdapter.html...
Generating /home/platypus/Documents/testing_of_enterprise_applications/warnings-ng-plugin-devenv/analysis-model/target/apidocs/edu/hm/hafner/analysis/parser/violations/class-use/YamlLintAdapter.html...
Generating /home/platypus/Documents/testing_of_enterprise_applications/warnings-ng-plugin-devenv/analysis-model/target/apidocs/edu/hm/hafner/analysis/parser/violations/class-use/ResharperInspectCodeAdapter.html...
Generating /home/platypus/Documents/testing_of_enterprise_applications/warnings-ng-plugin-devenv/analysis-model/target/apidocs/edu/hm/hafner/analysis/parser/violations/class-use/KlocWorkAdapter.html...
Generating /home/platypus/Documents/testing_of_enterprise_applications/warnings-ng-plugin-devenv/analysis-model/target/apidocs/edu/hm/hafner/analysis/parser/violations/class-use/PitAdapter.html...
Generating /home/platypus/Documents/testing_of_enterprise_applications/warnings-ng-plugin-devenv/analysis-model/target/apidocs/edu/hm/hafner/analysis/parser/violations/class-use/AbstractViolationAdapter.html...
Generating /home/platypus/Documents/testing_of_enterprise_applications/warnings-ng-plugin-devenv/analysis-model/target/apidocs/edu/hm/hafner/analysis/parser/violations/class-use/DocFxAdapter.html...
Generating /home/platypus/Documents/testing_of_enterprise_applications/warnings-ng-plugin-devenv/analysis-model/target/apidocs/edu/hm/hafner/analysis/parser/violations/class-use/XmlLintAdapter.html...
Generating /home/platypus/Documents/testing_of_enterprise_applications/warnings-ng-plugin-devenv/analysis-model/target/apidocs/edu/hm/hafner/analysis/parser/violations/class-use/CodeNarcAdapter.html...
Generating /home/platypus/Documents/testing_of_enterprise_applications/warnings-ng-plugin-devenv/analysis-model/target/apidocs/edu/hm/hafner/analysis/parser/violations/class-use/CppCheckAdapter.html...
Generating /home/platypus/Documents/testing_of_enterprise_applications/warnings-ng-plugin-devenv/analysis-model/target/apidocs/edu/hm/hafner/analysis/parser/violations/class-use/ZptLintAdapter.html...
Generating /home/platypus/Documents/testing_of_enterprise_applications/warnings-ng-plugin-devenv/analysis-model/target/apidocs/edu/hm/hafner/analysis/parser/violations/class-use/AndroidLintParserAdapter.html...
Generating /home/platypus/Documents/testing_of_enterprise_applications/warnings-ng-plugin-devenv/analysis-model/target/apidocs/edu/hm/hafner/analysis/parser/violations/class-use/ErrorProneAdapter.html...
Generating /home/platypus/Documents/testing_of_enterprise_applications/warnings-ng-plugin-devenv/analysis-model/target/apidocs/edu/hm/hafner/analysis/parser/violations/class-use/MyPyAdapter.html...
Generating /home/platypus/Documents/testing_of_enterprise_applications/warnings-ng-plugin-devenv/analysis-model/target/apidocs/edu/hm/hafner/analysis/parser/violations/class-use/PyDocStyleAdapter.html...
Generating /home/platypus/Documents/testing_of_enterprise_applications/warnings-ng-plugin-devenv/analysis-model/target/apidocs/edu/hm/hafner/analysis/parser/violations/class-use/Flake8Adapter.html...
Generating /home/platypus/Documents/testing_of_enterprise_applications/warnings-ng-plugin-devenv/analysis-model/target/apidocs/edu/hm/hafner/analysis/parser/checkstyle/class-use/Error.html...
Generating /home/platypus/Documents/testing_of_enterprise_applications/warnings-ng-plugin-devenv/analysis-model/target/apidocs/edu/hm/hafner/analysis/parser/checkstyle/class-use/File.html...
Generating /home/platypus/Documents/testing_of_enterprise_applications/warnings-ng-plugin-devenv/analysis-model/target/apidocs/edu/hm/hafner/analysis/parser/checkstyle/class-use/CheckStyle.html...
Generating /home/platypus/Documents/testing_of_enterprise_applications/warnings-ng-plugin-devenv/analysis-model/target/apidocs/edu/hm/hafner/analysis/parser/checkstyle/class-use/CheckStyleParser.html...
Generating /home/platypus/Documents/testing_of_enterprise_applications/warnings-ng-plugin-devenv/analysis-model/target/apidocs/edu/hm/hafner/analysis/parser/dry/class-use/DuplicationGroup.html...
Generating /home/platypus/Documents/testing_of_enterprise_applications/warnings-ng-plugin-devenv/analysis-model/target/apidocs/edu/hm/hafner/analysis/parser/dry/class-use/AbstractDryParser.html...
Generating /home/platypus/Documents/testing_of_enterprise_applications/warnings-ng-plugin-devenv/analysis-model/target/apidocs/edu/hm/hafner/analysis/parser/dry/cpd/class-use/SourceFile.html...
Generating /home/platypus/Documents/testing_of_enterprise_applications/warnings-ng-plugin-devenv/analysis-model/target/apidocs/edu/hm/hafner/analysis/parser/dry/cpd/class-use/Duplication.html...
Generating /home/platypus/Documents/testing_of_enterprise_applications/warnings-ng-plugin-devenv/analysis-model/target/apidocs/edu/hm/hafner/analysis/parser/dry/cpd/class-use/CpdParser.html...
Generating /home/platypus/Documents/testing_of_enterprise_applications/warnings-ng-plugin-devenv/analysis-model/target/apidocs/edu/hm/hafner/analysis/parser/dry/simian/class-use/Set.html...
Generating /home/platypus/Documents/testing_of_enterprise_applications/warnings-ng-plugin-devenv/analysis-model/target/apidocs/edu/hm/hafner/analysis/parser/dry/simian/class-use/Block.html...
Generating /home/platypus/Documents/testing_of_enterprise_applications/warnings-ng-plugin-devenv/analysis-model/target/apidocs/edu/hm/hafner/analysis/parser/dry/simian/class-use/SimianParser.html...
Generating /home/platypus/Documents/testing_of_enterprise_applications/warnings-ng-plugin-devenv/analysis-model/target/apidocs/edu/hm/hafner/analysis/parser/dry/dupfinder/class-use/Range.html...
Generating /home/platypus/Documents/testing_of_enterprise_applications/warnings-ng-plugin-devenv/analysis-model/target/apidocs/edu/hm/hafner/analysis/parser/dry/dupfinder/class-use/DupFinderParser.html...
Generating /home/platypus/Documents/testing_of_enterprise_applications/warnings-ng-plugin-devenv/analysis-model/target/apidocs/edu/hm/hafner/analysis/parser/dry/dupfinder/class-use/Fragment.html...
Generating /home/platypus/Documents/testing_of_enterprise_applications/warnings-ng-plugin-devenv/analysis-model/target/apidocs/edu/hm/hafner/analysis/parser/dry/dupfinder/class-use/Duplicate.html...
Generating /home/platypus/Documents/testing_of_enterprise_applications/warnings-ng-plugin-devenv/analysis-model/target/apidocs/edu/hm/hafner/analysis/parser/jcreport/class-use/JcReportParser.html...
Generating /home/platypus/Documents/testing_of_enterprise_applications/warnings-ng-plugin-devenv/analysis-model/target/apidocs/edu/hm/hafner/analysis/parser/jcreport/class-use/File.html...
Generating /home/platypus/Documents/testing_of_enterprise_applications/warnings-ng-plugin-devenv/analysis-model/target/apidocs/edu/hm/hafner/analysis/parser/jcreport/class-use/Item.html...
Generating /home/platypus/Documents/testing_of_enterprise_applications/warnings-ng-plugin-devenv/analysis-model/target/apidocs/edu/hm/hafner/analysis/parser/jcreport/class-use/Report.html...
Generating /home/platypus/Documents/testing_of_enterprise_applications/warnings-ng-plugin-devenv/analysis-model/target/apidocs/edu/hm/hafner/analysis/parser/gendarme/class-use/GendarmeRule.html...
Generating /home/platypus/Documents/testing_of_enterprise_applications/warnings-ng-plugin-devenv/analysis-model/target/apidocs/edu/hm/hafner/analysis/parser/gendarme/class-use/GendarmeRuleType.html...
Generating /home/platypus/Documents/testing_of_enterprise_applications/warnings-ng-plugin-devenv/analysis-model/target/apidocs/edu/hm/hafner/analysis/parser/gendarme/class-use/GendarmeParser.html...
Generating /home/platypus/Documents/testing_of_enterprise_applications/warnings-ng-plugin-devenv/analysis-model/target/apidocs/edu/hm/hafner/analysis/package-use.html...
Generating /home/platypus/Documents/testing_of_enterprise_applications/warnings-ng-plugin-devenv/analysis-model/target/apidocs/edu/hm/hafner/analysis/parser/package-use.html...
Generating /home/platypus/Documents/testing_of_enterprise_applications/warnings-ng-plugin-devenv/analysis-model/target/apidocs/edu/hm/hafner/analysis/parser/ccm/package-use.html...
Generating /home/platypus/Documents/testing_of_enterprise_applications/warnings-ng-plugin-devenv/analysis-model/target/apidocs/edu/hm/hafner/analysis/parser/checkstyle/package-use.html...
Generating /home/platypus/Documents/testing_of_enterprise_applications/warnings-ng-plugin-devenv/analysis-model/target/apidocs/edu/hm/hafner/analysis/parser/dry/package-use.html...
Generating /home/platypus/Documents/testing_of_enterprise_applications/warnings-ng-plugin-devenv/analysis-model/target/apidocs/edu/hm/hafner/analysis/parser/dry/cpd/package-use.html...
Generating /home/platypus/Documents/testing_of_enterprise_applications/warnings-ng-plugin-devenv/analysis-model/target/apidocs/edu/hm/hafner/analysis/parser/dry/dupfinder/package-use.html...
Generating /home/platypus/Documents/testing_of_enterprise_applications/warnings-ng-plugin-devenv/analysis-model/target/apidocs/edu/hm/hafner/analysis/parser/dry/simian/package-use.html...
Generating /home/platypus/Documents/testing_of_enterprise_applications/warnings-ng-plugin-devenv/analysis-model/target/apidocs/edu/hm/hafner/analysis/parser/fxcop/package-use.html...
Generating /home/platypus/Documents/testing_of_enterprise_applications/warnings-ng-plugin-devenv/analysis-model/target/apidocs/edu/hm/hafner/analysis/parser/gendarme/package-use.html...
Generating /home/platypus/Documents/testing_of_enterprise_applications/warnings-ng-plugin-devenv/analysis-model/target/apidocs/edu/hm/hafner/analysis/parser/jcreport/package-use.html...
Generating /home/platypus/Documents/testing_of_enterprise_applications/warnings-ng-plugin-devenv/analysis-model/target/apidocs/edu/hm/hafner/analysis/parser/pmd/package-use.html...
Generating /home/platypus/Documents/testing_of_enterprise_applications/warnings-ng-plugin-devenv/analysis-model/target/apidocs/edu/hm/hafner/analysis/parser/violations/package-use.html...
Generating /home/platypus/Documents/testing_of_enterprise_applications/warnings-ng-plugin-devenv/analysis-model/target/apidocs/edu/hm/hafner/util/package-use.html...
Building index for all the packages and classes...
Generating /home/platypus/Documents/testing_of_enterprise_applications/warnings-ng-plugin-devenv/analysis-model/target/apidocs/overview-tree.html...
Generating /home/platypus/Documents/testing_of_enterprise_applications/warnings-ng-plugin-devenv/analysis-model/target/apidocs/index-all.html...
Generating /home/platypus/Documents/testing_of_enterprise_applications/warnings-ng-plugin-devenv/analysis-model/target/apidocs/deprecated-list.html...
Building index for all classes...
Generating /home/platypus/Documents/testing_of_enterprise_applications/warnings-ng-plugin-devenv/analysis-model/target/apidocs/allclasses-frame.html...
Generating /home/platypus/Documents/testing_of_enterprise_applications/warnings-ng-plugin-devenv/analysis-model/target/apidocs/allclasses-noframe.html...
Generating /home/platypus/Documents/testing_of_enterprise_applications/warnings-ng-plugin-devenv/analysis-model/target/apidocs/index.html...
Generating /home/platypus/Documents/testing_of_enterprise_applications/warnings-ng-plugin-devenv/analysis-model/target/apidocs/overview-summary.html...
Generating /home/platypus/Documents/testing_of_enterprise_applications/warnings-ng-plugin-devenv/analysis-model/target/apidocs/help-doc.html...
[INFO] Building jar: /home/platypus/Documents/testing_of_enterprise_applications/warnings-ng-plugin-devenv/analysis-model/target/analysis-model-5.0.0-SNAPSHOT-javadoc.jar
[INFO]
[INFO] --- maven-jar-plugin:3.1.1:test-jar (default) @ analysis-model ---
[INFO] Building jar: /home/platypus/Documents/testing_of_enterprise_applications/warnings-ng-plugin-devenv/analysis-model/target/analysis-model-5.0.0-SNAPSHOT-tests.jar
[INFO]
[INFO] --- maven-pmd-plugin:3.11.0:pmd (run-pmd) @ analysis-model ---
Downloading from central: https://repo.maven.apache.org/maven2/net/sourceforge/pmd/pmd-core/6.13.0/pmd-core-6.13.0.pom
Downloaded from central: https://repo.maven.apache.org/maven2/net/sourceforge/pmd/pmd-core/6.13.0/pmd-core-6.13.0.pom (8.5 kB at 98 kB/s)
Downloading from central: https://repo.maven.apache.org/maven2/net/sourceforge/pmd/pmd/6.13.0/pmd-6.13.0.pom
Downloaded from central: https://repo.maven.apache.org/maven2/net/sourceforge/pmd/pmd/6.13.0/pmd-6.13.0.pom (47 kB at 498 kB/s)
Downloading from central: https://repo.maven.apache.org/maven2/org/ow2/asm/asm/7.1/asm-7.1.pom
Downloaded from central: https://repo.maven.apache.org/maven2/org/ow2/asm/asm/7.1/asm-7.1.pom (2.9 kB at 51 kB/s)
Downloading from central: https://repo.maven.apache.org/maven2/net/sourceforge/pmd/pmd-java/6.13.0/pmd-java-6.13.0.pom
Downloaded from central: https://repo.maven.apache.org/maven2/net/sourceforge/pmd/pmd-java/6.13.0/pmd-java-6.13.0.pom (6.4 kB at 114 kB/s)
Downloading from central: https://repo.maven.apache.org/maven2/net/sourceforge/pmd/pmd-core/6.13.0/pmd-core-6.13.0.jar
Downloading from central: https://repo.maven.apache.org/maven2/org/ow2/asm/asm/7.1/asm-7.1.jar
Downloading from central: https://repo.maven.apache.org/maven2/net/sourceforge/pmd/pmd-java/6.13.0/pmd-java-6.13.0.jar
Downloaded from central: https://repo.maven.apache.org/maven2/net/sourceforge/pmd/pmd-core/6.13.0/pmd-core-6.13.0.jar (1.1 MB at 3.1 MB/s)
Downloaded from central: https://repo.maven.apache.org/maven2/net/sourceforge/pmd/pmd-java/6.13.0/pmd-java-6.13.0.jar (1.0 MB at 2.1 MB/s)
Downloaded from central: https://repo.maven.apache.org/maven2/org/ow2/asm/asm/7.1/asm-7.1.jar (115 kB at 231 kB/s)
[WARNING] Unable to locate Source XRef to link to - DISABLED
[WARNING] Unable to locate Source XRef to link to - DISABLED
[WARNING] Unable to locate Source XRef to link to - DISABLED
[WARNING] Unable to locate Source XRef to link to - DISABLED
[INFO]
[INFO] --- maven-pmd-plugin:3.11.0:cpd (run-pmd) @ analysis-model ---
[WARNING] Unable to locate Source XRef to link to - DISABLED
[WARNING] Unable to locate Source XRef to link to - DISABLED
[WARNING] Unable to locate Source XRef to link to - DISABLED
[WARNING] Unable to locate Source XRef to link to - DISABLED
[INFO]
[INFO] --- maven-checkstyle-plugin:3.0.0:checkstyle (run-checkstyle) @ analysis-model ---
Downloading from central: https://repo.maven.apache.org/maven2/com/puppycrawl/tools/checkstyle/8.19/checkstyle-8.19.pom
Downloaded from central: https://repo.maven.apache.org/maven2/com/puppycrawl/tools/checkstyle/8.19/checkstyle-8.19.pom (126 kB at 1.6 MB/s)
Downloading from central: https://repo.maven.apache.org/maven2/com/google/guava/guava/27.1-jre/guava-27.1-jre.pom
Downloaded from central: https://repo.maven.apache.org/maven2/com/google/guava/guava/27.1-jre/guava-27.1-jre.pom (8.4 kB at 159 kB/s)
Downloading from central: https://repo.maven.apache.org/maven2/com/google/guava/guava-parent/27.1-jre/guava-parent-27.1-jre.pom
Downloaded from central: https://repo.maven.apache.org/maven2/com/google/guava/guava-parent/27.1-jre/guava-parent-27.1-jre.pom (10 kB at 201 kB/s)
Downloading from central: https://repo.maven.apache.org/maven2/net/sf/saxon/Saxon-HE/9.9.1-2/Saxon-HE-9.9.1-2.pom
Downloaded from central: https://repo.maven.apache.org/maven2/net/sf/saxon/Saxon-HE/9.9.1-2/Saxon-HE-9.9.1-2.pom (3.9 kB at 68 kB/s)
Downloading from central: https://repo.maven.apache.org/maven2/com/ibm/icu/icu4j/63.1/icu4j-63.1.pom
Downloaded from central: https://repo.maven.apache.org/maven2/com/ibm/icu/icu4j/63.1/icu4j-63.1.pom (4.9 kB at 90 kB/s)
Downloading from central: https://repo.maven.apache.org/maven2/com/puppycrawl/tools/checkstyle/8.19/checkstyle-8.19.jar
Downloading from central: https://repo.maven.apache.org/maven2/com/google/guava/guava/27.1-jre/guava-27.1-jre.jar
Downloading from central: https://repo.maven.apache.org/maven2/net/sf/saxon/Saxon-HE/9.9.1-2/Saxon-HE-9.9.1-2.jar
Downloading from central: https://repo.maven.apache.org/maven2/com/ibm/icu/icu4j/63.1/icu4j-63.1.jar
Downloaded from central: https://repo.maven.apache.org/maven2/com/puppycrawl/tools/checkstyle/8.19/checkstyle-8.19.jar (1.3 MB at 1.3 MB/s)
Downloaded from central: https://repo.maven.apache.org/maven2/net/sf/saxon/Saxon-HE/9.9.1-2/Saxon-HE-9.9.1-2.jar (5.5 MB at 3.5 MB/s)
Downloaded from central: https://repo.maven.apache.org/maven2/com/google/guava/guava/27.1-jre/guava-27.1-jre.jar (2.7 MB at 1.4 MB/s)
Downloaded from central: https://repo.maven.apache.org/maven2/com/ibm/icu/icu4j/63.1/icu4j-63.1.jar (13 MB at 2.4 MB/s)
[WARNING] Unable to locate Source XRef to link to - DISABLED
[INFO]
[INFO] --- spotbugs-maven-plugin:3.1.11:spotbugs (run-spotbugs) @ analysis-model ---
[INFO] Fork Value is true
     [java] Warnings generated: 4
[INFO] Done SpotBugs Analysis....
[INFO]
[INFO] --- revapi-maven-plugin:0.11.0:check (run-revapi) @ analysis-model ---
Downloading from central: https://repo.maven.apache.org/maven2/edu/hm/hafner/analysis-model/maven-metadata.xml
Downloading from repo.jenkins-ci.org: http://repo.jenkins-ci.org/public/edu/hm/hafner/analysis-model/maven-metadata.xml
Downloaded from repo.jenkins-ci.org: http://repo.jenkins-ci.org/public/edu/hm/hafner/analysis-model/maven-metadata.xml (1.6 kB at 1.1 kB/s)
[INFO] Comparing [edu.hm.hafner:analysis-model:jar:4.0.0] against [edu.hm.hafner:analysis-model:jar:5.0.0-SNAPSHOT] (including their transitive dependencies).
[INFO] API checks completed without failures.
[INFO]
[INFO] --- maven-install-plugin:3.0.0-M1:install (default-install) @ analysis-model ---
[INFO] Installing /home/platypus/Documents/testing_of_enterprise_applications/warnings-ng-plugin-devenv/analysis-model/target/analysis-model-5.0.0-SNAPSHOT.jar to /home/platypus/.m2/repository/edu/hm/hafner/analysis-model/5.0.0-SNAPSHOT/analysis-model-5.0.0-SNAPSHOT.jar
[INFO] Installing /home/platypus/Documents/testing_of_enterprise_applications/warnings-ng-plugin-devenv/analysis-model/pom.xml to /home/platypus/.m2/repository/edu/hm/hafner/analysis-model/5.0.0-SNAPSHOT/analysis-model-5.0.0-SNAPSHOT.pom
[INFO] Installing /home/platypus/Documents/testing_of_enterprise_applications/warnings-ng-plugin-devenv/analysis-model/target/analysis-model-5.0.0-SNAPSHOT-javadoc.jar to /home/platypus/.m2/repository/edu/hm/hafner/analysis-model/5.0.0-SNAPSHOT/analysis-model-5.0.0-SNAPSHOT-javadoc.jar
[INFO] Installing /home/platypus/Documents/testing_of_enterprise_applications/warnings-ng-plugin-devenv/analysis-model/target/analysis-model-5.0.0-SNAPSHOT-tests.jar to /home/platypus/.m2/repository/edu/hm/hafner/analysis-model/5.0.0-SNAPSHOT/analysis-model-5.0.0-SNAPSHOT-tests.jar
[INFO] ------------------------------------------------------------------------
[INFO] BUILD SUCCESS
[INFO] ------------------------------------------------------------------------
[INFO] Total time:  01:53 min
[INFO] Finished at: 2019-04-28T10:32:12+02:00
[INFO] ------------------------------------------------------------------------
JENKINS_HOME is not defined, using ../docker/volumes/jenkins-home
[INFO] Scanning for projects...
[WARNING] The POM for org.jenkins-ci.tools:maven-hpi-plugin:jar:2.7 is missing, no dependency information available
[WARNING] Failed to build parent project for io.jenkins.plugins:analysis-model-api:hpi:4.0.1-SNAPSHOT
[INFO]
[INFO] ---------------< io.jenkins.plugins:analysis-model-api >----------------
[INFO] Building Analysis Model API Plug-in 4.0.1-SNAPSHOT
[INFO] --------------------------------[ hpi ]---------------------------------
Downloading from repo.jenkins-ci.org: http://repo.jenkins-ci.org/public/edu/hm/hafner/analysis-model/4.0.1-SNAPSHOT/maven-metadata.xml
[INFO]
[INFO] --- maven-clean-plugin:3.0.0:clean (default-clean) @ analysis-model-api ---
[INFO] Deleting /home/platypus/Documents/testing_of_enterprise_applications/warnings-ng-plugin-devenv/analysis-model-api-plugin/target
[INFO]
[INFO] --- maven-hpi-plugin:2.7:validate (default-validate) @ analysis-model-api ---
[INFO]
[INFO] --- maven-enforcer-plugin:3.0.0-M1:display-info (display-info) @ analysis-model-api ---
[INFO] Maven Version: 3.6.0
[INFO] JDK Version: 1.8.0_201 normalized as: 1.8.0-201
[INFO] OS Info: Arch: amd64 Family: unix Name: linux Version: 4.15.0-47-generic
[INFO]
[INFO] --- maven-enforcer-plugin:3.0.0-M1:enforce (display-info) @ analysis-model-api ---
[INFO]
[INFO] --- maven-localizer-plugin:1.24:generate (default) @ analysis-model-api ---
[INFO]
[INFO] --- maven-resources-plugin:3.0.2:resources (default-resources) @ analysis-model-api ---
[INFO] Using 'UTF-8' encoding to copy filtered resources.
[INFO] skip non existing resourceDirectory /home/platypus/Documents/testing_of_enterprise_applications/warnings-ng-plugin-devenv/analysis-model-api-plugin/src/main/resources
[INFO]
[INFO] --- maven-compiler-plugin:3.6.1:compile (default-compile) @ analysis-model-api ---
[INFO] Changes detected - recompiling the module!
[INFO] Compiling 1 source file to /home/platypus/Documents/testing_of_enterprise_applications/warnings-ng-plugin-devenv/analysis-model-api-plugin/target/classes
[INFO]
[INFO] --- access-modifier-checker:1.15:enforce (default-enforce) @ analysis-model-api ---
[INFO]
[INFO] --- animal-sniffer-maven-plugin:1.17:check (check) @ analysis-model-api ---
[INFO] Resolved signature org.codehaus.mojo.signature:java18 version as 1.0 from dependencyManagement
[INFO] Checking unresolved references to org.codehaus.mojo.signature:java18:1.0
[INFO]
[INFO] --- maven-hpi-plugin:2.7:insert-test (default-insert-test) @ analysis-model-api ---
[INFO]
[INFO] --- gmaven-plugin:1.5-jenkins-3:generateTestStubs (test-in-groovy) @ analysis-model-api ---
[INFO] No sources found for Java stub generation
[INFO]
[INFO] --- maven-antrun-plugin:1.3:run (createTempDir) @ analysis-model-api ---
[INFO] Executing tasks
    [mkdir] Created dir: /home/platypus/Documents/testing_of_enterprise_applications/warnings-ng-plugin-devenv/analysis-model-api-plugin/target/tmp
[INFO] Executed tasks
[INFO]
[INFO] --- maven-resources-plugin:3.0.2:testResources (default-testResources) @ analysis-model-api ---
[INFO] Using 'UTF-8' encoding to copy filtered resources.
[INFO] skip non existing resourceDirectory /home/platypus/Documents/testing_of_enterprise_applications/warnings-ng-plugin-devenv/analysis-model-api-plugin/src/test/resources
[INFO]
[INFO] --- maven-compiler-plugin:3.6.1:testCompile (default-testCompile) @ analysis-model-api ---
[INFO] Changes detected - recompiling the module!
[INFO] Compiling 1 source file to /home/platypus/Documents/testing_of_enterprise_applications/warnings-ng-plugin-devenv/analysis-model-api-plugin/target/test-classes
[INFO]
[INFO] --- maven-hpi-plugin:2.7:test-hpl (default-test-hpl) @ analysis-model-api ---
[INFO] Generating /home/platypus/Documents/testing_of_enterprise_applications/warnings-ng-plugin-devenv/analysis-model-api-plugin/target/test-classes/the.hpl
[INFO]
[INFO] --- maven-hpi-plugin:2.7:resolve-test-dependencies (default-resolve-test-dependencies) @ analysis-model-api ---
[INFO]
[INFO] --- gmaven-plugin:1.5-jenkins-3:testCompile (test-in-groovy) @ analysis-model-api ---
[INFO] No sources found to compile
[INFO]
[INFO] --- maven-surefire-plugin:2.20:test (default-test) @ analysis-model-api ---
Downloading from repo.jenkins-ci.org: http://repo.jenkins-ci.org/public/org/apache/maven/surefire/surefire-junit4/2.20/surefire-junit4-2.20.pom
Downloaded from repo.jenkins-ci.org: http://repo.jenkins-ci.org/public/org/apache/maven/surefire/surefire-junit4/2.20/surefire-junit4-2.20.pom (3.3 kB at 9.4 kB/s)
Downloading from repo.jenkins-ci.org: http://repo.jenkins-ci.org/public/org/apache/maven/surefire/surefire-providers/2.20/surefire-providers-2.20.pom
Downloaded from repo.jenkins-ci.org: http://repo.jenkins-ci.org/public/org/apache/maven/surefire/surefire-providers/2.20/surefire-providers-2.20.pom (2.6 kB at 8.7 kB/s)
Downloading from repo.jenkins-ci.org: http://repo.jenkins-ci.org/public/org/apache/maven/surefire/surefire-junit4/2.20/surefire-junit4-2.20.jar
Downloaded from repo.jenkins-ci.org: http://repo.jenkins-ci.org/public/org/apache/maven/surefire/surefire-junit4/2.20/surefire-junit4-2.20.jar (82 kB at 184 kB/s)
[INFO]
[INFO] -------------------------------------------------------
[INFO]  T E S T S
[INFO] -------------------------------------------------------
[INFO] Running InjectedTest
[INFO] Tests run: 3, Failures: 0, Errors: 0, Skipped: 0, Time elapsed: 9.868 s - in InjectedTest
[INFO]
[INFO] Results:
[INFO]
[INFO] Tests run: 3, Failures: 0, Errors: 0, Skipped: 0
[INFO]
[INFO]
[INFO] --- maven-license-plugin:1.7:process (default) @ analysis-model-api ---
[INFO] Generated /home/platypus/Documents/testing_of_enterprise_applications/warnings-ng-plugin-devenv/analysis-model-api-plugin/target/analysis-model-api/WEB-INF/licenses.xml
[INFO]
[INFO] --- maven-hpi-plugin:2.7:hpi (default-hpi) @ analysis-model-api ---
[INFO] Generating /home/platypus/Documents/testing_of_enterprise_applications/warnings-ng-plugin-devenv/analysis-model-api-plugin/target/analysis-model-api/META-INF/MANIFEST.MF
[INFO] Checking for attached .jar artifact ...
[INFO] Generating jar /home/platypus/Documents/testing_of_enterprise_applications/warnings-ng-plugin-devenv/analysis-model-api-plugin/target/analysis-model-api.jar
[INFO] Building jar: /home/platypus/Documents/testing_of_enterprise_applications/warnings-ng-plugin-devenv/analysis-model-api-plugin/target/analysis-model-api.jar
[INFO] Exploding webapp...
[INFO] Copy webapp webResources to /home/platypus/Documents/testing_of_enterprise_applications/warnings-ng-plugin-devenv/analysis-model-api-plugin/target/analysis-model-api
[INFO] Assembling webapp analysis-model-api in /home/platypus/Documents/testing_of_enterprise_applications/warnings-ng-plugin-devenv/analysis-model-api-plugin/target/analysis-model-api
[INFO] Generating hpi /home/platypus/Documents/testing_of_enterprise_applications/warnings-ng-plugin-devenv/analysis-model-api-plugin/target/analysis-model-api.hpi
[INFO] Building jar: /home/platypus/Documents/testing_of_enterprise_applications/warnings-ng-plugin-devenv/analysis-model-api-plugin/target/analysis-model-api.hpi
[INFO]
[INFO] --- maven-jar-plugin:3.0.2:test-jar (maybe-test-jar) @ analysis-model-api ---
[INFO] Skipping packaging of the test-jar
[INFO]
[INFO] --- maven-install-plugin:2.5.2:install (default-install) @ analysis-model-api ---
[INFO] Installing /home/platypus/Documents/testing_of_enterprise_applications/warnings-ng-plugin-devenv/analysis-model-api-plugin/target/analysis-model-api.hpi to /home/platypus/.m2/repository/io/jenkins/plugins/analysis-model-api/4.0.1-SNAPSHOT/analysis-model-api-4.0.1-SNAPSHOT.hpi
[INFO] Installing /home/platypus/Documents/testing_of_enterprise_applications/warnings-ng-plugin-devenv/analysis-model-api-plugin/pom.xml to /home/platypus/.m2/repository/io/jenkins/plugins/analysis-model-api/4.0.1-SNAPSHOT/analysis-model-api-4.0.1-SNAPSHOT.pom
[INFO] Installing /home/platypus/Documents/testing_of_enterprise_applications/warnings-ng-plugin-devenv/analysis-model-api-plugin/target/analysis-model-api.jar to /home/platypus/.m2/repository/io/jenkins/plugins/analysis-model-api/4.0.1-SNAPSHOT/analysis-model-api-4.0.1-SNAPSHOT.jar
[INFO] ------------------------------------------------------------------------
[INFO] BUILD SUCCESS
[INFO] ------------------------------------------------------------------------
[INFO] Total time:  31.318 s
[INFO] Finished at: 2019-04-28T10:32:45+02:00
[INFO] ------------------------------------------------------------------------
Installing plugin in ../docker/volumes/jenkins-home
'target/analysis-model-api.hpi' -> '../docker/volumes/jenkins-home/plugins/analysis-model-api.jpi'
Restarting Jenkins...
Restarting warnings-ng-plugin-devenv_java-agent_1     ... done
Restarting warnings-ng-plugin-devenv_nginx-proxy_1    ... done
Restarting warnings-ng-plugin-devenv_jenkins-master_1 ... done
[INFO] Scanning for projects...
[WARNING] The POM for org.jenkins-ci.tools:maven-hpi-plugin:jar:2.7 is missing, no dependency information available
[WARNING] Failed to build parent project for io.jenkins.plugins:warnings-ng:hpi:5.0.0-SNAPSHOT
[INFO]
[INFO] -------------------< io.jenkins.plugins:warnings-ng >-------------------
[INFO] Building Warnings Next Generation Plugin 5.0.0-SNAPSHOT
[INFO] --------------------------------[ hpi ]---------------------------------
[INFO]
[INFO] --- maven-hpi-plugin:2.7:validate (default-validate) @ warnings-ng ---
[INFO]
[INFO] --- maven-enforcer-plugin:3.0.0-M1:display-info (display-info) @ warnings-ng ---
[INFO] Maven Version: 3.6.0
[INFO] JDK Version: 1.8.0_201 normalized as: 1.8.0-201
[INFO] OS Info: Arch: amd64 Family: unix Name: linux Version: 4.15.0-47-generic
[INFO]
[INFO] --- maven-enforcer-plugin:3.0.0-M1:enforce (display-info) @ warnings-ng ---
[INFO] Adding ignore: module-info
[INFO] Adding ignore: **/ModuleUtils*
[INFO]
[INFO] --- maven-localizer-plugin:1.24:generate (default) @ warnings-ng ---
[INFO]
[INFO] >>> maven-javadoc-plugin:3.1.0:javadoc (default) > generate-sources @ warnings-ng >>>
[INFO]
[INFO] --- maven-hpi-plugin:2.7:validate (default-validate) @ warnings-ng ---
[INFO]
[INFO] --- maven-enforcer-plugin:3.0.0-M1:display-info (display-info) @ warnings-ng ---
[INFO] Maven Version: 3.6.0
[INFO] JDK Version: 1.8.0_201 normalized as: 1.8.0-201
[INFO] OS Info: Arch: amd64 Family: unix Name: linux Version: 4.15.0-47-generic
[INFO]
[INFO] --- maven-enforcer-plugin:3.0.0-M1:enforce (display-info) @ warnings-ng ---
[INFO] Adding ignore: module-info
[INFO] Adding ignore: **/ModuleUtils*
[INFO]
[INFO] --- maven-localizer-plugin:1.24:generate (default) @ warnings-ng ---
[INFO]
[INFO] <<< maven-javadoc-plugin:3.1.0:javadoc (default) < generate-sources @ warnings-ng <<<
[INFO]
[INFO]
[INFO] --- maven-javadoc-plugin:3.1.0:javadoc (default) @ warnings-ng ---
[INFO]
[INFO] --- maven-resources-plugin:3.0.2:resources (default-resources) @ warnings-ng ---
[INFO] Using 'UTF-8' encoding to copy filtered resources.
[INFO] Copying 150 resources
[INFO]
[INFO] --- maven-compiler-plugin:3.8.0:compile (default-compile) @ warnings-ng ---
[INFO] Nothing to compile - all classes are up to date
[INFO]
[INFO] --- access-modifier-checker:1.15:enforce (default-enforce) @ warnings-ng ---
[INFO]
[INFO] --- animal-sniffer-maven-plugin:1.17:check (check) @ warnings-ng ---
[INFO] Resolved signature org.codehaus.mojo.signature:java18 version as 1.0 from dependencyManagement
[INFO] Checking unresolved references to org.codehaus.mojo.signature:java18:1.0
[INFO]
[INFO] --- maven-hpi-plugin:2.7:insert-test (default-insert-test) @ warnings-ng ---
[INFO]
[INFO] --- gmaven-plugin:1.5-jenkins-3:generateTestStubs (test-in-groovy) @ warnings-ng ---
[INFO] No sources found for Java stub generation
[INFO]
[INFO] --- assertj-assertions-generator-maven-plugin:2.1.0:generate-assertions (default) @ warnings-ng ---
Downloading from repo.jenkins-ci.org: http://repo.jenkins-ci.org/public/org/assertj/assertj-core/maven-metadata.xml
Downloaded from repo.jenkins-ci.org: http://repo.jenkins-ci.org/public/org/assertj/assertj-core/maven-metadata.xml (1.7 kB at 2.9 kB/s)
[INFO] Removing previously generated sources in /home/platypus/Documents/testing_of_enterprise_applications/warnings-ng-plugin-devenv/warnings-ng-plugin/target/generated-test-sources/assertj-assertions
[INFO]

====================================
AssertJ assertions generation report
====================================

--- Generator input parameters ---

The following templates will replace the ones provided by AssertJ when generating AssertJ assertions :
- Using custom template for 'assertions entry point class' loaded from /home/platypus/Documents/testing_of_enterprise_applications/warnings-ng-plugin-devenv/warnings-ng-plugin/etc/templates/assertions_entry_point_class_template.txt

Generating AssertJ assertions for classes in following packages and subpackages:
- io.jenkins.plugins.analysis.core.scm
- io.jenkins.plugins.analysis.core.model
- io.jenkins.plugins.analysis.core.util

Input classes excluded from assertions generation:
- io.jenkins.plugins.analysis.core.scm.BlamesAssert
- io.jenkins.plugins.analysis.core.scm.BlamerAssert
- io.jenkins.plugins.analysis.core.scm.NullBlamerAssert
- io.jenkins.plugins.analysis.core.scm.BlameFactoryAssert
- io.jenkins.plugins.analysis.core.scm.BlameRequestAssert
- io.jenkins.plugins.analysis.core.model.JobAction
- io.jenkins.plugins.analysis.core.model.ResultAction
- io.jenkins.plugins.analysis.core.model.ResetReferenceAction
- io.jenkins.plugins.analysis.core.model.AggregatedTrendAction
- io.jenkins.plugins.analysis.core.model.AggregationAction
- io.jenkins.plugins.analysis.core.model.IconLabelProviderAssert
- io.jenkins.plugins.analysis.core.model.FileNameRendererBuildFolderFacadeAssert
- io.jenkins.plugins.analysis.core.model.LabelProviderFactoryStaticAnalysisToolFactoryAssert
- io.jenkins.plugins.analysis.core.model.DetailFactoryAssert
- io.jenkins.plugins.analysis.core.model.HistoryAssert
- io.jenkins.plugins.analysis.core.model.ToolToolDescriptorAssert
- io.jenkins.plugins.analysis.core.model.ReportScanningToolReportScanningToolDescriptorAssert
- io.jenkins.plugins.analysis.core.model.SummaryAssert
- io.jenkins.plugins.analysis.core.model.AnalysisResultAssert
- io.jenkins.plugins.analysis.core.model.AnalysisHistoryQualityGateEvaluationModeAssert
- io.jenkins.plugins.analysis.core.model.ReportScanningToolSuiteAssert
- io.jenkins.plugins.analysis.core.model.IssueStreamAssert
- io.jenkins.plugins.analysis.core.model.HealthReportBuilderAssert
- io.jenkins.plugins.analysis.core.model.ByIdResultSelectorAssert
- io.jenkins.plugins.analysis.core.model.ToolSelectionAssert
- io.jenkins.plugins.analysis.core.model.SourcePrinterAssert
- io.jenkins.plugins.analysis.core.model.IssueStreamITest
- io.jenkins.plugins.analysis.core.model.NullAnalysisHistoryAssert
- io.jenkins.plugins.analysis.core.model.StaticAnalysisLabelProviderAssert
- io.jenkins.plugins.analysis.core.model.FileNameRendererAssert
- io.jenkins.plugins.analysis.core.model.DeltaReportAssert
- io.jenkins.plugins.analysis.core.model.PropertyStatisticsAssert
- io.jenkins.plugins.analysis.core.model.AnalysisResultBuildPropertiesAssert
- io.jenkins.plugins.analysis.core.model.IssuesDetailAssert
- io.jenkins.plugins.analysis.core.model.SourceDetailAssert
- io.jenkins.plugins.analysis.core.model.InfoErrorDetailAssert
- io.jenkins.plugins.analysis.core.model.FixedWarningsDetailAssert
- io.jenkins.plugins.analysis.core.model.IssueDifferenceAssert
- io.jenkins.plugins.analysis.core.model.LabelProviderFactoryAssert
- io.jenkins.plugins.analysis.core.model.AnalysisHistoryAssert
- io.jenkins.plugins.analysis.core.model.DetailsTableModelAssert
- io.jenkins.plugins.analysis.core.model.MessagesAssert
- io.jenkins.plugins.analysis.core.model.StaticAnalysisLabelProviderAgeBuilderAssert
- io.jenkins.plugins.analysis.core.model.StaticAnalysisLabelProviderDefaultAgeBuilderAssert
- io.jenkins.plugins.analysis.core.model.DescriptionProviderAssert
- io.jenkins.plugins.analysis.core.model.ResetQualityGateCommandAssert
- io.jenkins.plugins.analysis.core.model.FilesScannerAssert
- io.jenkins.plugins.analysis.core.model.LabelProviderFactoryITest
- io.jenkins.plugins.analysis.core.model.ToolAssert
- io.jenkins.plugins.analysis.core.model.TabLabelProviderAssert
- io.jenkins.plugins.analysis.core.model.ConsoleDetailAssert
- io.jenkins.plugins.analysis.core.model.AnalysisHistoryJobResultEvaluationModeAssert
- io.jenkins.plugins.analysis.core.model.ToolSelectionToolSelectionDescriptorAssert
- io.jenkins.plugins.analysis.core.model.ResultSelectorAssert
- io.jenkins.plugins.analysis.core.model.ReportScanningToolAssert
- io.jenkins.plugins.analysis.core.util.Thresholds
- io.jenkins.plugins.analysis.core.util.LocalizedSeverityAssert
- io.jenkins.plugins.analysis.core.util.StaticAnalysisRunAssert
- io.jenkins.plugins.analysis.core.util.HealthDescriptorAssert
- io.jenkins.plugins.analysis.core.util.AnalysisBuildAssert
- io.jenkins.plugins.analysis.core.util.SanitizerAssert
- io.jenkins.plugins.analysis.core.util.AffectedFilesResolverAssert
- io.jenkins.plugins.analysis.core.util.QualityGateEvaluatorFormattedLoggerAssert
- io.jenkins.plugins.analysis.core.util.QualityGateEvaluatorAssert
- io.jenkins.plugins.analysis.core.util.ConsoleLogReaderFactoryAssert
- io.jenkins.plugins.analysis.core.util.AbsolutePathGeneratorAssert
- io.jenkins.plugins.analysis.core.util.LogHandlerAssert
- io.jenkins.plugins.analysis.core.util.AnalysisBuildResultAssert
- io.jenkins.plugins.analysis.core.util.QualityGateQualityGateTypeAssert
- io.jenkins.plugins.analysis.core.util.ModelValidationAssert
- io.jenkins.plugins.analysis.core.util.MessagesAssert
- io.jenkins.plugins.analysis.core.util.QualityGateQualityGateDescriptorAssert
- io.jenkins.plugins.analysis.core.util.JenkinsFacadeAssert
- io.jenkins.plugins.analysis.core.util.ConsoleLogHandlerAssert
- io.jenkins.plugins.analysis.core.util.QualityGateQualityGateResultAssert
- io.jenkins.plugins.analysis.core.util.IssuesStatisticsAssert
- io.jenkins.plugins.analysis.core.util.EnvironmentResolverAssert
- io.jenkins.plugins.analysis.core.util.QualityGateStatusAssert
- io.jenkins.plugins.analysis.core.util.IssuesStatisticsBuilderAssert
- io.jenkins.plugins.analysis.core.util.FileFinderAssert
- io.jenkins.plugins.analysis.core.util.QualityGateAssert

--- Generator results ---

Directory where custom assertions files have been generated:
- /home/platypus/Documents/testing_of_enterprise_applications/warnings-ng-plugin-devenv/warnings-ng-plugin/target/generated-test-sources/assertj-assertions

Custom assertions files generated:
- /home/platypus/Documents/testing_of_enterprise_applications/warnings-ng-plugin-devenv/warnings-ng-plugin/target/generated-test-sources/assertj-assertions/io/jenkins/plugins/analysis/core/model/AnalysisHistoryAssert.java
- /home/platypus/Documents/testing_of_enterprise_applications/warnings-ng-plugin-devenv/warnings-ng-plugin/target/generated-test-sources/assertj-assertions/io/jenkins/plugins/analysis/core/model/AnalysisHistoryJobResultEvaluationModeAssert.java
- /home/platypus/Documents/testing_of_enterprise_applications/warnings-ng-plugin-devenv/warnings-ng-plugin/target/generated-test-sources/assertj-assertions/io/jenkins/plugins/analysis/core/model/AnalysisHistoryQualityGateEvaluationModeAssert.java
- /home/platypus/Documents/testing_of_enterprise_applications/warnings-ng-plugin-devenv/warnings-ng-plugin/target/generated-test-sources/assertj-assertions/io/jenkins/plugins/analysis/core/model/AnalysisResultAssert.java
- /home/platypus/Documents/testing_of_enterprise_applications/warnings-ng-plugin-devenv/warnings-ng-plugin/target/generated-test-sources/assertj-assertions/io/jenkins/plugins/analysis/core/model/AnalysisResultBuildPropertiesAssert.java
- /home/platypus/Documents/testing_of_enterprise_applications/warnings-ng-plugin-devenv/warnings-ng-plugin/target/generated-test-sources/assertj-assertions/io/jenkins/plugins/analysis/core/model/ByIdResultSelectorAssert.java
- /home/platypus/Documents/testing_of_enterprise_applications/warnings-ng-plugin-devenv/warnings-ng-plugin/target/generated-test-sources/assertj-assertions/io/jenkins/plugins/analysis/core/model/ConsoleDetailAssert.java
- /home/platypus/Documents/testing_of_enterprise_applications/warnings-ng-plugin-devenv/warnings-ng-plugin/target/generated-test-sources/assertj-assertions/io/jenkins/plugins/analysis/core/model/DeltaReportAssert.java
- /home/platypus/Documents/testing_of_enterprise_applications/warnings-ng-plugin-devenv/warnings-ng-plugin/target/generated-test-sources/assertj-assertions/io/jenkins/plugins/analysis/core/model/DescriptionProviderAssert.java
- /home/platypus/Documents/testing_of_enterprise_applications/warnings-ng-plugin-devenv/warnings-ng-plugin/target/generated-test-sources/assertj-assertions/io/jenkins/plugins/analysis/core/model/DetailFactoryAssert.java
- /home/platypus/Documents/testing_of_enterprise_applications/warnings-ng-plugin-devenv/warnings-ng-plugin/target/generated-test-sources/assertj-assertions/io/jenkins/plugins/analysis/core/model/DetailsTableModelAssert.java
- /home/platypus/Documents/testing_of_enterprise_applications/warnings-ng-plugin-devenv/warnings-ng-plugin/target/generated-test-sources/assertj-assertions/io/jenkins/plugins/analysis/core/model/FileNameRendererAssert.java
- /home/platypus/Documents/testing_of_enterprise_applications/warnings-ng-plugin-devenv/warnings-ng-plugin/target/generated-test-sources/assertj-assertions/io/jenkins/plugins/analysis/core/model/FileNameRendererBuildFolderFacadeAssert.java
- /home/platypus/Documents/testing_of_enterprise_applications/warnings-ng-plugin-devenv/warnings-ng-plugin/target/generated-test-sources/assertj-assertions/io/jenkins/plugins/analysis/core/model/FilesScannerAssert.java
- /home/platypus/Documents/testing_of_enterprise_applications/warnings-ng-plugin-devenv/warnings-ng-plugin/target/generated-test-sources/assertj-assertions/io/jenkins/plugins/analysis/core/model/FixedWarningsDetailAssert.java
- /home/platypus/Documents/testing_of_enterprise_applications/warnings-ng-plugin-devenv/warnings-ng-plugin/target/generated-test-sources/assertj-assertions/io/jenkins/plugins/analysis/core/model/HealthReportBuilderAssert.java
- /home/platypus/Documents/testing_of_enterprise_applications/warnings-ng-plugin-devenv/warnings-ng-plugin/target/generated-test-sources/assertj-assertions/io/jenkins/plugins/analysis/core/model/HistoryAssert.java
- /home/platypus/Documents/testing_of_enterprise_applications/warnings-ng-plugin-devenv/warnings-ng-plugin/target/generated-test-sources/assertj-assertions/io/jenkins/plugins/analysis/core/model/IconLabelProviderAssert.java
- /home/platypus/Documents/testing_of_enterprise_applications/warnings-ng-plugin-devenv/warnings-ng-plugin/target/generated-test-sources/assertj-assertions/io/jenkins/plugins/analysis/core/model/InfoErrorDetailAssert.java
- /home/platypus/Documents/testing_of_enterprise_applications/warnings-ng-plugin-devenv/warnings-ng-plugin/target/generated-test-sources/assertj-assertions/io/jenkins/plugins/analysis/core/model/IssueDifferenceAssert.java
- /home/platypus/Documents/testing_of_enterprise_applications/warnings-ng-plugin-devenv/warnings-ng-plugin/target/generated-test-sources/assertj-assertions/io/jenkins/plugins/analysis/core/model/IssueStreamAssert.java
- /home/platypus/Documents/testing_of_enterprise_applications/warnings-ng-plugin-devenv/warnings-ng-plugin/target/generated-test-sources/assertj-assertions/io/jenkins/plugins/analysis/core/model/IssuesDetailAssert.java
- /home/platypus/Documents/testing_of_enterprise_applications/warnings-ng-plugin-devenv/warnings-ng-plugin/target/generated-test-sources/assertj-assertions/io/jenkins/plugins/analysis/core/model/LabelProviderFactoryAssert.java
- /home/platypus/Documents/testing_of_enterprise_applications/warnings-ng-plugin-devenv/warnings-ng-plugin/target/generated-test-sources/assertj-assertions/io/jenkins/plugins/analysis/core/model/LabelProviderFactoryITestTestFactoryAssert.java
- /home/platypus/Documents/testing_of_enterprise_applications/warnings-ng-plugin-devenv/warnings-ng-plugin/target/generated-test-sources/assertj-assertions/io/jenkins/plugins/analysis/core/model/LabelProviderFactoryITestTestToolAssert.java
- /home/platypus/Documents/testing_of_enterprise_applications/warnings-ng-plugin-devenv/warnings-ng-plugin/target/generated-test-sources/assertj-assertions/io/jenkins/plugins/analysis/core/model/LabelProviderFactoryITestTestToolTestToolDescriptorAssert.java
- /home/platypus/Documents/testing_of_enterprise_applications/warnings-ng-plugin-devenv/warnings-ng-plugin/target/generated-test-sources/assertj-assertions/io/jenkins/plugins/analysis/core/model/LabelProviderFactoryStaticAnalysisToolFactoryAssert.java
- /home/platypus/Documents/testing_of_enterprise_applications/warnings-ng-plugin-devenv/warnings-ng-plugin/target/generated-test-sources/assertj-assertions/io/jenkins/plugins/analysis/core/model/MessagesAssert.java
- /home/platypus/Documents/testing_of_enterprise_applications/warnings-ng-plugin-devenv/warnings-ng-plugin/target/generated-test-sources/assertj-assertions/io/jenkins/plugins/analysis/core/model/NullAnalysisHistoryAssert.java
- /home/platypus/Documents/testing_of_enterprise_applications/warnings-ng-plugin-devenv/warnings-ng-plugin/target/generated-test-sources/assertj-assertions/io/jenkins/plugins/analysis/core/model/PropertyStatisticsAssert.java
- /home/platypus/Documents/testing_of_enterprise_applications/warnings-ng-plugin-devenv/warnings-ng-plugin/target/generated-test-sources/assertj-assertions/io/jenkins/plugins/analysis/core/model/ReportScanningToolAssert.java
- /home/platypus/Documents/testing_of_enterprise_applications/warnings-ng-plugin-devenv/warnings-ng-plugin/target/generated-test-sources/assertj-assertions/io/jenkins/plugins/analysis/core/model/ReportScanningToolReportScanningToolDescriptorAssert.java
- /home/platypus/Documents/testing_of_enterprise_applications/warnings-ng-plugin-devenv/warnings-ng-plugin/target/generated-test-sources/assertj-assertions/io/jenkins/plugins/analysis/core/model/ReportScanningToolSuiteAssert.java
- /home/platypus/Documents/testing_of_enterprise_applications/warnings-ng-plugin-devenv/warnings-ng-plugin/target/generated-test-sources/assertj-assertions/io/jenkins/plugins/analysis/core/model/ResetQualityGateCommandAssert.java
- /home/platypus/Documents/testing_of_enterprise_applications/warnings-ng-plugin-devenv/warnings-ng-plugin/target/generated-test-sources/assertj-assertions/io/jenkins/plugins/analysis/core/model/ResultSelectorAssert.java
- /home/platypus/Documents/testing_of_enterprise_applications/warnings-ng-plugin-devenv/warnings-ng-plugin/target/generated-test-sources/assertj-assertions/io/jenkins/plugins/analysis/core/model/SourceDetailAssert.java
- /home/platypus/Documents/testing_of_enterprise_applications/warnings-ng-plugin-devenv/warnings-ng-plugin/target/generated-test-sources/assertj-assertions/io/jenkins/plugins/analysis/core/model/SourcePrinterAssert.java
- /home/platypus/Documents/testing_of_enterprise_applications/warnings-ng-plugin-devenv/warnings-ng-plugin/target/generated-test-sources/assertj-assertions/io/jenkins/plugins/analysis/core/model/StaticAnalysisLabelProviderAgeBuilderAssert.java
- /home/platypus/Documents/testing_of_enterprise_applications/warnings-ng-plugin-devenv/warnings-ng-plugin/target/generated-test-sources/assertj-assertions/io/jenkins/plugins/analysis/core/model/StaticAnalysisLabelProviderAssert.java
- /home/platypus/Documents/testing_of_enterprise_applications/warnings-ng-plugin-devenv/warnings-ng-plugin/target/generated-test-sources/assertj-assertions/io/jenkins/plugins/analysis/core/model/StaticAnalysisLabelProviderDefaultAgeBuilderAssert.java
- /home/platypus/Documents/testing_of_enterprise_applications/warnings-ng-plugin-devenv/warnings-ng-plugin/target/generated-test-sources/assertj-assertions/io/jenkins/plugins/analysis/core/model/SummaryAssert.java
- /home/platypus/Documents/testing_of_enterprise_applications/warnings-ng-plugin-devenv/warnings-ng-plugin/target/generated-test-sources/assertj-assertions/io/jenkins/plugins/analysis/core/model/TabLabelProviderAssert.java
- /home/platypus/Documents/testing_of_enterprise_applications/warnings-ng-plugin-devenv/warnings-ng-plugin/target/generated-test-sources/assertj-assertions/io/jenkins/plugins/analysis/core/model/ToolAssert.java
- /home/platypus/Documents/testing_of_enterprise_applications/warnings-ng-plugin-devenv/warnings-ng-plugin/target/generated-test-sources/assertj-assertions/io/jenkins/plugins/analysis/core/model/ToolSelectionAssert.java
- /home/platypus/Documents/testing_of_enterprise_applications/warnings-ng-plugin-devenv/warnings-ng-plugin/target/generated-test-sources/assertj-assertions/io/jenkins/plugins/analysis/core/model/ToolSelectionToolSelectionDescriptorAssert.java
- /home/platypus/Documents/testing_of_enterprise_applications/warnings-ng-plugin-devenv/warnings-ng-plugin/target/generated-test-sources/assertj-assertions/io/jenkins/plugins/analysis/core/model/ToolToolDescriptorAssert.java
- /home/platypus/Documents/testing_of_enterprise_applications/warnings-ng-plugin-devenv/warnings-ng-plugin/target/generated-test-sources/assertj-assertions/io/jenkins/plugins/analysis/core/scm/BlameFactoryAssert.java
- /home/platypus/Documents/testing_of_enterprise_applications/warnings-ng-plugin-devenv/warnings-ng-plugin/target/generated-test-sources/assertj-assertions/io/jenkins/plugins/analysis/core/scm/BlameRequestAssert.java
- /home/platypus/Documents/testing_of_enterprise_applications/warnings-ng-plugin-devenv/warnings-ng-plugin/target/generated-test-sources/assertj-assertions/io/jenkins/plugins/analysis/core/scm/BlamerAssert.java
- /home/platypus/Documents/testing_of_enterprise_applications/warnings-ng-plugin-devenv/warnings-ng-plugin/target/generated-test-sources/assertj-assertions/io/jenkins/plugins/analysis/core/scm/BlamesAssert.java
- /home/platypus/Documents/testing_of_enterprise_applications/warnings-ng-plugin-devenv/warnings-ng-plugin/target/generated-test-sources/assertj-assertions/io/jenkins/plugins/analysis/core/scm/NullBlamerAssert.java
- /home/platypus/Documents/testing_of_enterprise_applications/warnings-ng-plugin-devenv/warnings-ng-plugin/target/generated-test-sources/assertj-assertions/io/jenkins/plugins/analysis/core/util/AbsolutePathGeneratorAssert.java
- /home/platypus/Documents/testing_of_enterprise_applications/warnings-ng-plugin-devenv/warnings-ng-plugin/target/generated-test-sources/assertj-assertions/io/jenkins/plugins/analysis/core/util/AffectedFilesResolverAssert.java
- /home/platypus/Documents/testing_of_enterprise_applications/warnings-ng-plugin-devenv/warnings-ng-plugin/target/generated-test-sources/assertj-assertions/io/jenkins/plugins/analysis/core/util/AnalysisBuildAssert.java
- /home/platypus/Documents/testing_of_enterprise_applications/warnings-ng-plugin-devenv/warnings-ng-plugin/target/generated-test-sources/assertj-assertions/io/jenkins/plugins/analysis/core/util/AnalysisBuildResultAssert.java
- /home/platypus/Documents/testing_of_enterprise_applications/warnings-ng-plugin-devenv/warnings-ng-plugin/target/generated-test-sources/assertj-assertions/io/jenkins/plugins/analysis/core/util/ConsoleLogHandlerAssert.java
- /home/platypus/Documents/testing_of_enterprise_applications/warnings-ng-plugin-devenv/warnings-ng-plugin/target/generated-test-sources/assertj-assertions/io/jenkins/plugins/analysis/core/util/ConsoleLogReaderFactoryAssert.java
- /home/platypus/Documents/testing_of_enterprise_applications/warnings-ng-plugin-devenv/warnings-ng-plugin/target/generated-test-sources/assertj-assertions/io/jenkins/plugins/analysis/core/util/EnvironmentResolverAssert.java
- /home/platypus/Documents/testing_of_enterprise_applications/warnings-ng-plugin-devenv/warnings-ng-plugin/target/generated-test-sources/assertj-assertions/io/jenkins/plugins/analysis/core/util/FileFinderAssert.java
- /home/platypus/Documents/testing_of_enterprise_applications/warnings-ng-plugin-devenv/warnings-ng-plugin/target/generated-test-sources/assertj-assertions/io/jenkins/plugins/analysis/core/util/HealthDescriptorAssert.java
- /home/platypus/Documents/testing_of_enterprise_applications/warnings-ng-plugin-devenv/warnings-ng-plugin/target/generated-test-sources/assertj-assertions/io/jenkins/plugins/analysis/core/util/IssuesStatisticsAssert.java
- /home/platypus/Documents/testing_of_enterprise_applications/warnings-ng-plugin-devenv/warnings-ng-plugin/target/generated-test-sources/assertj-assertions/io/jenkins/plugins/analysis/core/util/IssuesStatisticsBuilderAssert.java
- /home/platypus/Documents/testing_of_enterprise_applications/warnings-ng-plugin-devenv/warnings-ng-plugin/target/generated-test-sources/assertj-assertions/io/jenkins/plugins/analysis/core/util/JenkinsFacadeAssert.java
- /home/platypus/Documents/testing_of_enterprise_applications/warnings-ng-plugin-devenv/warnings-ng-plugin/target/generated-test-sources/assertj-assertions/io/jenkins/plugins/analysis/core/util/LocalizedSeverityAssert.java
- /home/platypus/Documents/testing_of_enterprise_applications/warnings-ng-plugin-devenv/warnings-ng-plugin/target/generated-test-sources/assertj-assertions/io/jenkins/plugins/analysis/core/util/LogHandlerAssert.java
- /home/platypus/Documents/testing_of_enterprise_applications/warnings-ng-plugin-devenv/warnings-ng-plugin/target/generated-test-sources/assertj-assertions/io/jenkins/plugins/analysis/core/util/MessagesAssert.java
- /home/platypus/Documents/testing_of_enterprise_applications/warnings-ng-plugin-devenv/warnings-ng-plugin/target/generated-test-sources/assertj-assertions/io/jenkins/plugins/analysis/core/util/ModelValidationAssert.java
- /home/platypus/Documents/testing_of_enterprise_applications/warnings-ng-plugin-devenv/warnings-ng-plugin/target/generated-test-sources/assertj-assertions/io/jenkins/plugins/analysis/core/util/QualityGateAssert.java
- /home/platypus/Documents/testing_of_enterprise_applications/warnings-ng-plugin-devenv/warnings-ng-plugin/target/generated-test-sources/assertj-assertions/io/jenkins/plugins/analysis/core/util/QualityGateEvaluatorAssert.java
- /home/platypus/Documents/testing_of_enterprise_applications/warnings-ng-plugin-devenv/warnings-ng-plugin/target/generated-test-sources/assertj-assertions/io/jenkins/plugins/analysis/core/util/QualityGateEvaluatorFormattedLoggerAssert.java
- /home/platypus/Documents/testing_of_enterprise_applications/warnings-ng-plugin-devenv/warnings-ng-plugin/target/generated-test-sources/assertj-assertions/io/jenkins/plugins/analysis/core/util/QualityGateQualityGateDescriptorAssert.java
- /home/platypus/Documents/testing_of_enterprise_applications/warnings-ng-plugin-devenv/warnings-ng-plugin/target/generated-test-sources/assertj-assertions/io/jenkins/plugins/analysis/core/util/QualityGateQualityGateResultAssert.java
- /home/platypus/Documents/testing_of_enterprise_applications/warnings-ng-plugin-devenv/warnings-ng-plugin/target/generated-test-sources/assertj-assertions/io/jenkins/plugins/analysis/core/util/QualityGateQualityGateTypeAssert.java
- /home/platypus/Documents/testing_of_enterprise_applications/warnings-ng-plugin-devenv/warnings-ng-plugin/target/generated-test-sources/assertj-assertions/io/jenkins/plugins/analysis/core/util/QualityGateStatusAssert.java
- /home/platypus/Documents/testing_of_enterprise_applications/warnings-ng-plugin-devenv/warnings-ng-plugin/target/generated-test-sources/assertj-assertions/io/jenkins/plugins/analysis/core/util/SanitizerAssert.java
- /home/platypus/Documents/testing_of_enterprise_applications/warnings-ng-plugin-devenv/warnings-ng-plugin/target/generated-test-sources/assertj-assertions/io/jenkins/plugins/analysis/core/util/StaticAnalysisRunAssert.java

Assertions entry point class has been generated in file:
- /home/platypus/Documents/testing_of_enterprise_applications/warnings-ng-plugin-devenv/warnings-ng-plugin/target/generated-test-sources/assertj-assertions/io/jenkins/plugins/analysis/core/assertions/Assertions.java

SoftAssertions entry point class has been generated in file:
- /home/platypus/Documents/testing_of_enterprise_applications/warnings-ng-plugin-devenv/warnings-ng-plugin/target/generated-test-sources/assertj-assertions/io/jenkins/plugins/analysis/core/assertions/SoftAssertions.java

[INFO]
[INFO] --- maven-antrun-plugin:1.3:run (createTempDir) @ warnings-ng ---
[INFO] Executing tasks
[INFO] Executed tasks
[INFO]
[INFO] --- maven-resources-plugin:3.0.2:testResources (default-testResources) @ warnings-ng ---
[INFO] Using 'UTF-8' encoding to copy filtered resources.
[INFO] Copying 239 resources
[INFO]
[INFO] --- maven-compiler-plugin:3.8.0:testCompile (default-testCompile) @ warnings-ng ---
[INFO] Changes detected - recompiling the module!
[INFO] Compiling 179 source files to /home/platypus/Documents/testing_of_enterprise_applications/warnings-ng-plugin-devenv/warnings-ng-plugin/target/test-classes
[WARNING] /home/platypus/Documents/testing_of_enterprise_applications/warnings-ng-plugin-devenv/warnings-ng-plugin/src/test/java/io/jenkins/plugins/analysis/core/scm/GitCheckerTest.java:[48,48] unchecked method invocation: method thenReturn in interface org.mockito.stubbing.OngoingStubbing is applied to given types
  required: T
  found: hudson.util.DescribableList
[WARNING] /home/platypus/Documents/testing_of_enterprise_applications/warnings-ng-plugin-devenv/warnings-ng-plugin/src/test/java/io/jenkins/plugins/analysis/core/scm/GitCheckerTest.java:[48,49] unchecked conversion
  required: T
  found:    hudson.util.DescribableList
[WARNING] /home/platypus/Documents/testing_of_enterprise_applications/warnings-ng-plugin-devenv/warnings-ng-plugin/src/test/java/io/jenkins/plugins/analysis/core/scm/GitCheckerTest.java:[74,49] unchecked call to DescribableList(hudson.model.Saveable,java.util.Collection<? extends T>) as a member of the raw type hudson.util.DescribableList
[WARNING] /home/platypus/Documents/testing_of_enterprise_applications/warnings-ng-plugin-devenv/warnings-ng-plugin/src/test/java/io/jenkins/plugins/analysis/core/scm/GitCheckerTest.java:[74,48] unchecked method invocation: method thenReturn in interface org.mockito.stubbing.OngoingStubbing is applied to given types
  required: T
  found: hudson.util.DescribableList
[WARNING] /home/platypus/Documents/testing_of_enterprise_applications/warnings-ng-plugin-devenv/warnings-ng-plugin/src/test/java/io/jenkins/plugins/analysis/core/scm/GitCheckerTest.java:[74,49] unchecked conversion
  required: T
  found:    hudson.util.DescribableList
[INFO]
[INFO] --- maven-hpi-plugin:2.7:test-hpl (default-test-hpl) @ warnings-ng ---
[INFO] Generating /home/platypus/Documents/testing_of_enterprise_applications/warnings-ng-plugin-devenv/warnings-ng-plugin/target/test-classes/the.hpl
[INFO]
[INFO] --- maven-hpi-plugin:2.7:resolve-test-dependencies (default-resolve-test-dependencies) @ warnings-ng ---
[INFO]
[INFO] --- gmaven-plugin:1.5-jenkins-3:testCompile (test-in-groovy) @ warnings-ng ---
[INFO] No sources found to compile
[INFO]
[INFO] --- maven-surefire-plugin:3.0.0-M3:test (default-test) @ warnings-ng ---
[INFO]
[INFO] -------------------------------------------------------
[INFO]  T E S T S
[INFO] -------------------------------------------------------
[INFO] Running io.jenkins.plugins.analysis.core.charts.CompositeResultTest
[INFO] Tests run: 3, Failures: 0, Errors: 0, Skipped: 0, Time elapsed: 1.036 s - in io.jenkins.plugins.analysis.core.charts.CompositeResultTest
[INFO] Running io.jenkins.plugins.analysis.core.charts.HealthSeriesBuilderTest
[INFO] Tests run: 8, Failures: 0, Errors: 0, Skipped: 0, Time elapsed: 0.317 s - in io.jenkins.plugins.analysis.core.charts.HealthSeriesBuilderTest
[INFO] Running io.jenkins.plugins.analysis.core.charts.LineSeriesTest
[INFO] Tests run: 5, Failures: 0, Errors: 0, Skipped: 0, Time elapsed: 0.286 s - in io.jenkins.plugins.analysis.core.charts.LineSeriesTest
[INFO] Running io.jenkins.plugins.analysis.core.charts.LinesChartModelTest
[INFO] Tests run: 1, Failures: 0, Errors: 0, Skipped: 0, Time elapsed: 0.001 s - in io.jenkins.plugins.analysis.core.charts.LinesChartModelTest
[INFO] Running io.jenkins.plugins.analysis.core.charts.MultiMapTest
[INFO] Tests run: 1, Failures: 0, Errors: 0, Skipped: 0, Time elapsed: 0.139 s - in io.jenkins.plugins.analysis.core.charts.MultiMapTest
[INFO] Running io.jenkins.plugins.analysis.core.charts.PieDataTest
[INFO] Tests run: 1, Failures: 0, Errors: 0, Skipped: 0, Time elapsed: 0.001 s - in io.jenkins.plugins.analysis.core.charts.PieDataTest
[INFO] Running io.jenkins.plugins.analysis.core.charts.ResultTimeTest
[INFO] Tests run: 2, Failures: 0, Errors: 0, Skipped: 0, Time elapsed: 0.071 s - in io.jenkins.plugins.analysis.core.charts.ResultTimeTest
[INFO] Running io.jenkins.plugins.analysis.core.charts.SeriesBuilderTest
[INFO] Tests run: 11, Failures: 0, Errors: 0, Skipped: 0, Time elapsed: 0.228 s - in io.jenkins.plugins.analysis.core.charts.SeriesBuilderTest
[INFO] Running io.jenkins.plugins.analysis.core.charts.SeveritySeriesBuilderTest
[INFO] Tests run: 2, Failures: 0, Errors: 0, Skipped: 0, Time elapsed: 0.028 s - in io.jenkins.plugins.analysis.core.charts.SeveritySeriesBuilderTest
[INFO] Running io.jenkins.plugins.analysis.core.charts.SeverityTrendChartTest
[INFO] Tests run: 3, Failures: 0, Errors: 0, Skipped: 0, Time elapsed: 0.036 s - in io.jenkins.plugins.analysis.core.charts.SeverityTrendChartTest
[INFO] Running io.jenkins.plugins.analysis.core.charts.ToolsTrendChartTest
[INFO] Tests run: 1, Failures: 0, Errors: 0, Skipped: 0, Time elapsed: 0.006 s - in io.jenkins.plugins.analysis.core.charts.ToolsTrendChartTest
[INFO] Running io.jenkins.plugins.analysis.core.columns.IssuesTotalColumnTest
[INFO] Tests run: 5, Failures: 0, Errors: 0, Skipped: 0, Time elapsed: 0.662 s - in io.jenkins.plugins.analysis.core.columns.IssuesTotalColumnTest
[INFO] Running io.jenkins.plugins.analysis.core.filter.RegexpFilterTest
[INFO] Tests run: 14, Failures: 0, Errors: 0, Skipped: 0, Time elapsed: 0.127 s - in io.jenkins.plugins.analysis.core.filter.RegexpFilterTest
[INFO] Running io.jenkins.plugins.analysis.core.model.AnalysisHistoryTest
[INFO] Tests run: 35, Failures: 0, Errors: 0, Skipped: 0, Time elapsed: 0.611 s - in io.jenkins.plugins.analysis.core.model.AnalysisHistoryTest
[INFO] Running io.jenkins.plugins.analysis.core.model.ByIdResultSelectorTest
[INFO] Tests run: 6, Failures: 0, Errors: 0, Skipped: 0, Time elapsed: 0.002 s - in io.jenkins.plugins.analysis.core.model.ByIdResultSelectorTest
[INFO] Running io.jenkins.plugins.analysis.core.model.ConsoleDetailTest
[INFO] Tests run: 4, Failures: 0, Errors: 0, Skipped: 0, Time elapsed: 0.007 s - in io.jenkins.plugins.analysis.core.model.ConsoleDetailTest
[INFO] Running io.jenkins.plugins.analysis.core.model.DetailFactoryTest
[INFO] Tests run: 13, Failures: 0, Errors: 0, Skipped: 0, Time elapsed: 0.23 s - in io.jenkins.plugins.analysis.core.model.DetailFactoryTest
[INFO] Running io.jenkins.plugins.analysis.core.model.DetailsTableModelTest
[INFO] Tests run: 2, Failures: 0, Errors: 0, Skipped: 0, Time elapsed: 0.097 s - in io.jenkins.plugins.analysis.core.model.DetailsTableModelTest
[INFO] Running io.jenkins.plugins.analysis.core.model.FileNameRendererTest
[INFO] Tests run: 4, Failures: 0, Errors: 0, Skipped: 0, Time elapsed: 0 s - in io.jenkins.plugins.analysis.core.model.FileNameRendererTest
[INFO] Running io.jenkins.plugins.analysis.core.model.HealthDescriptorTest
[INFO] Tests run: 1, Failures: 0, Errors: 0, Skipped: 0, Time elapsed: 0 s - in io.jenkins.plugins.analysis.core.model.HealthDescriptorTest
[INFO] Running io.jenkins.plugins.analysis.core.model.HealthReportBuilderTest
[INFO] Tests run: 10, Failures: 0, Errors: 0, Skipped: 0, Time elapsed: 0.009 s - in io.jenkins.plugins.analysis.core.model.HealthReportBuilderTest
[INFO] Running io.jenkins.plugins.analysis.core.model.PropertyStatisticsTest
[INFO] Tests run: 28, Failures: 0, Errors: 0, Skipped: 0, Time elapsed: 0.016 s - in io.jenkins.plugins.analysis.core.model.PropertyStatisticsTest
[INFO] Running io.jenkins.plugins.analysis.core.model.ResetQualityGateCommandTest
[INFO] Tests run: 7, Failures: 0, Errors: 0, Skipped: 0, Time elapsed: 0.239 s - in io.jenkins.plugins.analysis.core.model.ResetQualityGateCommandTest
[INFO] Running io.jenkins.plugins.analysis.core.model.ResultActionTest
[INFO] Tests run: 2, Failures: 0, Errors: 0, Skipped: 0, Time elapsed: 0.028 s - in io.jenkins.plugins.analysis.core.model.ResultActionTest
[INFO] Running io.jenkins.plugins.analysis.core.model.SourcePrinterTest
[INFO] Tests run: 6, Failures: 0, Errors: 0, Skipped: 0, Time elapsed: 0.129 s - in io.jenkins.plugins.analysis.core.model.SourcePrinterTest
[INFO] Running io.jenkins.plugins.analysis.core.model.StaticAnalysisLabelProviderTest
[INFO] Tests run: 6, Failures: 0, Errors: 0, Skipped: 0, Time elapsed: 0.001 s - in io.jenkins.plugins.analysis.core.model.StaticAnalysisLabelProviderTest
[INFO] Running io.jenkins.plugins.analysis.core.model.StaticAnalysisToolSuiteTest
[INFO] Tests run: 3, Failures: 0, Errors: 0, Skipped: 0, Time elapsed: 0.011 s - in io.jenkins.plugins.analysis.core.model.StaticAnalysisToolSuiteTest
[INFO] Running io.jenkins.plugins.analysis.core.model.SummaryTest
[INFO] Tests run: 19, Failures: 0, Errors: 0, Skipped: 0, Time elapsed: 0.265 s - in io.jenkins.plugins.analysis.core.model.SummaryTest
[INFO] Running io.jenkins.plugins.analysis.core.portlets.IssuesTablePortletTest
[INFO] Tests run: 10, Failures: 0, Errors: 0, Skipped: 0, Time elapsed: 0.142 s - in io.jenkins.plugins.analysis.core.portlets.IssuesTablePortletTest
[INFO] Running io.jenkins.plugins.analysis.core.scm.BlameRequestTest
[INFO] Tests run: 3, Failures: 0, Errors: 0, Skipped: 0, Time elapsed: 0.009 s - in io.jenkins.plugins.analysis.core.scm.BlameRequestTest
[INFO] Running io.jenkins.plugins.analysis.core.scm.BlamesTest
[INFO] Tests run: 7, Failures: 0, Errors: 0, Skipped: 0, Time elapsed: 0.021 s - in io.jenkins.plugins.analysis.core.scm.BlamesTest
[INFO] Running io.jenkins.plugins.analysis.core.scm.GitBlameRunnerTest
[INFO] Tests run: 4, Failures: 0, Errors: 0, Skipped: 0, Time elapsed: 0.164 s - in io.jenkins.plugins.analysis.core.scm.GitBlameRunnerTest
[INFO] Running io.jenkins.plugins.analysis.core.scm.GitCheckerTest
[INFO] Tests run: 4, Failures: 0, Errors: 0, Skipped: 0, Time elapsed: 0.35 s - in io.jenkins.plugins.analysis.core.scm.GitCheckerTest
[INFO] Running io.jenkins.plugins.analysis.core.steps.AnnotatedReportTest
[INFO] Tests run: 1, Failures: 0, Errors: 0, Skipped: 0, Time elapsed: 0.001 s - in io.jenkins.plugins.analysis.core.steps.AnnotatedReportTest
[INFO] Running io.jenkins.plugins.analysis.core.tokens.IssuesSizeTokenMacroTest
[INFO] Tests run: 3, Failures: 0, Errors: 0, Skipped: 0, Time elapsed: 0.149 s - in io.jenkins.plugins.analysis.core.tokens.IssuesSizeTokenMacroTest
[INFO] Running io.jenkins.plugins.analysis.core.util.AbsolutePathGeneratorTest
[INFO] Tests run: 10, Failures: 0, Errors: 0, Skipped: 0, Time elapsed: 0.044 s - in io.jenkins.plugins.analysis.core.util.AbsolutePathGeneratorTest
[INFO] Running io.jenkins.plugins.analysis.core.util.AffectedFilesResolverTest
[INFO] Tests run: 3, Failures: 0, Errors: 0, Skipped: 0, Time elapsed: 0.087 s - in io.jenkins.plugins.analysis.core.util.AffectedFilesResolverTest
[INFO] Running io.jenkins.plugins.analysis.core.util.EnvironmentResolverTest
[INFO] Tests run: 11, Failures: 0, Errors: 0, Skipped: 0, Time elapsed: 0.005 s - in io.jenkins.plugins.analysis.core.util.EnvironmentResolverTest
[INFO] Running io.jenkins.plugins.analysis.core.util.LocalizedSeverityTest
[INFO] Tests run: 2, Failures: 0, Errors: 0, Skipped: 0, Time elapsed: 0.005 s - in io.jenkins.plugins.analysis.core.util.LocalizedSeverityTest
[INFO] Running io.jenkins.plugins.analysis.core.util.ModelValidationTest
[INFO] Tests run: 11, Failures: 0, Errors: 0, Skipped: 0, Time elapsed: 1.025 s - in io.jenkins.plugins.analysis.core.util.ModelValidationTest
[INFO] Running io.jenkins.plugins.analysis.core.util.QualityGateEvaluatorTest
[INFO] Tests run: 6, Failures: 0, Errors: 0, Skipped: 0, Time elapsed: 0 s - in io.jenkins.plugins.analysis.core.util.QualityGateEvaluatorTest
[INFO] Running io.jenkins.plugins.analysis.core.util.QualityGateStatusTest
[INFO] Tests run: 3, Failures: 0, Errors: 0, Skipped: 0, Time elapsed: 0.003 s - in io.jenkins.plugins.analysis.core.util.QualityGateStatusTest
[INFO] Running io.jenkins.plugins.analysis.core.util.QualityGateTest
[INFO] Tests run: 2, Failures: 0, Errors: 0, Skipped: 0, Time elapsed: 0.001 s - in io.jenkins.plugins.analysis.core.util.QualityGateTest
[INFO] Running io.jenkins.plugins.analysis.core.util.ToolLoggerTest
[INFO] Tests run: 1, Failures: 0, Errors: 0, Skipped: 0, Time elapsed: 0.014 s - in io.jenkins.plugins.analysis.core.util.ToolLoggerTest
[INFO] Running io.jenkins.plugins.analysis.warnings.DryTableModelTest
[INFO] Tests run: 1, Failures: 0, Errors: 0, Skipped: 0, Time elapsed: 0.001 s - in io.jenkins.plugins.analysis.warnings.DryTableModelTest
[INFO] Running io.jenkins.plugins.analysis.warnings.DryThresholdValidationTest
[INFO] Tests run: 8, Failures: 0, Errors: 0, Skipped: 0, Time elapsed: 0.009 s - in io.jenkins.plugins.analysis.warnings.DryThresholdValidationTest
[INFO] Running io.jenkins.plugins.analysis.warnings.FindBugsMessagesTest
[INFO] Tests run: 7, Failures: 0, Errors: 0, Skipped: 0, Time elapsed: 0.745 s - in io.jenkins.plugins.analysis.warnings.FindBugsMessagesTest
[INFO] Running io.jenkins.plugins.analysis.warnings.PmdMessagesTest
[INFO] Tests run: 1, Failures: 0, Errors: 0, Skipped: 0, Time elapsed: 0.746 s - in io.jenkins.plugins.analysis.warnings.PmdMessagesTest
[INFO] Running io.jenkins.plugins.analysis.warnings.PyLintTest
[INFO] Tests run: 1, Failures: 0, Errors: 0, Skipped: 0, Time elapsed: 0.139 s - in io.jenkins.plugins.analysis.warnings.PyLintTest
[INFO] Running io.jenkins.plugins.analysis.warnings.axivion.AxivionParserTest
[INFO] Tests run: 7, Failures: 0, Errors: 0, Skipped: 0, Time elapsed: 0.119 s - in io.jenkins.plugins.analysis.warnings.axivion.AxivionParserTest
[INFO] Running io.jenkins.plugins.analysis.warnings.checkstyle.CheckStyleRulesTest
[INFO] Tests run: 1, Failures: 0, Errors: 0, Skipped: 0, Time elapsed: 3.327 s - in io.jenkins.plugins.analysis.warnings.checkstyle.CheckStyleRulesTest
[INFO] Running io.jenkins.plugins.analysis.warnings.groovy.DynamicDocumentParserTest
[INFO] Tests run: 2, Failures: 0, Errors: 0, Skipped: 0, Time elapsed: 1.315 s - in io.jenkins.plugins.analysis.warnings.groovy.DynamicDocumentParserTest
[INFO] Running io.jenkins.plugins.analysis.warnings.groovy.DynamicLineParserTest
[INFO] Tests run: 3, Failures: 0, Errors: 0, Skipped: 0, Time elapsed: 0.177 s - in io.jenkins.plugins.analysis.warnings.groovy.DynamicLineParserTest
[INFO] Running io.jenkins.plugins.analysis.warnings.groovy.GroovyExpressionMatcherTest
[INFO] Tests run: 6, Failures: 0, Errors: 0, Skipped: 0, Time elapsed: 0.109 s - in io.jenkins.plugins.analysis.warnings.groovy.GroovyExpressionMatcherTest
[INFO] Running io.jenkins.plugins.analysis.warnings.groovy.GroovyParserTest
[INFO] Tests run: 13, Failures: 0, Errors: 0, Skipped: 0, Time elapsed: 0.278 s - in io.jenkins.plugins.analysis.warnings.groovy.GroovyParserTest
[INFO] Running io.jenkins.plugins.analysis.warnings.groovy.GroovyParserToolAdapterTest
[INFO] Tests run: 1, Failures: 0, Errors: 0, Skipped: 0, Time elapsed: 0.002 s - in io.jenkins.plugins.analysis.warnings.groovy.GroovyParserToolAdapterTest
[INFO] Running io.jenkins.plugins.analysis.warnings.tasks.AgentScannerTest
[INFO] Tests run: 2, Failures: 0, Errors: 0, Skipped: 0, Time elapsed: 0.081 s - in io.jenkins.plugins.analysis.warnings.tasks.AgentScannerTest
[INFO] Running io.jenkins.plugins.analysis.warnings.tasks.TaskScannerTest
[INFO] Tests run: 15, Failures: 0, Errors: 0, Skipped: 0, Time elapsed: 0 s - in io.jenkins.plugins.analysis.warnings.tasks.TaskScannerTest
[INFO] Running PackageArchitectureTest
[INFO] Tests run: 1, Failures: 0, Errors: 0, Skipped: 0, Time elapsed: 4.102 s - in PackageArchitectureTest
[INFO] Running PluginArchitectureTest
[INFO] Tests run: 7, Failures: 0, Errors: 0, Skipped: 0, Time elapsed: 4.003 s - in PluginArchitectureTest
[INFO]
[INFO] Results:
[INFO]
[INFO] Tests run: 360, Failures: 0, Errors: 0, Skipped: 0
[INFO]
[INFO]
[INFO] --- maven-license-plugin:1.7:process (default) @ warnings-ng ---
[INFO] Generated /home/platypus/Documents/testing_of_enterprise_applications/warnings-ng-plugin-devenv/warnings-ng-plugin/target/warnings-ng/WEB-INF/licenses.xml
[INFO]
[INFO] --- maven-hpi-plugin:2.7:hpi (default-hpi) @ warnings-ng ---
[INFO] Generating /home/platypus/Documents/testing_of_enterprise_applications/warnings-ng-plugin-devenv/warnings-ng-plugin/target/warnings-ng/META-INF/MANIFEST.MF
[INFO] Checking for attached .jar artifact ...
[INFO] Generating jar /home/platypus/Documents/testing_of_enterprise_applications/warnings-ng-plugin-devenv/warnings-ng-plugin/target/warnings-ng.jar
[INFO] Building jar: /home/platypus/Documents/testing_of_enterprise_applications/warnings-ng-plugin-devenv/warnings-ng-plugin/target/warnings-ng.jar
[INFO] Exploding webapp...
[INFO] Copy webapp webResources to /home/platypus/Documents/testing_of_enterprise_applications/warnings-ng-plugin-devenv/warnings-ng-plugin/target/warnings-ng
[INFO] Assembling webapp warnings-ng in /home/platypus/Documents/testing_of_enterprise_applications/warnings-ng-plugin-devenv/warnings-ng-plugin/target/warnings-ng
[INFO] Generating hpi /home/platypus/Documents/testing_of_enterprise_applications/warnings-ng-plugin-devenv/warnings-ng-plugin/target/warnings-ng.hpi
[INFO] Building jar: /home/platypus/Documents/testing_of_enterprise_applications/warnings-ng-plugin-devenv/warnings-ng-plugin/target/warnings-ng.hpi
[INFO]
[INFO] --- maven-jar-plugin:3.1.1:test-jar (maybe-test-jar) @ warnings-ng ---
[INFO] Skipping packaging of the test-jar
[INFO]
[INFO] --- maven-failsafe-plugin:3.0.0-M3:integration-test (default) @ warnings-ng ---
[INFO] Tests are skipped.
[INFO]
[INFO] --- maven-failsafe-plugin:3.0.0-M3:verify (default) @ warnings-ng ---
[INFO] Tests are skipped.
[INFO]
[INFO] --- maven-checkstyle-plugin:3.0.0:checkstyle (run-checkstyle) @ warnings-ng ---
[WARNING] Unable to locate Source XRef to link to - DISABLED
[INFO]
[INFO] --- maven-pmd-plugin:3.11.0:pmd (run-pmd) @ warnings-ng ---
[WARNING] Unable to locate Source XRef to link to - DISABLED
[WARNING] Unable to locate Source XRef to link to - DISABLED
[WARNING] Unable to locate Source XRef to link to - DISABLED
[WARNING] Unable to locate Source XRef to link to - DISABLED
[WARNING] Unable to locate Source XRef to link to - DISABLED
[WARNING] Unable to locate Source XRef to link to - DISABLED
[WARNING] Unable to locate Source XRef to link to - DISABLED
[INFO]
[INFO] --- maven-pmd-plugin:3.11.0:cpd (run-pmd) @ warnings-ng ---
[WARNING] Unable to locate Source XRef to link to - DISABLED
[WARNING] Unable to locate Source XRef to link to - DISABLED
[WARNING] Unable to locate Source XRef to link to - DISABLED
[WARNING] Unable to locate Source XRef to link to - DISABLED
[WARNING] Unable to locate Source XRef to link to - DISABLED
[WARNING] Unable to locate Source XRef to link to - DISABLED
[WARNING] Unable to locate Source XRef to link to - DISABLED
[INFO]
[INFO] --- spotbugs-maven-plugin:3.1.11:spotbugs (run-spotbugs) @ warnings-ng ---
[INFO] Fork Value is true
[INFO] Done SpotBugs Analysis....
[INFO]
[INFO] --- revapi-maven-plugin:0.11.0:check (run-revapi) @ warnings-ng ---
Downloading from repo.jenkins-ci.org: http://repo.jenkins-ci.org/public/io/jenkins/tools/revapi-hpi-extractor/1.0.1/revapi-hpi-extractor-1.0.1.pom
Downloaded from repo.jenkins-ci.org: http://repo.jenkins-ci.org/public/io/jenkins/tools/revapi-hpi-extractor/1.0.1/revapi-hpi-extractor-1.0.1.pom (3.0 kB at 10 kB/s)
Downloading from repo.jenkins-ci.org: http://repo.jenkins-ci.org/public/io/jenkins/tools/revapi-hpi-extractor/1.0.1/revapi-hpi-extractor-1.0.1.jar
Downloaded from repo.jenkins-ci.org: http://repo.jenkins-ci.org/public/io/jenkins/tools/revapi-hpi-extractor/1.0.1/revapi-hpi-extractor-1.0.1.jar (7.0 kB at 23 kB/s)
Downloading from repo.jenkins-ci.org: http://repo.jenkins-ci.org/public/io/jenkins/plugins/warnings-ng/maven-metadata.xml
Downloading from central: https://repo.maven.apache.org/maven2/io/jenkins/plugins/warnings-ng/maven-metadata.xml
Downloaded from repo.jenkins-ci.org: http://repo.jenkins-ci.org/public/io/jenkins/plugins/warnings-ng/maven-metadata.xml (1.0 kB at 1.1 kB/s)
[INFO] Comparing [io.jenkins.plugins:warnings-ng:hpi:4.0.0] against [io.jenkins.plugins:warnings-ng:hpi:5.0.0-SNAPSHOT] (including their transitive dependencies).
[INFO] API checks completed without failures.
[INFO]
[INFO] --- maven-install-plugin:2.5.2:install (default-install) @ warnings-ng ---
[INFO] Installing /home/platypus/Documents/testing_of_enterprise_applications/warnings-ng-plugin-devenv/warnings-ng-plugin/target/warnings-ng.hpi to /home/platypus/.m2/repository/io/jenkins/plugins/warnings-ng/5.0.0-SNAPSHOT/warnings-ng-5.0.0-SNAPSHOT.hpi
[INFO] Installing /home/platypus/Documents/testing_of_enterprise_applications/warnings-ng-plugin-devenv/warnings-ng-plugin/pom.xml to /home/platypus/.m2/repository/io/jenkins/plugins/warnings-ng/5.0.0-SNAPSHOT/warnings-ng-5.0.0-SNAPSHOT.pom
[INFO] Installing /home/platypus/Documents/testing_of_enterprise_applications/warnings-ng-plugin-devenv/warnings-ng-plugin/target/warnings-ng.jar to /home/platypus/.m2/repository/io/jenkins/plugins/warnings-ng/5.0.0-SNAPSHOT/warnings-ng-5.0.0-SNAPSHOT.jar
[INFO] ------------------------------------------------------------------------
[INFO] BUILD SUCCESS
[INFO] ------------------------------------------------------------------------
[INFO] Total time:  02:38 min
[INFO] Finished at: 2019-04-28T10:26:41+02:00
[INFO] ------------------------------------------------------------------------
Installing plugin in ../docker/volumes/jenkins-home
'target/warnings-ng.hpi' -> '../docker/volumes/jenkins-home/plugins/warnings-ng.jpi'
Restarting Jenkins...
Restarting warnings-ng-plugin-devenv_java-agent_1     ... done
Restarting warnings-ng-plugin-devenv_nginx-proxy_1    ... done
Restarting warnings-ng-plugin-devenv_jenkins-master_1 ... done